#
# There is insufficient memory for the Java Runtime Environment to continue.
# Native memory allocation (malloc) failed to allocate 1314576 bytes. Error detail: Chunk::new
# Possible reasons:
#   The system is out of physical RAM or swap space
#   This process is running with CompressedOops enabled, and the Java Heap may be blocking the growth of the native heap
# Possible solutions:
#   Reduce memory load on the system
#   Increase physical memory or swap space
#   Check if swap backing store is full
#   Decrease Java heap size (-Xmx/-Xms)
#   Decrease number of Java threads
#   Decrease Java thread stack sizes (-Xss)
#   Set larger code cache with -XX:ReservedCodeCacheSize=
#   JVM is running with Unscaled Compressed Oops mode in which the Java heap is
#     placed in the first 4GB address space. The Java Heap base address is the
#     maximum limit for the native heap growth. Please use -XX:HeapBaseMinAddress
#     to set the Java Heap base and to place the Java Heap above 4GB virtual address.
# This output file may be truncated or incomplete.
#
#  Out of Memory Error (arena.cpp:168), pid=4236, tid=22380
#
# JRE version: OpenJDK Runtime Environment Temurin-21.0.6+7 (21.0.6+7) (build 21.0.6+7-LTS)
# Java VM: OpenJDK 64-Bit Server VM Temurin-21.0.6+7 (21.0.6+7-LTS, mixed mode, sharing, tiered, compressed oops, compressed class ptrs, parallel gc, windows-amd64)
# No core dump will be written. Minidumps are not enabled by default on client versions of Windows
#

---------------  S U M M A R Y ------------

Command Line: --add-modules=ALL-SYSTEM --add-opens=java.base/java.util=ALL-UNNAMED --add-opens=java.base/java.lang=ALL-UNNAMED --add-opens=java.base/sun.nio.fs=ALL-UNNAMED -Declipse.application=org.eclipse.jdt.ls.core.id1 -Dosgi.bundles.defaultStartLevel=4 -Declipse.product=org.eclipse.jdt.ls.core.product -Djava.import.generatesMetadataFilesAtProjectRoot=false -DDetectVMInstallationsJob.disabled=true -Dfile.encoding=utf8 -XX:+UseParallelGC -XX:GCTimeRatio=4 -XX:AdaptiveSizePolicyWeight=90 -Dsun.zip.disableMemoryMapping=true -Xmx1G -Xms100m -Xlog:disable -javaagent:c:\Users\siamt\.vscode\extensions\redhat.java-1.41.1-win32-x64\lombok\lombok-1.18.36.jar -XX:+HeapDumpOnOutOfMemoryError -XX:HeapDumpPath=c:\Users\siamt\AppData\Roaming\Code\User\workspaceStorage\dd7394eb05b73c83b8f0941483c434cb\redhat.java -Daether.dependencyCollector.impl=bf c:\Users\siamt\.vscode\extensions\redhat.java-1.41.1-win32-x64\server\plugins\org.eclipse.equinox.launcher_1.7.0.v20250331-1702.jar -configuration c:\Users\siamt\AppData\Roaming\Code\User\globalStorage\redhat.java\1.41.1\config_win -data c:\Users\siamt\AppData\Roaming\Code\User\workspaceStorage\dd7394eb05b73c83b8f0941483c434cb\redhat.java\jdt_ws --pipe=\\.\pipe\lsp-baf032adf13cb9e53a103d0f7868e727-sock

Host: 11th Gen Intel(R) Core(TM) i5-1135G7 @ 2.40GHz, 8 cores, 7G,  Windows 10 , 64 bit Build 19041 (10.0.19041.5678)
Time: Sun Apr 20 20:34:18 2025 Bangladesh Standard Time elapsed time: 629.955982 seconds (0d 0h 10m 29s)

---------------  T H R E A D  ---------------

Current thread (0x0000017ef07c31e0):  JavaThread "C2 CompilerThread0" daemon [_thread_in_native, id=22380, stack(0x00000007c8700000,0x00000007c8800000) (1024K)]


Current CompileTask:
C2:629956 23361   !   4       org.eclipse.jdt.internal.core.NameLookup::<init> (805 bytes)

Stack: [0x00000007c8700000,0x00000007c8800000]
Native frames: (J=compiled Java code, j=interpreted, Vv=VM code, C=native code)
V  [jvm.dll+0x6cdee9]
V  [jvm.dll+0x8a83d1]
V  [jvm.dll+0x8aa8fe]
V  [jvm.dll+0x8aafe3]
V  [jvm.dll+0x27f706]
V  [jvm.dll+0xc500d]
V  [jvm.dll+0xc5543]
V  [jvm.dll+0x3b6752]
V  [jvm.dll+0x382935]
V  [jvm.dll+0x381d9a]
V  [jvm.dll+0x2479f0]
V  [jvm.dll+0x246fcf]
V  [jvm.dll+0x1c75ee]
V  [jvm.dll+0x25685a]
V  [jvm.dll+0x254dfa]
V  [jvm.dll+0x3f0256]
V  [jvm.dll+0x851f8b]
V  [jvm.dll+0x6cc5ed]
C  [ucrtbase.dll+0x21bb2]
C  [KERNEL32.DLL+0x17374]
C  [ntdll.dll+0x4cc91]


---------------  P R O C E S S  ---------------

Threads class SMR info:
_java_thread_list=0x0000017ef92e95c0, length=55, elements={
0x0000017eda0afdf0, 0x0000017ef07b6440, 0x0000017ef07b7e30, 0x0000017ef07baab0,
0x0000017ef07bdac0, 0x0000017ef07c1780, 0x0000017ef07c22c0, 0x0000017ef07c31e0,
0x0000017ef07fcfb0, 0x0000017ef22627b0, 0x0000017ef24d0230, 0x0000017ef2b6c5b0,
0x0000017ef2b50840, 0x0000017ef2cf1f40, 0x0000017ef2cf2d80, 0x0000017ef7320720,
0x0000017ef75a5f90, 0x0000017ef2a716e0, 0x0000017ef2a73120, 0x0000017ef2a70330,
0x0000017ef2a71d70, 0x0000017ef2a72400, 0x0000017ef86fbfe0, 0x0000017ef86fac30,
0x0000017ef86f8b60, 0x0000017ef86fa5a0, 0x0000017ef86f9f10, 0x0000017ef86fb2c0,
0x0000017ef86f9880, 0x0000017ef86fb950, 0x0000017ef7ca5c60, 0x0000017ef7ca2e70,
0x0000017ef7ca55d0, 0x0000017efa5b2800, 0x0000017efa7a0210, 0x0000017efa7a2970,
0x0000017efa7a08a0, 0x0000017efa7a1c50, 0x0000017efa5b4240, 0x0000017efa5adfd0,
0x0000017efa5ae660, 0x0000017efa5b48d0, 0x0000017ef7ca0da0, 0x0000017ef7ca2150,
0x0000017ef7ca62f0, 0x0000017ef7c9f9f0, 0x0000017efa7a50d0, 0x0000017efa7a6480,
0x0000017efa7a6b10, 0x0000017ef7ca3b90, 0x0000017ef7ca1430, 0x0000017ef7ca27e0,
0x0000017ef2a709c0, 0x0000017ef2a71050, 0x0000017efa5b1ae0
}

Java Threads: ( => current thread )
  0x0000017eda0afdf0 JavaThread "main"                              [_thread_blocked, id=15760, stack(0x00000007c7d00000,0x00000007c7e00000) (1024K)]
  0x0000017ef07b6440 JavaThread "Reference Handler"          daemon [_thread_blocked, id=11552, stack(0x00000007c8100000,0x00000007c8200000) (1024K)]
  0x0000017ef07b7e30 JavaThread "Finalizer"                  daemon [_thread_blocked, id=11056, stack(0x00000007c8200000,0x00000007c8300000) (1024K)]
  0x0000017ef07baab0 JavaThread "Signal Dispatcher"          daemon [_thread_blocked, id=16220, stack(0x00000007c8300000,0x00000007c8400000) (1024K)]
  0x0000017ef07bdac0 JavaThread "Attach Listener"            daemon [_thread_blocked, id=3116, stack(0x00000007c8400000,0x00000007c8500000) (1024K)]
  0x0000017ef07c1780 JavaThread "Service Thread"             daemon [_thread_blocked, id=20640, stack(0x00000007c8500000,0x00000007c8600000) (1024K)]
  0x0000017ef07c22c0 JavaThread "Monitor Deflation Thread"   daemon [_thread_blocked, id=9420, stack(0x00000007c8600000,0x00000007c8700000) (1024K)]
=>0x0000017ef07c31e0 JavaThread "C2 CompilerThread0"         daemon [_thread_in_native, id=22380, stack(0x00000007c8700000,0x00000007c8800000) (1024K)]
  0x0000017ef07fcfb0 JavaThread "C1 CompilerThread0"         daemon [_thread_blocked, id=1512, stack(0x00000007c8800000,0x00000007c8900000) (1024K)]
  0x0000017ef22627b0 JavaThread "Common-Cleaner"             daemon [_thread_blocked, id=19092, stack(0x00000007c8900000,0x00000007c8a00000) (1024K)]
  0x0000017ef24d0230 JavaThread "Notification Thread"        daemon [_thread_blocked, id=8464, stack(0x00000007c8a00000,0x00000007c8b00000) (1024K)]
  0x0000017ef2b6c5b0 JavaThread "Active Thread: Equinox Container: 2fde42ad-632d-4288-8179-49bd012058d5"        [_thread_blocked, id=17908, stack(0x00000007c9100000,0x00000007c9200000) (1024K)]
  0x0000017ef2b50840 JavaThread "Refresh Thread: Equinox Container: 2fde42ad-632d-4288-8179-49bd012058d5" daemon [_thread_blocked, id=11120, stack(0x00000007c9200000,0x00000007c9300000) (1024K)]
  0x0000017ef2cf1f40 JavaThread "Framework Event Dispatcher: Equinox Container: 2fde42ad-632d-4288-8179-49bd012058d5" daemon [_thread_blocked, id=11148, stack(0x00000007c9400000,0x00000007c9500000) (1024K)]
  0x0000017ef2cf2d80 JavaThread "Start Level: Equinox Container: 2fde42ad-632d-4288-8179-49bd012058d5" daemon [_thread_blocked, id=16624, stack(0x00000007c9500000,0x00000007c9600000) (1024K)]
  0x0000017ef7320720 JavaThread "Bundle File Closer"         daemon [_thread_blocked, id=14256, stack(0x00000007c9600000,0x00000007c9700000) (1024K)]
  0x0000017ef75a5f90 JavaThread "SCR Component Actor"        daemon [_thread_blocked, id=18576, stack(0x00000007c9700000,0x00000007c9800000) (1024K)]
  0x0000017ef2a716e0 JavaThread "Worker-JM"                         [_thread_blocked, id=16836, stack(0x00000007c9a00000,0x00000007c9b00000) (1024K)]
  0x0000017ef2a73120 JavaThread "JNA Cleaner"                daemon [_thread_blocked, id=13940, stack(0x00000007c9b00000,0x00000007c9c00000) (1024K)]
  0x0000017ef2a70330 JavaThread "Java indexing"              daemon [_thread_blocked, id=17724, stack(0x00000007c9e00000,0x00000007c9f00000) (1024K)]
  0x0000017ef2a71d70 JavaThread "Thread-2"                   daemon [_thread_in_native, id=18840, stack(0x00000007ca100000,0x00000007ca200000) (1024K)]
  0x0000017ef2a72400 JavaThread "Thread-3"                   daemon [_thread_in_native, id=23064, stack(0x00000007ca200000,0x00000007ca300000) (1024K)]
  0x0000017ef86fbfe0 JavaThread "Thread-4"                   daemon [_thread_in_native, id=16492, stack(0x00000007ca300000,0x00000007ca400000) (1024K)]
  0x0000017ef86fac30 JavaThread "Thread-5"                   daemon [_thread_in_native, id=12000, stack(0x00000007ca400000,0x00000007ca500000) (1024K)]
  0x0000017ef86f8b60 JavaThread "Thread-6"                   daemon [_thread_in_native, id=22888, stack(0x00000007ca500000,0x00000007ca600000) (1024K)]
  0x0000017ef86fa5a0 JavaThread "Thread-7"                   daemon [_thread_in_native, id=14696, stack(0x00000007ca600000,0x00000007ca700000) (1024K)]
  0x0000017ef86f9f10 JavaThread "Thread-8"                   daemon [_thread_in_native, id=900, stack(0x00000007ca700000,0x00000007ca800000) (1024K)]
  0x0000017ef86fb2c0 JavaThread "Thread-9"                   daemon [_thread_in_native, id=6132, stack(0x00000007ca800000,0x00000007ca900000) (1024K)]
  0x0000017ef86f9880 JavaThread "Thread-10"                  daemon [_thread_in_native, id=21100, stack(0x00000007ca900000,0x00000007caa00000) (1024K)]
  0x0000017ef86fb950 JavaThread "pool-2-thread-1"                   [_thread_blocked, id=21128, stack(0x00000007caa00000,0x00000007cab00000) (1024K)]
  0x0000017ef7ca5c60 JavaThread "WorkspaceEventsHandler"            [_thread_blocked, id=15920, stack(0x00000007cac00000,0x00000007cad00000) (1024K)]
  0x0000017ef7ca2e70 JavaThread "pool-1-thread-1"                   [_thread_blocked, id=21700, stack(0x00000007cad00000,0x00000007cae00000) (1024K)]
  0x0000017ef7ca55d0 JavaThread "Compiler Source File Reader" daemon [_thread_blocked, id=7956, stack(0x00000007cbd00000,0x00000007cbe00000) (1024K)]
  0x0000017efa5b2800 JavaThread "Compiler Source File Reader" daemon [_thread_blocked, id=5808, stack(0x00000007cbf00000,0x00000007cc000000) (1024K)]
  0x0000017efa7a0210 JavaThread "ForkJoinPool.commonPool-worker-1" daemon [_thread_blocked, id=21296, stack(0x00000007cc600000,0x00000007cc700000) (1024K)]
  0x0000017efa7a2970 JavaThread "ForkJoinPool.commonPool-worker-2" daemon [_thread_blocked, id=20364, stack(0x00000007cc700000,0x00000007cc800000) (1024K)]
  0x0000017efa7a08a0 JavaThread "ForkJoinPool.commonPool-worker-4" daemon [_thread_blocked, id=15016, stack(0x00000007cc900000,0x00000007cca00000) (1024K)]
  0x0000017efa7a1c50 JavaThread "ForkJoinPool.commonPool-worker-7" daemon [_thread_blocked, id=15588, stack(0x00000007ccc00000,0x00000007ccd00000) (1024K)]
  0x0000017efa5b4240 JavaThread "ForkJoinPool.commonPool-worker-8" daemon [_thread_blocked, id=7204, stack(0x00000007cab00000,0x00000007cac00000) (1024K)]
  0x0000017efa5adfd0 JavaThread "Cleaner-0"                  daemon [_thread_blocked, id=14980, stack(0x00000007ca000000,0x00000007ca100000) (1024K)]
  0x0000017efa5ae660 JavaThread "ForkJoinPool.commonPool-worker-9" daemon [_thread_blocked, id=15932, stack(0x00000007c9c00000,0x00000007c9d00000) (1024K)]
  0x0000017efa5b48d0 JavaThread "ForkJoinPool.commonPool-worker-10" daemon [_thread_blocked, id=20388, stack(0x00000007c9d00000,0x00000007c9e00000) (1024K)]
  0x0000017ef7ca0da0 JavaThread "Worker-11"                         [_thread_blocked, id=21768, stack(0x00000007c7b00000,0x00000007c7c00000) (1024K)]
  0x0000017ef7ca2150 JavaThread "Compiler Source File Reader" daemon [_thread_blocked, id=17020, stack(0x00000007c7c00000,0x00000007c7d00000) (1024K)]
  0x0000017ef7ca62f0 JavaThread "Worker-12"                         [_thread_blocked, id=4864, stack(0x00000007cae00000,0x00000007caf00000) (1024K)]
  0x0000017ef7c9f9f0 JavaThread "Compiler Source File Reader" daemon [_thread_blocked, id=2240, stack(0x00000007cb100000,0x00000007cb200000) (1024K)]
  0x0000017efa7a50d0 JavaThread "Compiler Source File Reader" daemon [_thread_blocked, id=18944, stack(0x00000007cb200000,0x00000007cb300000) (1024K)]
  0x0000017efa7a6480 JavaThread "pool-1-thread-3"                   [_thread_blocked, id=292, stack(0x00000007c9f00000,0x00000007ca000000) (1024K)]
  0x0000017efa7a6b10 JavaThread "Worker-14"                         [_thread_blocked, id=12228, stack(0x00000007c9800000,0x00000007c9900000) (1024K)]
  0x0000017ef7ca3b90 JavaThread "Compiler Source File Reader" daemon [_thread_blocked, id=21888, stack(0x00000007caf00000,0x00000007cb000000) (1024K)]
  0x0000017ef7ca1430 JavaThread "Compiler Processing Task"   daemon [_thread_blocked, id=6344, stack(0x00000007cb000000,0x00000007cb100000) (1024K)]
  0x0000017ef7ca27e0 JavaThread "Worker-15"                         [_thread_blocked, id=22744, stack(0x00000007cb300000,0x00000007cb400000) (1024K)]
  0x0000017ef2a709c0 JavaThread "Worker-16"                         [_thread_blocked, id=10116, stack(0x00000007cb600000,0x00000007cb700000) (1024K)]
  0x0000017ef2a71050 JavaThread "Worker-17"                         [_thread_blocked, id=22828, stack(0x00000007cb400000,0x00000007cb500000) (1024K)]
  0x0000017efa5b1ae0 JavaThread "Worker-18"                         [_thread_blocked, id=14860, stack(0x00000007cb500000,0x00000007cb600000) (1024K)]
Total: 55

Other Threads:
  0x0000017edc4c9960 VMThread "VM Thread"                           [id=14940, stack(0x00000007c8000000,0x00000007c8100000) (1024K)]
  0x0000017edc474b40 WatcherThread "VM Periodic Task Thread"        [id=12880, stack(0x00000007c7f00000,0x00000007c8000000) (1024K)]
  0x0000017edc427a90 WorkerThread "GC Thread#0"                     [id=9272, stack(0x00000007c7e00000,0x00000007c7f00000) (1024K)]
  0x0000017ef26526b0 WorkerThread "GC Thread#1"                     [id=23292, stack(0x00000007c8b00000,0x00000007c8c00000) (1024K)]
  0x0000017ef29d9a90 WorkerThread "GC Thread#2"                     [id=15680, stack(0x00000007c8c00000,0x00000007c8d00000) (1024K)]
  0x0000017ef29d9e30 WorkerThread "GC Thread#3"                     [id=11188, stack(0x00000007c8d00000,0x00000007c8e00000) (1024K)]
  0x0000017ef2acc640 WorkerThread "GC Thread#4"                     [id=12988, stack(0x00000007c8e00000,0x00000007c8f00000) (1024K)]
  0x0000017ef2acd7d0 WorkerThread "GC Thread#5"                     [id=19732, stack(0x00000007c8f00000,0x00000007c9000000) (1024K)]
  0x0000017ef2acdb70 WorkerThread "GC Thread#6"                     [id=21856, stack(0x00000007c9000000,0x00000007c9100000) (1024K)]
  0x0000017ef2a18b20 WorkerThread "GC Thread#7"                     [id=11872, stack(0x00000007c9300000,0x00000007c9400000) (1024K)]
Total: 10

Threads with active compile tasks:
C2 CompilerThread0  630011 23361   !   4       org.eclipse.jdt.internal.core.NameLookup::<init> (805 bytes)
Total: 1

VM state: not at safepoint (normal execution)

VM Mutex/Monitor currently owned by a thread: None

Heap address: 0x00000000c0000000, size: 1024 MB, Compressed Oops mode: 32-bit

CDS archive(s) mapped at: [0x0000017e80000000-0x0000017e80ba0000-0x0000017e80ba0000), size 12189696, SharedBaseAddress: 0x0000017e80000000, ArchiveRelocationMode: 1.
Compressed class space mapped at: 0x0000017e81000000-0x0000017ec1000000, reserved size: 1073741824
Narrow klass base: 0x0000017e80000000, Narrow klass shift: 0, Narrow klass range: 0x100000000

GC Precious Log:
 CardTable entry size: 512
 CPUs: 8 total, 8 available
 Memory: 7886M
 Large Page Support: Disabled
 NUMA Support: Disabled
 Compressed Oops: Enabled (32-bit)
 Alignments: Space 512K, Generation 512K, Heap 2M
 Heap Min Capacity: 100M
 Heap Initial Capacity: 100M
 Heap Max Capacity: 1G
 Pre-touch: Disabled
 Parallel Workers: 8

Heap:
 PSYoungGen      total 7680K, used 6542K [0x00000000eab00000, 0x00000000eb800000, 0x0000000100000000)
  eden space 7168K, 84% used [0x00000000eab00000,0x00000000eb0e78e8,0x00000000eb200000)
  from space 512K, 96% used [0x00000000eb780000,0x00000000eb7fc010,0x00000000eb800000)
  to   space 1536K, 0% used [0x00000000eb500000,0x00000000eb500000,0x00000000eb680000)
 ParOldGen       total 550912K, used 550594K [0x00000000c0000000, 0x00000000e1a00000, 0x00000000eab00000)
  object space 550912K, 99% used [0x00000000c0000000,0x00000000e19b0b28,0x00000000e1a00000)
 Metaspace       used 87926K, committed 89728K, reserved 1179648K
  class space    used 8664K, committed 9472K, reserved 1048576K

Card table byte_map: [0x0000017edbdc0000,0x0000017edbfd0000] _byte_map_base: 0x0000017edb7c0000

Marking Bits: (ParMarkBitMap*) 0x00007ffd01463260
 Begin Bits: [0x0000017eee600000, 0x0000017eef600000)
 End Bits:   [0x0000017eef600000, 0x0000017ef0600000)

Polling page: 0x0000017eda400000

Metaspace:

Usage:
  Non-class:     77.40 MB used.
      Class:      8.46 MB used.
       Both:     85.87 MB used.

Virtual space:
  Non-class space:      128.00 MB reserved,      78.38 MB ( 61%) committed,  2 nodes.
      Class space:        1.00 GB reserved,       9.25 MB ( <1%) committed,  1 nodes.
             Both:        1.12 GB reserved,      87.62 MB (  8%) committed. 

Chunk freelists:
   Non-Class:  976.00 KB
       Class:  6.77 MB
        Both:  7.72 MB

MaxMetaspaceSize: unlimited
CompressedClassSpaceSize: 1.00 GB
Initial GC threshold: 21.00 MB
Current GC threshold: 145.44 MB
CDS: on
 - commit_granule_bytes: 65536.
 - commit_granule_words: 8192.
 - virtual_space_node_default_size: 8388608.
 - enlarge_chunks_in_place: 1.
 - use_allocation_guard: 0.


Internal statistics:

num_allocs_failed_limit: 13.
num_arena_births: 1830.
num_arena_deaths: 24.
num_vsnodes_births: 3.
num_vsnodes_deaths: 0.
num_space_committed: 1402.
num_space_uncommitted: 0.
num_chunks_returned_to_freelist: 42.
num_chunks_taken_from_freelist: 6228.
num_chunk_merges: 23.
num_chunk_splits: 3690.
num_chunks_enlarged: 1890.
num_inconsistent_stats: 0.

CodeHeap 'non-profiled nmethods': size=120000Kb used=14750Kb max_used=16624Kb free=105249Kb
 bounds [0x0000017ee70d0000, 0x0000017ee8110000, 0x0000017eee600000]
CodeHeap 'profiled nmethods': size=120000Kb used=28973Kb max_used=41266Kb free=91027Kb
 bounds [0x0000017edf600000, 0x0000017ee1ea0000, 0x0000017ee6b30000]
CodeHeap 'non-nmethods': size=5760Kb used=1536Kb max_used=1614Kb free=4223Kb
 bounds [0x0000017ee6b30000, 0x0000017ee6da0000, 0x0000017ee70d0000]
 total_blobs=13670 nmethods=12820 adapters=750
 compilation: enabled
              stopped_count=0, restarted_count=0
 full_count=0

Compilation events (20 events):
Event: 629.569 Thread 0x0000017ef07fcfb0 nmethod 23351 0x0000017edf94c690 code [0x0000017edf94c9e0, 0x0000017edf94e8e0]
Event: 629.571 Thread 0x0000017ef07c31e0 23352       4       org.eclipse.jdt.internal.compiler.parser.Parser::consumeAnnotationName (84 bytes)
Event: 629.580 Thread 0x0000017ef07c31e0 nmethod 23352 0x0000017ee77c3410 code [0x0000017ee77c3600, 0x0000017ee77c3f70]
Event: 629.586 Thread 0x0000017ef07c31e0 23353       4       org.eclipse.jdt.internal.compiler.ast.MarkerAnnotation::traverse (32 bytes)
Event: 629.591 Thread 0x0000017ef07c31e0 nmethod 23353 0x0000017ee713a690 code [0x0000017ee713a860, 0x0000017ee713abb0]
Event: 629.591 Thread 0x0000017ef07c31e0 23354       4       org.eclipse.jdt.internal.compiler.ast.StringLiteral::printExpression (54 bytes)
Event: 629.599 Thread 0x0000017ef07c31e0 nmethod 23354 0x0000017ee7552a10 code [0x0000017ee7552c80, 0x0000017ee7553408]
Event: 629.599 Thread 0x0000017ef07c31e0 23355       4       org.eclipse.jdt.core.dom.ASTVisitor::endVisit (1 bytes)
Event: 629.600 Thread 0x0000017ef07c31e0 nmethod 23355 0x0000017ee7368390 code [0x0000017ee7368520, 0x0000017ee73685a8]
Event: 629.704 Thread 0x0000017ef07fcfb0 23356       3       java.lang.Thread::getId (5 bytes)
Event: 629.704 Thread 0x0000017ef07fcfb0 nmethod 23356 0x0000017edfc4ef10 code [0x0000017edfc4f0a0, 0x0000017edfc4f1c8]
Event: 629.704 Thread 0x0000017ef07fcfb0 23357   !   3       java.io.BufferedWriter::flush (63 bytes)
Event: 629.705 Thread 0x0000017ef07fcfb0 nmethod 23357 0x0000017edf8bad10 code [0x0000017edf8bb000, 0x0000017edf8bc0d0]
Event: 629.705 Thread 0x0000017ef07fcfb0 23358       3       java.io.BufferedWriter::implFlush (12 bytes)
Event: 629.705 Thread 0x0000017ef07fcfb0 nmethod 23358 0x0000017edf8b0890 code [0x0000017edf8b0a60, 0x0000017edf8b0c90]
Event: 629.718 Thread 0x0000017ef07c31e0 23359       4       org.eclipse.jdt.internal.compiler.ast.NullLiteral::literalType (4 bytes)
Event: 629.718 Thread 0x0000017ef07c31e0 nmethod 23359 0x0000017ee736eb10 code [0x0000017ee736eca0, 0x0000017ee736ed30]
Event: 629.718 Thread 0x0000017ef07c31e0 23360       4       org.eclipse.jdt.internal.compiler.lookup.TypeBinding::signature (5 bytes)
Event: 629.719 Thread 0x0000017ef07c31e0 nmethod 23360 0x0000017ee7387990 code [0x0000017ee7387b20, 0x0000017ee7387be0]
Event: 629.817 Thread 0x0000017ef07c31e0 23361   !   4       org.eclipse.jdt.internal.core.NameLookup::<init> (805 bytes)

GC Heap History (20 events):
Event: 629.005 GC heap before
{Heap before GC invocations=1914 (full 7):
 PSYoungGen      total 12800K, used 12707K [0x00000000eab00000, 0x00000000ec180000, 0x0000000100000000)
  eden space 7168K, 99% used [0x00000000eab00000,0x00000000eb1f1ce0,0x00000000eb200000)
  from space 5632K, 99% used [0x00000000ebc00000,0x00000000ec177000,0x00000000ec180000)
  to   space 7168K, 0% used [0x00000000eb380000,0x00000000eb380000,0x00000000eba80000)
 ParOldGen       total 497152K, used 497146K [0x00000000c0000000, 0x00000000de580000, 0x00000000eab00000)
  object space 497152K, 99% used [0x00000000c0000000,0x00000000de57eb00,0x00000000de580000)
 Metaspace       used 87895K, committed 89728K, reserved 1179648K
  class space    used 8664K, committed 9472K, reserved 1048576K
}
Event: 629.011 GC heap after
{Heap after GC invocations=1914 (full 7):
 PSYoungGen      total 13312K, used 5921K [0x00000000eab00000, 0x00000000ebe00000, 0x0000000100000000)
  eden space 7168K, 0% used [0x00000000eab00000,0x00000000eab00000,0x00000000eb200000)
  from space 6144K, 96% used [0x00000000eb380000,0x00000000eb9486e8,0x00000000eb980000)
  to   space 4608K, 0% used [0x00000000eb980000,0x00000000eb980000,0x00000000ebe00000)
 ParOldGen       total 501760K, used 501714K [0x00000000c0000000, 0x00000000dea00000, 0x00000000eab00000)
  object space 501760K, 99% used [0x00000000c0000000,0x00000000de9f4b00,0x00000000dea00000)
 Metaspace       used 87895K, committed 89728K, reserved 1179648K
  class space    used 8664K, committed 9472K, reserved 1048576K
}
Event: 629.064 GC heap before
{Heap before GC invocations=1915 (full 7):
 PSYoungGen      total 13312K, used 13089K [0x00000000eab00000, 0x00000000ebe00000, 0x0000000100000000)
  eden space 7168K, 100% used [0x00000000eab00000,0x00000000eb200000,0x00000000eb200000)
  from space 6144K, 96% used [0x00000000eb380000,0x00000000eb9486e8,0x00000000eb980000)
  to   space 4608K, 0% used [0x00000000eb980000,0x00000000eb980000,0x00000000ebe00000)
 ParOldGen       total 501760K, used 501714K [0x00000000c0000000, 0x00000000dea00000, 0x00000000eab00000)
  object space 501760K, 99% used [0x00000000c0000000,0x00000000de9f4b00,0x00000000dea00000)
 Metaspace       used 87896K, committed 89728K, reserved 1179648K
  class space    used 8664K, committed 9472K, reserved 1048576K
}
Event: 629.071 GC heap after
{Heap after GC invocations=1915 (full 7):
 PSYoungGen      total 10240K, used 2593K [0x00000000eab00000, 0x00000000ebc80000, 0x0000000100000000)
  eden space 7168K, 0% used [0x00000000eab00000,0x00000000eab00000,0x00000000eb200000)
  from space 3072K, 84% used [0x00000000eb980000,0x00000000ebc08598,0x00000000ebc80000)
  to   space 4096K, 0% used [0x00000000eb480000,0x00000000eb480000,0x00000000eb880000)
 ParOldGen       total 506880K, used 506608K [0x00000000c0000000, 0x00000000def00000, 0x00000000eab00000)
  object space 506880K, 99% used [0x00000000c0000000,0x00000000deebc3d0,0x00000000def00000)
 Metaspace       used 87896K, committed 89728K, reserved 1179648K
  class space    used 8664K, committed 9472K, reserved 1048576K
}
Event: 629.086 GC heap before
{Heap before GC invocations=1916 (full 7):
 PSYoungGen      total 10240K, used 9761K [0x00000000eab00000, 0x00000000ebc80000, 0x0000000100000000)
  eden space 7168K, 100% used [0x00000000eab00000,0x00000000eb200000,0x00000000eb200000)
  from space 3072K, 84% used [0x00000000eb980000,0x00000000ebc08598,0x00000000ebc80000)
  to   space 4096K, 0% used [0x00000000eb480000,0x00000000eb480000,0x00000000eb880000)
 ParOldGen       total 506880K, used 506608K [0x00000000c0000000, 0x00000000def00000, 0x00000000eab00000)
  object space 506880K, 99% used [0x00000000c0000000,0x00000000deebc3d0,0x00000000def00000)
 Metaspace       used 87901K, committed 89728K, reserved 1179648K
  class space    used 8664K, committed 9472K, reserved 1048576K
}
Event: 629.092 GC heap after
{Heap after GC invocations=1916 (full 7):
 PSYoungGen      total 11264K, used 4096K [0x00000000eab00000, 0x00000000ec100000, 0x0000000100000000)
  eden space 7168K, 0% used [0x00000000eab00000,0x00000000eab00000,0x00000000eb200000)
  from space 4096K, 100% used [0x00000000eb480000,0x00000000eb880000,0x00000000eb880000)
  to   space 7680K, 0% used [0x00000000eb980000,0x00000000eb980000,0x00000000ec100000)
 ParOldGen       total 509440K, used 509421K [0x00000000c0000000, 0x00000000df180000, 0x00000000eab00000)
  object space 509440K, 99% used [0x00000000c0000000,0x00000000df17b570,0x00000000df180000)
 Metaspace       used 87901K, committed 89728K, reserved 1179648K
  class space    used 8664K, committed 9472K, reserved 1048576K
}
Event: 629.140 GC heap before
{Heap before GC invocations=1917 (full 7):
 PSYoungGen      total 11264K, used 11264K [0x00000000eab00000, 0x00000000ec100000, 0x0000000100000000)
  eden space 7168K, 100% used [0x00000000eab00000,0x00000000eb200000,0x00000000eb200000)
  from space 4096K, 100% used [0x00000000eb480000,0x00000000eb880000,0x00000000eb880000)
  to   space 7680K, 0% used [0x00000000eb980000,0x00000000eb980000,0x00000000ec100000)
 ParOldGen       total 541184K, used 540141K [0x00000000c0000000, 0x00000000e1080000, 0x00000000eab00000)
  object space 541184K, 99% used [0x00000000c0000000,0x00000000e0f7b5a0,0x00000000e1080000)
 Metaspace       used 87904K, committed 89728K, reserved 1179648K
  class space    used 8664K, committed 9472K, reserved 1048576K
}
Event: 629.147 GC heap after
{Heap after GC invocations=1917 (full 7):
 PSYoungGen      total 11776K, used 4288K [0x00000000eab00000, 0x00000000ebe00000, 0x0000000100000000)
  eden space 7168K, 0% used [0x00000000eab00000,0x00000000eab00000,0x00000000eb200000)
  from space 4608K, 93% used [0x00000000eb980000,0x00000000ebdb0000,0x00000000ebe00000)
  to   space 5632K, 0% used [0x00000000eb300000,0x00000000eb300000,0x00000000eb880000)
 ParOldGen       total 544768K, used 544277K [0x00000000c0000000, 0x00000000e1400000, 0x00000000eab00000)
  object space 544768K, 99% used [0x00000000c0000000,0x00000000e13855a0,0x00000000e1400000)
 Metaspace       used 87904K, committed 89728K, reserved 1179648K
  class space    used 8664K, committed 9472K, reserved 1048576K
}
Event: 629.307 GC heap before
{Heap before GC invocations=1918 (full 7):
 PSYoungGen      total 11776K, used 11456K [0x00000000eab00000, 0x00000000ebe00000, 0x0000000100000000)
  eden space 7168K, 100% used [0x00000000eab00000,0x00000000eb200000,0x00000000eb200000)
  from space 4608K, 93% used [0x00000000eb980000,0x00000000ebdb0000,0x00000000ebe00000)
  to   space 5632K, 0% used [0x00000000eb300000,0x00000000eb300000,0x00000000eb880000)
 ParOldGen       total 544768K, used 544277K [0x00000000c0000000, 0x00000000e1400000, 0x00000000eab00000)
  object space 544768K, 99% used [0x00000000c0000000,0x00000000e13855a0,0x00000000e1400000)
 Metaspace       used 87906K, committed 89728K, reserved 1179648K
  class space    used 8664K, committed 9472K, reserved 1048576K
}
Event: 629.311 GC heap after
{Heap after GC invocations=1918 (full 7):
 PSYoungGen      total 7680K, used 480K [0x00000000eab00000, 0x00000000eba00000, 0x0000000100000000)
  eden space 7168K, 0% used [0x00000000eab00000,0x00000000eab00000,0x00000000eb200000)
  from space 512K, 93% used [0x00000000eb300000,0x00000000eb378000,0x00000000eb380000)
  to   space 2048K, 0% used [0x00000000eb800000,0x00000000eb800000,0x00000000eba00000)
 ParOldGen       total 548864K, used 548397K [0x00000000c0000000, 0x00000000e1800000, 0x00000000eab00000)
  object space 548864K, 99% used [0x00000000c0000000,0x00000000e178b5a0,0x00000000e1800000)
 Metaspace       used 87906K, committed 89728K, reserved 1179648K
  class space    used 8664K, committed 9472K, reserved 1048576K
}
Event: 629.355 GC heap before
{Heap before GC invocations=1919 (full 7):
 PSYoungGen      total 7680K, used 7648K [0x00000000eab00000, 0x00000000eba00000, 0x0000000100000000)
  eden space 7168K, 100% used [0x00000000eab00000,0x00000000eb200000,0x00000000eb200000)
  from space 512K, 93% used [0x00000000eb300000,0x00000000eb378000,0x00000000eb380000)
  to   space 2048K, 0% used [0x00000000eb800000,0x00000000eb800000,0x00000000eba00000)
 ParOldGen       total 548864K, used 548397K [0x00000000c0000000, 0x00000000e1800000, 0x00000000eab00000)
  object space 548864K, 99% used [0x00000000c0000000,0x00000000e178b5a0,0x00000000e1800000)
 Metaspace       used 87917K, committed 89728K, reserved 1179648K
  class space    used 8664K, committed 9472K, reserved 1048576K
}
Event: 629.356 GC heap after
{Heap after GC invocations=1919 (full 7):
 PSYoungGen      total 7680K, used 192K [0x00000000eab00000, 0x00000000eb880000, 0x0000000100000000)
  eden space 7168K, 0% used [0x00000000eab00000,0x00000000eab00000,0x00000000eb200000)
  from space 512K, 37% used [0x00000000eb800000,0x00000000eb830000,0x00000000eb880000)
  to   space 1024K, 0% used [0x00000000eb680000,0x00000000eb680000,0x00000000eb780000)
 ParOldGen       total 548864K, used 548785K [0x00000000c0000000, 0x00000000e1800000, 0x00000000eab00000)
  object space 548864K, 99% used [0x00000000c0000000,0x00000000e17ec598,0x00000000e1800000)
 Metaspace       used 87917K, committed 89728K, reserved 1179648K
  class space    used 8664K, committed 9472K, reserved 1048576K
}
Event: 629.406 GC heap before
{Heap before GC invocations=1920 (full 7):
 PSYoungGen      total 7680K, used 7360K [0x00000000eab00000, 0x00000000eb880000, 0x0000000100000000)
  eden space 7168K, 100% used [0x00000000eab00000,0x00000000eb200000,0x00000000eb200000)
  from space 512K, 37% used [0x00000000eb800000,0x00000000eb830000,0x00000000eb880000)
  to   space 1024K, 0% used [0x00000000eb680000,0x00000000eb680000,0x00000000eb780000)
 ParOldGen       total 548864K, used 548785K [0x00000000c0000000, 0x00000000e1800000, 0x00000000eab00000)
  object space 548864K, 99% used [0x00000000c0000000,0x00000000e17ec598,0x00000000e1800000)
 Metaspace       used 87922K, committed 89728K, reserved 1179648K
  class space    used 8664K, committed 9472K, reserved 1048576K
}
Event: 629.407 GC heap after
{Heap after GC invocations=1920 (full 7):
 PSYoungGen      total 8192K, used 650K [0x00000000eab00000, 0x00000000eb880000, 0x0000000100000000)
  eden space 7168K, 0% used [0x00000000eab00000,0x00000000eab00000,0x00000000eb200000)
  from space 1024K, 63% used [0x00000000eb680000,0x00000000eb722910,0x00000000eb780000)
  to   space 1024K, 0% used [0x00000000eb780000,0x00000000eb780000,0x00000000eb880000)
 ParOldGen       total 548864K, used 548841K [0x00000000c0000000, 0x00000000e1800000, 0x00000000eab00000)
  object space 548864K, 99% used [0x00000000c0000000,0x00000000e17fa598,0x00000000e1800000)
 Metaspace       used 87922K, committed 89728K, reserved 1179648K
  class space    used 8664K, committed 9472K, reserved 1048576K
}
Event: 629.577 GC heap before
{Heap before GC invocations=1921 (full 7):
 PSYoungGen      total 8192K, used 7818K [0x00000000eab00000, 0x00000000eb880000, 0x0000000100000000)
  eden space 7168K, 100% used [0x00000000eab00000,0x00000000eb200000,0x00000000eb200000)
  from space 1024K, 63% used [0x00000000eb680000,0x00000000eb722910,0x00000000eb780000)
  to   space 1024K, 0% used [0x00000000eb780000,0x00000000eb780000,0x00000000eb880000)
 ParOldGen       total 548864K, used 548841K [0x00000000c0000000, 0x00000000e1800000, 0x00000000eab00000)
  object space 548864K, 99% used [0x00000000c0000000,0x00000000e17fa598,0x00000000e1800000)
 Metaspace       used 87924K, committed 89728K, reserved 1179648K
  class space    used 8664K, committed 9472K, reserved 1048576K
}
Event: 629.580 GC heap after
{Heap after GC invocations=1921 (full 7):
 PSYoungGen      total 8192K, used 644K [0x00000000eab00000, 0x00000000eb880000, 0x0000000100000000)
  eden space 7168K, 0% used [0x00000000eab00000,0x00000000eab00000,0x00000000eb200000)
  from space 1024K, 62% used [0x00000000eb780000,0x00000000eb821210,0x00000000eb880000)
  to   space 1024K, 0% used [0x00000000eb680000,0x00000000eb680000,0x00000000eb780000)
 ParOldGen       total 549376K, used 549325K [0x00000000c0000000, 0x00000000e1880000, 0x00000000eab00000)
  object space 549376K, 99% used [0x00000000c0000000,0x00000000e18737c8,0x00000000e1880000)
 Metaspace       used 87924K, committed 89728K, reserved 1179648K
  class space    used 8664K, committed 9472K, reserved 1048576K
}
Event: 629.708 GC heap before
{Heap before GC invocations=1922 (full 7):
 PSYoungGen      total 8192K, used 7812K [0x00000000eab00000, 0x00000000eb880000, 0x0000000100000000)
  eden space 7168K, 100% used [0x00000000eab00000,0x00000000eb200000,0x00000000eb200000)
  from space 1024K, 62% used [0x00000000eb780000,0x00000000eb821210,0x00000000eb880000)
  to   space 1024K, 0% used [0x00000000eb680000,0x00000000eb680000,0x00000000eb780000)
 ParOldGen       total 549376K, used 549325K [0x00000000c0000000, 0x00000000e1880000, 0x00000000eab00000)
  object space 549376K, 99% used [0x00000000c0000000,0x00000000e18737c8,0x00000000e1880000)
 Metaspace       used 87926K, committed 89728K, reserved 1179648K
  class space    used 8664K, committed 9472K, reserved 1048576K
}
Event: 629.710 GC heap after
{Heap after GC invocations=1922 (full 7):
 PSYoungGen      total 8192K, used 852K [0x00000000eab00000, 0x00000000eb800000, 0x0000000100000000)
  eden space 7168K, 0% used [0x00000000eab00000,0x00000000eab00000,0x00000000eb200000)
  from space 1024K, 83% used [0x00000000eb680000,0x00000000eb755200,0x00000000eb780000)
  to   space 512K, 0% used [0x00000000eb780000,0x00000000eb780000,0x00000000eb800000)
 ParOldGen       total 549888K, used 549785K [0x00000000c0000000, 0x00000000e1900000, 0x00000000eab00000)
  object space 549888K, 99% used [0x00000000c0000000,0x00000000e18e65c0,0x00000000e1900000)
 Metaspace       used 87926K, committed 89728K, reserved 1179648K
  class space    used 8664K, committed 9472K, reserved 1048576K
}
Event: 629.815 GC heap before
{Heap before GC invocations=1923 (full 7):
 PSYoungGen      total 8192K, used 8020K [0x00000000eab00000, 0x00000000eb800000, 0x0000000100000000)
  eden space 7168K, 100% used [0x00000000eab00000,0x00000000eb200000,0x00000000eb200000)
  from space 1024K, 83% used [0x00000000eb680000,0x00000000eb755200,0x00000000eb780000)
  to   space 512K, 0% used [0x00000000eb780000,0x00000000eb780000,0x00000000eb800000)
 ParOldGen       total 549888K, used 549785K [0x00000000c0000000, 0x00000000e1900000, 0x00000000eab00000)
  object space 549888K, 99% used [0x00000000c0000000,0x00000000e18e65c0,0x00000000e1900000)
 Metaspace       used 87926K, committed 89728K, reserved 1179648K
  class space    used 8664K, committed 9472K, reserved 1048576K
}
Event: 629.817 GC heap after
{Heap after GC invocations=1923 (full 7):
 PSYoungGen      total 7680K, used 496K [0x00000000eab00000, 0x00000000eb800000, 0x0000000100000000)
  eden space 7168K, 0% used [0x00000000eab00000,0x00000000eab00000,0x00000000eb200000)
  from space 512K, 96% used [0x00000000eb780000,0x00000000eb7fc010,0x00000000eb800000)
  to   space 1536K, 0% used [0x00000000eb500000,0x00000000eb500000,0x00000000eb680000)
 ParOldGen       total 550912K, used 550594K [0x00000000c0000000, 0x00000000e1a00000, 0x00000000eab00000)
  object space 550912K, 99% used [0x00000000c0000000,0x00000000e19b0b28,0x00000000e1a00000)
 Metaspace       used 87926K, committed 89728K, reserved 1179648K
  class space    used 8664K, committed 9472K, reserved 1048576K
}

Dll operation events (12 events):
Event: 0.013 Loaded shared library c:\Users\siamt\.vscode\extensions\redhat.java-1.41.1-win32-x64\jre\21.0.6-win32-x86_64\bin\java.dll
Event: 0.151 Loaded shared library c:\Users\siamt\.vscode\extensions\redhat.java-1.41.1-win32-x64\jre\21.0.6-win32-x86_64\bin\zip.dll
Event: 0.172 Loaded shared library C:\Users\siamt\.vscode\extensions\redhat.java-1.41.1-win32-x64\jre\21.0.6-win32-x86_64\bin\instrument.dll
Event: 0.182 Loaded shared library C:\Users\siamt\.vscode\extensions\redhat.java-1.41.1-win32-x64\jre\21.0.6-win32-x86_64\bin\net.dll
Event: 0.184 Loaded shared library C:\Users\siamt\.vscode\extensions\redhat.java-1.41.1-win32-x64\jre\21.0.6-win32-x86_64\bin\nio.dll
Event: 0.188 Loaded shared library C:\Users\siamt\.vscode\extensions\redhat.java-1.41.1-win32-x64\jre\21.0.6-win32-x86_64\bin\zip.dll
Event: 0.210 Loaded shared library C:\Users\siamt\.vscode\extensions\redhat.java-1.41.1-win32-x64\jre\21.0.6-win32-x86_64\bin\jimage.dll
Event: 0.404 Loaded shared library c:\Users\siamt\.vscode\extensions\redhat.java-1.41.1-win32-x64\jre\21.0.6-win32-x86_64\bin\verify.dll
Event: 7.266 Loaded shared library C:\Users\siamt\AppData\Roaming\Code\User\globalStorage\redhat.java\1.41.1\config_win\org.eclipse.equinox.launcher\org.eclipse.equinox.launcher.win32.win32.x86_64_1.2.1300.v20250331-1702\eclipse_11911.dll
Event: 18.761 Loaded shared library C:\Users\siamt\AppData\Local\Temp\jna-109429682\jna5424801841055528315.dll
Event: 20.882 Loaded shared library C:\Users\siamt\.vscode\extensions\redhat.java-1.41.1-win32-x64\jre\21.0.6-win32-x86_64\bin\sunmscapi.dll
Event: 21.074 Loaded shared library C:\Users\siamt\.vscode\extensions\redhat.java-1.41.1-win32-x64\jre\21.0.6-win32-x86_64\bin\extnet.dll

Deoptimization events (20 events):
Event: 569.800 Thread 0x0000017efa7a6480 Uncommon trap: trap_request=0xffffffde fr.pc=0x0000017ee7eabe18 relative=0x00000000000001d8
Event: 569.800 Thread 0x0000017efa7a6480 Uncommon trap: reason=class_check action=maybe_recompile pc=0x0000017ee7eabe18 method=org.eclipse.jdt.internal.compiler.lookup.LookupEnvironment.combine(Lorg/eclipse/jdt/internal/compiler/lookup/ReferenceBinding;Lorg/eclipse/jdt/internal/compiler/lookup/R
Event: 569.800 Thread 0x0000017efa7a6480 DEOPT PACKING pc=0x0000017ee7eabe18 sp=0x00000007c9ffdaf0
Event: 569.800 Thread 0x0000017efa7a6480 DEOPT UNPACKING pc=0x0000017ee6b86da2 sp=0x00000007c9ffda78 mode 2
Event: 570.780 Thread 0x0000017efa7a6480 DEOPT PACKING pc=0x0000017ee15db729 sp=0x00000007c9ffddc0
Event: 570.780 Thread 0x0000017efa7a6480 DEOPT UNPACKING pc=0x0000017ee6b878e2 sp=0x00000007c9ffd340 mode 0
Event: 572.575 Thread 0x0000017ef7ca27e0 DEOPT PACKING pc=0x0000017ee0dfc069 sp=0x00000007cb3fd960
Event: 572.576 Thread 0x0000017ef7ca27e0 DEOPT UNPACKING pc=0x0000017ee6b878e2 sp=0x00000007cb3fce48 mode 0
Event: 620.026 Thread 0x0000017ef7ca2e70 Uncommon trap: trap_request=0xffffff6e fr.pc=0x0000017ee79eb970 relative=0x0000000000000a10
Event: 620.026 Thread 0x0000017ef7ca2e70 Uncommon trap: reason=loop_limit_check action=maybe_recompile pc=0x0000017ee79eb970 method=org.eclipse.jdt.internal.compiler.util.HashtableOfModule.rehash()V @ 50 c2
Event: 620.026 Thread 0x0000017ef7ca2e70 DEOPT PACKING pc=0x0000017ee79eb970 sp=0x00000007cadfd890
Event: 620.026 Thread 0x0000017ef7ca2e70 DEOPT UNPACKING pc=0x0000017ee6b86da2 sp=0x00000007cadfd840 mode 2
Event: 622.871 Thread 0x0000017efa7a6b10 Uncommon trap: trap_request=0xffffff6e fr.pc=0x0000017ee7d487fc relative=0x000000000000021c
Event: 622.871 Thread 0x0000017efa7a6b10 Uncommon trap: reason=loop_limit_check action=maybe_recompile pc=0x0000017ee7d487fc method=org.eclipse.jdt.internal.compiler.codegen.CodeStream.retrieveLocalType(II)Lorg/eclipse/jdt/internal/compiler/lookup/TypeBinding; @ 141 c2
Event: 622.871 Thread 0x0000017efa7a6b10 DEOPT PACKING pc=0x0000017ee7d487fc sp=0x00000007c98fe5b0
Event: 622.871 Thread 0x0000017efa7a6b10 DEOPT UNPACKING pc=0x0000017ee6b86da2 sp=0x00000007c98fe500 mode 2
Event: 629.018 Thread 0x0000017ef7ca62f0 DEOPT PACKING pc=0x0000017ee18b0116 sp=0x00000007caefcee0
Event: 629.018 Thread 0x0000017ef7ca62f0 DEOPT UNPACKING pc=0x0000017ee6b878e2 sp=0x00000007caefc3d8 mode 0
Event: 629.817 Thread 0x0000017efa7a08a0 DEOPT PACKING pc=0x0000017ee171a34b sp=0x00000007cc9fde50
Event: 629.817 Thread 0x0000017efa7a08a0 DEOPT UNPACKING pc=0x0000017ee6b878e2 sp=0x00000007cc9fd360 mode 0

Classes loaded (20 events):
Event: 523.280 Loading class jdk/internal/module/IllegalAccessLogger
Event: 523.280 Loading class jdk/internal/module/IllegalAccessLogger done
Event: 524.604 Loading class jdk/internal/module/IllegalAccessLogger
Event: 524.604 Loading class jdk/internal/module/IllegalAccessLogger done
Event: 525.893 Loading class jdk/internal/module/IllegalAccessLogger
Event: 525.893 Loading class jdk/internal/module/IllegalAccessLogger done
Event: 528.156 Loading class jdk/internal/module/IllegalAccessLogger
Event: 528.156 Loading class jdk/internal/module/IllegalAccessLogger done
Event: 535.598 Loading class jdk/internal/module/IllegalAccessLogger
Event: 535.598 Loading class jdk/internal/module/IllegalAccessLogger done
Event: 564.246 Loading class jdk/internal/module/IllegalAccessLogger
Event: 564.246 Loading class jdk/internal/module/IllegalAccessLogger done
Event: 567.735 Loading class jdk/internal/module/IllegalAccessLogger
Event: 567.735 Loading class jdk/internal/module/IllegalAccessLogger done
Event: 572.421 Loading class jdk/internal/module/IllegalAccessLogger
Event: 572.422 Loading class jdk/internal/module/IllegalAccessLogger done
Event: 622.240 Loading class jdk/internal/module/IllegalAccessLogger
Event: 622.240 Loading class jdk/internal/module/IllegalAccessLogger done
Event: 629.019 Loading class jdk/internal/module/IllegalAccessLogger
Event: 629.019 Loading class jdk/internal/module/IllegalAccessLogger done

Classes unloaded (12 events):
Event: 19.544 Thread 0x0000017edc4c9960 Unloading class 0x0000017e8119fc00 'java/lang/invoke/LambdaForm$MH+0x0000017e8119fc00'
Event: 19.544 Thread 0x0000017edc4c9960 Unloading class 0x0000017e8119f800 'java/lang/invoke/LambdaForm$MH+0x0000017e8119f800'
Event: 19.544 Thread 0x0000017edc4c9960 Unloading class 0x0000017e8119f400 'java/lang/invoke/LambdaForm$MH+0x0000017e8119f400'
Event: 19.544 Thread 0x0000017edc4c9960 Unloading class 0x0000017e8119f000 'java/lang/invoke/LambdaForm$MH+0x0000017e8119f000'
Event: 19.544 Thread 0x0000017edc4c9960 Unloading class 0x0000017e8119ec00 'java/lang/invoke/LambdaForm$BMH+0x0000017e8119ec00'
Event: 19.544 Thread 0x0000017edc4c9960 Unloading class 0x0000017e8119e800 'java/lang/invoke/LambdaForm$DMH+0x0000017e8119e800'
Event: 19.544 Thread 0x0000017edc4c9960 Unloading class 0x0000017e8119d400 'java/lang/invoke/LambdaForm$DMH+0x0000017e8119d400'
Event: 163.464 Thread 0x0000017edc4c9960 Unloading class 0x0000017e81725400 'java/lang/invoke/LambdaForm$DMH+0x0000017e81725400'
Event: 163.464 Thread 0x0000017edc4c9960 Unloading class 0x0000017e81724400 'java/lang/invoke/LambdaForm$DMH+0x0000017e81724400'
Event: 163.464 Thread 0x0000017edc4c9960 Unloading class 0x0000017e81724800 'java/lang/invoke/LambdaForm$DMH+0x0000017e81724800'
Event: 163.464 Thread 0x0000017edc4c9960 Unloading class 0x0000017e81724c00 'java/lang/invoke/LambdaForm$DMH+0x0000017e81724c00'
Event: 434.427 Thread 0x0000017edc4c9960 Unloading class 0x0000017e81806400 'java/lang/invoke/LambdaForm$MH+0x0000017e81806400'

Classes redefined (0 events):
No events

Internal exceptions (20 events):
Event: 570.646 Thread 0x0000017efa7a6480 Exception <a 'java/lang/ClassNotFoundException'{0x00000000eac358b0}: sun/net/www/protocol/jdt/Handler> (0x00000000eac358b0) 
thrown [s\src\hotspot\share\classfile\systemDictionary.cpp, line 312]
Event: 570.646 Thread 0x0000017efa7a6480 Exception <a 'java/lang/ClassNotFoundException'{0x00000000eac48300}: sun/net/www/protocol/jdt/Handler> (0x00000000eac48300) 
thrown [s\src\hotspot\share\classfile\systemDictionary.cpp, line 312]
Event: 570.646 Thread 0x0000017efa7a6480 Exception <a 'java/lang/ClassNotFoundException'{0x00000000eac4c7c8}: sun/net/www/protocol/jdt/Handler> (0x00000000eac4c7c8) 
thrown [s\src\hotspot\share\classfile\systemDictionary.cpp, line 312]
Event: 570.646 Thread 0x0000017efa7a6480 Exception <a 'java/lang/ClassNotFoundException'{0x00000000eac50998}: sun/net/www/protocol/jdt/Handler> (0x00000000eac50998) 
thrown [s\src\hotspot\share\classfile\systemDictionary.cpp, line 312]
Event: 570.646 Thread 0x0000017efa7a6480 Exception <a 'java/lang/ClassNotFoundException'{0x00000000eac52be8}: sun/net/www/protocol/jdt/Handler> (0x00000000eac52be8) 
thrown [s\src\hotspot\share\classfile\systemDictionary.cpp, line 312]
Event: 570.646 Thread 0x0000017efa7a6480 Exception <a 'java/lang/ClassNotFoundException'{0x00000000eac54e78}: sun/net/www/protocol/jdt/Handler> (0x00000000eac54e78) 
thrown [s\src\hotspot\share\classfile\systemDictionary.cpp, line 312]
Event: 570.646 Thread 0x0000017efa7a6480 Exception <a 'java/lang/ClassNotFoundException'{0x00000000eac57130}: sun/net/www/protocol/jdt/Handler> (0x00000000eac57130) 
thrown [s\src\hotspot\share\classfile\systemDictionary.cpp, line 312]
Event: 570.911 Thread 0x0000017efa7a6480 Exception <a 'java/lang/ClassNotFoundException'{0x00000000eab416e8}: sun/net/www/protocol/jdt/Handler> (0x00000000eab416e8) 
thrown [s\src\hotspot\share\classfile\systemDictionary.cpp, line 312]
Event: 570.911 Thread 0x0000017efa7a6480 Exception <a 'java/lang/ClassNotFoundException'{0x00000000eab43e28}: sun/net/www/protocol/jdt/Handler> (0x00000000eab43e28) 
thrown [s\src\hotspot\share\classfile\systemDictionary.cpp, line 312]
Event: 570.911 Thread 0x0000017efa7a6480 Exception <a 'java/lang/ClassNotFoundException'{0x00000000eab58540}: sun/net/www/protocol/jdt/Handler> (0x00000000eab58540) 
thrown [s\src\hotspot\share\classfile\systemDictionary.cpp, line 312]
Event: 570.911 Thread 0x0000017efa7a6480 Exception <a 'java/lang/ClassNotFoundException'{0x00000000eab5c710}: sun/net/www/protocol/jdt/Handler> (0x00000000eab5c710) 
thrown [s\src\hotspot\share\classfile\systemDictionary.cpp, line 312]
Event: 570.911 Thread 0x0000017efa7a6480 Exception <a 'java/lang/ClassNotFoundException'{0x00000000eab5e960}: sun/net/www/protocol/jdt/Handler> (0x00000000eab5e960) 
thrown [s\src\hotspot\share\classfile\systemDictionary.cpp, line 312]
Event: 570.911 Thread 0x0000017efa7a6480 Exception <a 'java/lang/ClassNotFoundException'{0x00000000eab60bf0}: sun/net/www/protocol/jdt/Handler> (0x00000000eab60bf0) 
thrown [s\src\hotspot\share\classfile\systemDictionary.cpp, line 312]
Event: 570.911 Thread 0x0000017efa7a6480 Exception <a 'java/lang/ClassNotFoundException'{0x00000000eab62ea8}: sun/net/www/protocol/jdt/Handler> (0x00000000eab62ea8) 
thrown [s\src\hotspot\share\classfile\systemDictionary.cpp, line 312]
Event: 571.847 Thread 0x0000017ef2a70330 Exception <a 'sun/nio/fs/WindowsException'{0x00000000eadbda38}> (0x00000000eadbda38) 
thrown [s\src\hotspot\share\prims\jni.cpp, line 520]
Event: 572.967 Thread 0x0000017ef2a70330 Exception <a 'sun/nio/fs/WindowsException'{0x00000000eab40878}> (0x00000000eab40878) 
thrown [s\src\hotspot\share\prims\jni.cpp, line 520]
Event: 622.117 Thread 0x0000017ef2a70330 Exception <a 'sun/nio/fs/WindowsException'{0x00000000eaeb7ca8}> (0x00000000eaeb7ca8) 
thrown [s\src\hotspot\share\prims\jni.cpp, line 520]
Event: 622.386 Thread 0x0000017ef2a70330 Exception <a 'sun/nio/fs/WindowsException'{0x00000000eac70768}> (0x00000000eac70768) 
thrown [s\src\hotspot\share\prims\jni.cpp, line 520]
Event: 628.902 Thread 0x0000017ef2a70330 Exception <a 'sun/nio/fs/WindowsException'{0x00000000eabc6f38}> (0x00000000eabc6f38) 
thrown [s\src\hotspot\share\prims\jni.cpp, line 520]
Event: 629.170 Thread 0x0000017ef2a70330 Exception <a 'sun/nio/fs/WindowsException'{0x00000000eab14270}> (0x00000000eab14270) 
thrown [s\src\hotspot\share\prims\jni.cpp, line 520]

ZGC Phase Switch (0 events):
No events

VM Operations (20 events):
Event: 629.005 Executing VM operation: ParallelGCFailedAllocation (Allocation Failure)
Event: 629.011 Executing VM operation: ParallelGCFailedAllocation (Allocation Failure) done
Event: 629.064 Executing VM operation: ParallelGCFailedAllocation (Allocation Failure)
Event: 629.071 Executing VM operation: ParallelGCFailedAllocation (Allocation Failure) done
Event: 629.086 Executing VM operation: ParallelGCFailedAllocation (Allocation Failure)
Event: 629.092 Executing VM operation: ParallelGCFailedAllocation (Allocation Failure) done
Event: 629.140 Executing VM operation: ParallelGCFailedAllocation (Allocation Failure)
Event: 629.147 Executing VM operation: ParallelGCFailedAllocation (Allocation Failure) done
Event: 629.307 Executing VM operation: ParallelGCFailedAllocation (Allocation Failure)
Event: 629.311 Executing VM operation: ParallelGCFailedAllocation (Allocation Failure) done
Event: 629.355 Executing VM operation: ParallelGCFailedAllocation (Allocation Failure)
Event: 629.356 Executing VM operation: ParallelGCFailedAllocation (Allocation Failure) done
Event: 629.406 Executing VM operation: ParallelGCFailedAllocation (Allocation Failure)
Event: 629.407 Executing VM operation: ParallelGCFailedAllocation (Allocation Failure) done
Event: 629.576 Executing VM operation: ParallelGCFailedAllocation (Allocation Failure)
Event: 629.580 Executing VM operation: ParallelGCFailedAllocation (Allocation Failure) done
Event: 629.708 Executing VM operation: ParallelGCFailedAllocation (Allocation Failure)
Event: 629.710 Executing VM operation: ParallelGCFailedAllocation (Allocation Failure) done
Event: 629.815 Executing VM operation: ParallelGCFailedAllocation (Allocation Failure)
Event: 629.817 Executing VM operation: ParallelGCFailedAllocation (Allocation Failure) done

Memory protections (0 events):
No events

Nmethod flushes (20 events):
Event: 567.940 Thread 0x0000017edc4c9960 flushing  nmethod 0x0000017ee1afb310
Event: 567.940 Thread 0x0000017edc4c9960 flushing  nmethod 0x0000017ee1b23b90
Event: 567.940 Thread 0x0000017edc4c9960 flushing  nmethod 0x0000017ee1b37390
Event: 567.940 Thread 0x0000017edc4c9960 flushing  nmethod 0x0000017ee1b61190
Event: 567.940 Thread 0x0000017edc4c9960 flushing  nmethod 0x0000017ee1b66810
Event: 567.940 Thread 0x0000017edc4c9960 flushing  nmethod 0x0000017ee1b92b90
Event: 567.940 Thread 0x0000017edc4c9960 flushing  nmethod 0x0000017ee1bace90
Event: 567.940 Thread 0x0000017edc4c9960 flushing  nmethod 0x0000017ee1bc9c90
Event: 567.940 Thread 0x0000017edc4c9960 flushing  nmethod 0x0000017ee1bcce10
Event: 567.940 Thread 0x0000017edc4c9960 flushing  nmethod 0x0000017ee1bce710
Event: 567.940 Thread 0x0000017edc4c9960 flushing  nmethod 0x0000017ee1c07490
Event: 567.940 Thread 0x0000017edc4c9960 flushing  nmethod 0x0000017ee1c38790
Event: 567.940 Thread 0x0000017edc4c9960 flushing  nmethod 0x0000017ee1c49a10
Event: 567.940 Thread 0x0000017edc4c9960 flushing  nmethod 0x0000017ee1c7f690
Event: 567.940 Thread 0x0000017edc4c9960 flushing  nmethod 0x0000017ee1c8fb90
Event: 567.940 Thread 0x0000017edc4c9960 flushing  nmethod 0x0000017ee1cbbd10
Event: 567.940 Thread 0x0000017edc4c9960 flushing  nmethod 0x0000017ee1cbef90
Event: 567.940 Thread 0x0000017edc4c9960 flushing  nmethod 0x0000017ee1cdcf10
Event: 567.940 Thread 0x0000017edc4c9960 flushing  nmethod 0x0000017ee1ced510
Event: 567.940 Thread 0x0000017edc4c9960 flushing  nmethod 0x0000017ee1d12d10

Events (20 events):
Event: 521.856 Thread 0x0000017ef07c31e0 Thread added: 0x0000017efcc41db0
Event: 522.473 Thread 0x0000017efcc41db0 Thread exited: 0x0000017efcc41db0
Event: 522.624 Thread 0x0000017ef07fcfb0 Thread added: 0x0000017efcc438f0
Event: 525.737 Thread 0x0000017efcc438f0 Thread exited: 0x0000017efcc438f0
Event: 525.856 Thread 0x0000017ef07fcfb0 Thread added: 0x0000017ef8f22290
Event: 526.507 Thread 0x0000017ef8f22290 Thread exited: 0x0000017ef8f22290
Event: 528.236 Thread 0x0000017ef7ca0da0 Thread added: 0x0000017efa5b1ae0
Event: 533.598 Thread 0x0000017ef07fcfb0 Thread added: 0x0000017ef8f22960
Event: 533.729 Thread 0x0000017ef8f22960 Thread exited: 0x0000017ef8f22960
Event: 562.995 Thread 0x0000017efa7a3690 Thread exited: 0x0000017efa7a3690
Event: 564.585 Thread 0x0000017ef07fcfb0 Thread added: 0x0000017ef8f22290
Event: 564.784 Thread 0x0000017ef8f22290 Thread exited: 0x0000017ef8f22290
Event: 564.914 Thread 0x0000017ef07fcfb0 Thread added: 0x0000017ef8f22290
Event: 566.940 Thread 0x0000017ef8f22290 Thread exited: 0x0000017ef8f22290
Event: 568.048 Thread 0x0000017ef07fcfb0 Thread added: 0x0000017ef8f1f9b0
Event: 568.557 Thread 0x0000017ef8f1f9b0 Thread exited: 0x0000017ef8f1f9b0
Event: 569.655 Thread 0x0000017ef07fcfb0 Thread added: 0x0000017ef8f22960
Event: 569.997 Thread 0x0000017ef8f22960 Thread exited: 0x0000017ef8f22960
Event: 570.663 Thread 0x0000017ef07fcfb0 Thread added: 0x0000017ef8f22960
Event: 571.256 Thread 0x0000017ef8f22960 Thread exited: 0x0000017ef8f22960


Dynamic libraries:
0x00007ff70b0e0000 - 0x00007ff70b0ee000 	c:\Users\siamt\.vscode\extensions\redhat.java-1.41.1-win32-x64\jre\21.0.6-win32-x86_64\bin\java.exe
0x00007ffd99210000 - 0x00007ffd99408000 	C:\Windows\SYSTEM32\ntdll.dll
0x00007ffd98330000 - 0x00007ffd983f2000 	C:\Windows\System32\KERNEL32.DLL
0x00007ffd96ab0000 - 0x00007ffd96da6000 	C:\Windows\System32\KERNELBASE.dll
0x00007ffd90e60000 - 0x00007ffd90ef4000 	C:\Windows\SYSTEM32\apphelp.dll
0x00007ffd970a0000 - 0x00007ffd971a0000 	C:\Windows\System32\ucrtbase.dll
0x00007ffd807c0000 - 0x00007ffd807d8000 	c:\Users\siamt\.vscode\extensions\redhat.java-1.41.1-win32-x64\jre\21.0.6-win32-x86_64\bin\jli.dll
0x00007ffd97fb0000 - 0x00007ffd9814d000 	C:\Windows\System32\USER32.dll
0x00007ffd97040000 - 0x00007ffd97062000 	C:\Windows\System32\win32u.dll
0x00007ffd97230000 - 0x00007ffd9725b000 	C:\Windows\System32\GDI32.dll
0x00007ffd96ea0000 - 0x00007ffd96fba000 	C:\Windows\System32\gdi32full.dll
0x00007ffd96e00000 - 0x00007ffd96e9d000 	C:\Windows\System32\msvcp_win.dll
0x00007ffd80400000 - 0x00007ffd8041e000 	c:\Users\siamt\.vscode\extensions\redhat.java-1.41.1-win32-x64\jre\21.0.6-win32-x86_64\bin\VCRUNTIME140.dll
0x00007ffd7fb80000 - 0x00007ffd7fe1a000 	C:\Windows\WinSxS\amd64_microsoft.windows.common-controls_6595b64144ccf1df_6.0.19041.4355_none_60b8b9eb71f62e16\COMCTL32.dll
0x00007ffd98910000 - 0x00007ffd989ae000 	C:\Windows\System32\msvcrt.dll
0x00007ffd988e0000 - 0x00007ffd9890f000 	C:\Windows\System32\IMM32.DLL
0x00007ffd82230000 - 0x00007ffd8223c000 	c:\Users\siamt\.vscode\extensions\redhat.java-1.41.1-win32-x64\jre\21.0.6-win32-x86_64\bin\vcruntime140_1.dll
0x00007ffd3fce0000 - 0x00007ffd3fd6d000 	c:\Users\siamt\.vscode\extensions\redhat.java-1.41.1-win32-x64\jre\21.0.6-win32-x86_64\bin\msvcp140.dll
0x00007ffd007b0000 - 0x00007ffd01540000 	c:\Users\siamt\.vscode\extensions\redhat.java-1.41.1-win32-x64\jre\21.0.6-win32-x86_64\bin\server\jvm.dll
0x00007ffd989b0000 - 0x00007ffd98a5f000 	C:\Windows\System32\ADVAPI32.dll
0x00007ffd987e0000 - 0x00007ffd9887f000 	C:\Windows\System32\sechost.dll
0x00007ffd98a60000 - 0x00007ffd98b83000 	C:\Windows\System32\RPCRT4.dll
0x00007ffd97070000 - 0x00007ffd97097000 	C:\Windows\System32\bcrypt.dll
0x00007ffd98760000 - 0x00007ffd987cb000 	C:\Windows\System32\WS2_32.dll
0x00007ffd95e40000 - 0x00007ffd95e8b000 	C:\Windows\SYSTEM32\POWRPROF.dll
0x00007ffd83670000 - 0x00007ffd83697000 	C:\Windows\SYSTEM32\WINMM.dll
0x00007ffd8ffd0000 - 0x00007ffd8ffda000 	C:\Windows\SYSTEM32\VERSION.dll
0x00007ffd95ca0000 - 0x00007ffd95cb2000 	C:\Windows\SYSTEM32\UMPDC.dll
0x00007ffd95080000 - 0x00007ffd95092000 	C:\Windows\SYSTEM32\kernel.appcore.dll
0x00007ffd820e0000 - 0x00007ffd820ea000 	c:\Users\siamt\.vscode\extensions\redhat.java-1.41.1-win32-x64\jre\21.0.6-win32-x86_64\bin\jimage.dll
0x00007ffd94c60000 - 0x00007ffd94e44000 	C:\Windows\SYSTEM32\DBGHELP.DLL
0x00007ffd7d920000 - 0x00007ffd7d954000 	C:\Windows\SYSTEM32\dbgcore.DLL
0x00007ffd971a0000 - 0x00007ffd97222000 	C:\Windows\System32\bcryptPrimitives.dll
0x00007ffd80d10000 - 0x00007ffd80d1f000 	c:\Users\siamt\.vscode\extensions\redhat.java-1.41.1-win32-x64\jre\21.0.6-win32-x86_64\bin\instrument.dll
0x00007ffd7db50000 - 0x00007ffd7db6f000 	c:\Users\siamt\.vscode\extensions\redhat.java-1.41.1-win32-x64\jre\21.0.6-win32-x86_64\bin\java.dll
0x00007ffd972f0000 - 0x00007ffd97a5f000 	C:\Windows\System32\SHELL32.dll
0x00007ffd944b0000 - 0x00007ffd94c53000 	C:\Windows\SYSTEM32\windows.storage.dll
0x00007ffd97a70000 - 0x00007ffd97dc5000 	C:\Windows\System32\combase.dll
0x00007ffd962d0000 - 0x00007ffd962fb000 	C:\Windows\SYSTEM32\Wldp.dll
0x00007ffd99100000 - 0x00007ffd991cd000 	C:\Windows\System32\OLEAUT32.dll
0x00007ffd98400000 - 0x00007ffd984ad000 	C:\Windows\System32\SHCORE.dll
0x00007ffd98880000 - 0x00007ffd988d5000 	C:\Windows\System32\shlwapi.dll
0x00007ffd967d0000 - 0x00007ffd967f5000 	C:\Windows\SYSTEM32\profapi.dll
0x00007ffd7c400000 - 0x00007ffd7c418000 	c:\Users\siamt\.vscode\extensions\redhat.java-1.41.1-win32-x64\jre\21.0.6-win32-x86_64\bin\zip.dll
0x00007ffd7c600000 - 0x00007ffd7c610000 	C:\Users\siamt\.vscode\extensions\redhat.java-1.41.1-win32-x64\jre\21.0.6-win32-x86_64\bin\net.dll
0x00007ffd93290000 - 0x00007ffd9339a000 	C:\Windows\SYSTEM32\WINHTTP.dll
0x00007ffd96030000 - 0x00007ffd9609c000 	C:\Windows\system32\mswsock.dll
0x00007ffd7bcf0000 - 0x00007ffd7bd06000 	C:\Users\siamt\.vscode\extensions\redhat.java-1.41.1-win32-x64\jre\21.0.6-win32-x86_64\bin\nio.dll
0x00007ffd7c5e0000 - 0x00007ffd7c5f0000 	c:\Users\siamt\.vscode\extensions\redhat.java-1.41.1-win32-x64\jre\21.0.6-win32-x86_64\bin\verify.dll
0x00007ffd51050000 - 0x00007ffd51095000 	C:\Users\siamt\AppData\Roaming\Code\User\globalStorage\redhat.java\1.41.1\config_win\org.eclipse.equinox.launcher\org.eclipse.equinox.launcher.win32.win32.x86_64_1.2.1300.v20250331-1702\eclipse_11911.dll
0x00007ffd97e80000 - 0x00007ffd97fab000 	C:\Windows\System32\ole32.dll
0x00007ffd96220000 - 0x00007ffd96238000 	C:\Windows\SYSTEM32\CRYPTSP.dll
0x00007ffd958b0000 - 0x00007ffd958e8000 	C:\Windows\system32\rsaenh.dll
0x00007ffd96790000 - 0x00007ffd967be000 	C:\Windows\SYSTEM32\USERENV.dll
0x00007ffd96240000 - 0x00007ffd9624c000 	C:\Windows\SYSTEM32\CRYPTBASE.dll
0x00007ffd95cc0000 - 0x00007ffd95cfb000 	C:\Windows\SYSTEM32\IPHLPAPI.DLL
0x00007ffd98b90000 - 0x00007ffd98b98000 	C:\Windows\System32\NSI.dll
0x00007ffd46980000 - 0x00007ffd469c9000 	C:\Users\siamt\AppData\Local\Temp\jna-109429682\jna5424801841055528315.dll
0x00007ffd987d0000 - 0x00007ffd987d8000 	C:\Windows\System32\PSAPI.DLL
0x00007ffd90240000 - 0x00007ffd90257000 	C:\Windows\SYSTEM32\dhcpcsvc6.DLL
0x00007ffd90220000 - 0x00007ffd9023d000 	C:\Windows\SYSTEM32\dhcpcsvc.DLL
0x00007ffd939e0000 - 0x00007ffd939ee000 	C:\Users\siamt\.vscode\extensions\redhat.java-1.41.1-win32-x64\jre\21.0.6-win32-x86_64\bin\sunmscapi.dll
0x00007ffd968a0000 - 0x00007ffd969fd000 	C:\Windows\System32\CRYPT32.dll
0x00007ffd96340000 - 0x00007ffd96367000 	C:\Windows\SYSTEM32\ncrypt.dll
0x00007ffd96300000 - 0x00007ffd9633b000 	C:\Windows\SYSTEM32\NTASN1.dll
0x00007ffd95d00000 - 0x00007ffd95dca000 	C:\Windows\SYSTEM32\DNSAPI.dll
0x00007ffd8fab0000 - 0x00007ffd8faba000 	C:\Windows\System32\rasadhlp.dll
0x00007ffd8ef00000 - 0x00007ffd8ef80000 	C:\Windows\System32\fwpuclnt.dll
0x00007ffd8a7f0000 - 0x00007ffd8a7f9000 	C:\Users\siamt\.vscode\extensions\redhat.java-1.41.1-win32-x64\jre\21.0.6-win32-x86_64\bin\extnet.dll

dbghelp: loaded successfully - version: 4.0.5 - missing functions: none
symbol engine: initialized successfully - sym options: 0x614 - pdb path: .;c:\Users\siamt\.vscode\extensions\redhat.java-1.41.1-win32-x64\jre\21.0.6-win32-x86_64\bin;C:\Windows\SYSTEM32;C:\Windows\WinSxS\amd64_microsoft.windows.common-controls_6595b64144ccf1df_6.0.19041.4355_none_60b8b9eb71f62e16;c:\Users\siamt\.vscode\extensions\redhat.java-1.41.1-win32-x64\jre\21.0.6-win32-x86_64\bin\server;C:\Users\siamt\AppData\Roaming\Code\User\globalStorage\redhat.java\1.41.1\config_win\org.eclipse.equinox.launcher\org.eclipse.equinox.launcher.win32.win32.x86_64_1.2.1300.v20250331-1702;C:\Users\siamt\AppData\Local\Temp\jna-109429682

VM Arguments:
jvm_args: --add-modules=ALL-SYSTEM --add-opens=java.base/java.util=ALL-UNNAMED --add-opens=java.base/java.lang=ALL-UNNAMED --add-opens=java.base/sun.nio.fs=ALL-UNNAMED -Declipse.application=org.eclipse.jdt.ls.core.id1 -Dosgi.bundles.defaultStartLevel=4 -Declipse.product=org.eclipse.jdt.ls.core.product -Djava.import.generatesMetadataFilesAtProjectRoot=false -DDetectVMInstallationsJob.disabled=true -Dfile.encoding=utf8 -XX:+UseParallelGC -XX:GCTimeRatio=4 -XX:AdaptiveSizePolicyWeight=90 -Dsun.zip.disableMemoryMapping=true -Xmx1G -Xms100m -Xlog:disable -javaagent:c:\Users\siamt\.vscode\extensions\redhat.java-1.41.1-win32-x64\lombok\lombok-1.18.36.jar -XX:+HeapDumpOnOutOfMemoryError -XX:HeapDumpPath=c:\Users\siamt\AppData\Roaming\Code\User\workspaceStorage\dd7394eb05b73c83b8f0941483c434cb\redhat.java -Daether.dependencyCollector.impl=bf 
java_command: c:\Users\siamt\.vscode\extensions\redhat.java-1.41.1-win32-x64\server\plugins\org.eclipse.equinox.launcher_1.7.0.v20250331-1702.jar -configuration c:\Users\siamt\AppData\Roaming\Code\User\globalStorage\redhat.java\1.41.1\config_win -data c:\Users\siamt\AppData\Roaming\Code\User\workspaceStorage\dd7394eb05b73c83b8f0941483c434cb\redhat.java\jdt_ws --pipe=\\.\pipe\lsp-baf032adf13cb9e53a103d0f7868e727-sock
java_class_path (initial): c:\Users\siamt\.vscode\extensions\redhat.java-1.41.1-win32-x64\server\plugins\org.eclipse.equinox.launcher_1.7.0.v20250331-1702.jar
Launcher Type: SUN_STANDARD

[Global flags]
    uintx AdaptiveSizePolicyWeight                 = 90                                        {product} {command line}
     intx CICompilerCount                          = 4                                         {product} {ergonomic}
    uintx GCTimeRatio                              = 4                                         {product} {command line}
     bool HeapDumpOnOutOfMemoryError               = true                                   {manageable} {command line}
    ccstr HeapDumpPath                             = c:\Users\siamt\AppData\Roaming\Code\User\workspaceStorage\dd7394eb05b73c83b8f0941483c434cb\redhat.java         {manageable} {command line}
   size_t InitialHeapSize                          = 104857600                                 {product} {command line}
   size_t MaxHeapSize                              = 1073741824                                {product} {command line}
   size_t MaxNewSize                               = 357564416                                 {product} {ergonomic}
   size_t MinHeapDeltaBytes                        = 524288                                    {product} {ergonomic}
   size_t MinHeapSize                              = 104857600                                 {product} {command line}
   size_t NewSize                                  = 34603008                                  {product} {ergonomic}
    uintx NonNMethodCodeHeapSize                   = 5839372                                {pd product} {ergonomic}
    uintx NonProfiledCodeHeapSize                  = 122909434                              {pd product} {ergonomic}
   size_t OldSize                                  = 70254592                                  {product} {ergonomic}
    uintx ProfiledCodeHeapSize                     = 122909434                              {pd product} {ergonomic}
    uintx ReservedCodeCacheSize                    = 251658240                              {pd product} {ergonomic}
     bool SegmentedCodeCache                       = true                                      {product} {ergonomic}
   size_t SoftMaxHeapSize                          = 1073741824                             {manageable} {ergonomic}
     bool UseCompressedOops                        = true                           {product lp64_product} {ergonomic}
     bool UseLargePagesIndividualAllocation        = false                                  {pd product} {ergonomic}
     bool UseParallelGC                            = true                                      {product} {command line}

Logging:
Log output configuration:
 #0: stdout all=off uptime,level,tags foldmultilines=false
 #1: stderr all=off uptime,level,tags foldmultilines=false

Environment Variables:
JAVA_HOME=E:\Java\jdk-19
PATH=D:\amazon_caratto\jdk17.0.10_7\bin;D:\vmareeeeeee\bin\;C:\Program Files\Common Files\Oracle\Java\javapath;C:\Windows\system32;C:\Windows;C:\Windows\System32\Wbem;C:\Windows\System32\WindowsPowerShell\v1.0\;C:\Windows\System32\OpenSSH\;C:\TDM-GCC-32\bin;C:\MinGW\bin;E:\Java\jdk-19\bin;E:\Java\jdk-19\bin;C:\Program Files\Microsoft SQL Server\Client SDK\ODBC\170\Tools\Binn\;C:\Program Files (x86)\Microsoft SQL Server\160\Tools\Binn\;C:\Program Files\Microsoft SQL Server\160\Tools\Binn\;C:\Program Files\Microsoft SQL Server\160\DTS\Binn\;C:\Program Files (x86)\Microsoft SQL Server\150\Tools\Binn\;C:\Program Files\Microsoft SQL Server\150\Tools\Binn\;C:\Program Files\Microsoft SQL Server\150\DTS\Binn\;C:\Program Files\CodeBlocks\MinGW\bin;D:\MinGW\bin;C:\Program Files\Azure Data Studio\bin;D:\samp\php;D:\all software all type of file;D:\Git\cmd;D:\tdm\bin;E:\forth_year_lab\mathlab\bin;D:\NodeJs\;C:\ProgramData\chocolatey\bin;D:\NodeJs;C:\Users\siamt\AppData\Roaming\npm;C:\Program Files\Docker\Docker\resources\bin;D:\Office\kafka_2.13-3.9.0\bin;C:\Program Files\MongoDB\Server\8.0\bin;E:\Program File\Scripts\;E:\Program File\;C:\Users\siamt\AppData\Local\Microsoft\WindowsApps;;C:\Program Files\Azure Data Studio\bin;D:\Microsoft VS Code\bin;C:\Program Files\Azure Data Studio\bin;C:\Users\siamt\AppData\Roaming\npm;D:\modeeellsim\modelsim_ase\win32aloem
USERNAME=siamt
OS=Windows_NT
PROCESSOR_IDENTIFIER=Intel64 Family 6 Model 140 Stepping 1, GenuineIntel
TMP=C:\Users\siamt\AppData\Local\Temp
TEMP=C:\Users\siamt\AppData\Local\Temp




Periodic native trim disabled

---------------  S Y S T E M  ---------------

OS:
 Windows 10 , 64 bit Build 19041 (10.0.19041.5678)
OS uptime: 3 days 8:49 hours
Hyper-V role detected

CPU: total 8 (initial active 8) (4 cores per cpu, 2 threads per core) family 6 model 140 stepping 1 microcode 0xa4, cx8, cmov, fxsr, ht, mmx, 3dnowpref, sse, sse2, sse3, ssse3, sse4.1, sse4.2, popcnt, lzcnt, tsc, tscinvbit, avx, avx2, aes, erms, clmul, bmi1, bmi2, adx, avx512f, avx512dq, avx512cd, avx512bw, avx512vl, sha, fma, vzeroupper, avx512_vpopcntdq, avx512_vpclmulqdq, avx512_vaes, avx512_vnni, clflush, clflushopt, clwb, avx512_vbmi2, avx512_vbmi, hv, rdtscp, rdpid, fsrm, gfni, avx512_bitalg, f16c, cet_ibt, cet_ss, avx512_ifma
Processor Information for the first 8 processors :
  Max Mhz: 2419, Current Mhz: 2419, Mhz Limit: 2419

Memory: 4k page, system-wide physical 7886M (356M free)
TotalPageFile size 20995M (AvailPageFile size 0M)
current process WorkingSet (physical memory assigned to process): 542M, peak: 814M
current process commit charge ("private bytes"): 882M, peak: 1032M

vm_info: OpenJDK 64-Bit Server VM (21.0.6+7-LTS) for windows-amd64 JRE (21.0.6+7-LTS), built on 2025-01-21T00:00:00Z by "admin" with MS VC++ 17.7 (VS2022)

END.
