#
# There is insufficient memory for the Java Runtime Environment to continue.
# Native memory allocation (mmap) failed to map 130023424 bytes for G1 virtual space
# Possible reasons:
#   The system is out of physical RAM or swap space
#   The process is running with CompressedOops enabled, and the Java Heap may be blocking the growth of the native heap
# Possible solutions:
#   Reduce memory load on the system
#   Increase physical memory or swap space
#   Check if swap backing store is full
#   Decrease Java heap size (-Xmx/-Xms)
#   Decrease number of Java threads
#   Decrease Java thread stack sizes (-Xss)
#   Set larger code cache with -XX:ReservedCodeCacheSize=
#   JVM is running with Unscaled Compressed Oops mode in which the Java heap is
#     placed in the first 4GB address space. The Java Heap base address is the
#     maximum limit for the native heap growth. Please use -XX:HeapBaseMinAddress
#     to set the Java Heap base and to place the Java Heap above 4GB virtual address.
# This output file may be truncated or incomplete.
#
#  Out of Memory Error (os_windows.cpp:3613), pid=18332, tid=19920
#
# JRE version:  (17.0.10+7) (build )
# Java VM: OpenJDK 64-Bit Server VM (17.0.10+7-LTS, mixed mode, sharing, tiered, compressed oops, compressed class ptrs, g1 gc, windows-amd64)
# No core dump will be written. Minidumps are not enabled by default on client versions of Windows
#

---------------  S U M M A R Y ------------

Command Line: -XX:+ShowCodeDetailsInExceptionMessages com.edupro.EducationWeb.EducationWebApplication

Host: 11th Gen Intel(R) Core(TM) i5-1135G7 @ 2.40GHz, 8 cores, 7G,  Windows 10 , 64 bit Build 19041 (10.0.19041.5794)
Time: Sat May 17 20:38:16 2025 Bangladesh Standard Time elapsed time: 0.045813 seconds (0d 0h 0m 0s)

---------------  T H R E A D  ---------------

Current thread (0x0000029333b53590):  JavaThread "Unknown thread" [_thread_in_vm, id=19920, stack(0x000000bb69500000,0x000000bb69600000)]

Stack: [0x000000bb69500000,0x000000bb69600000]
Native frames: (J=compiled Java code, j=interpreted, Vv=VM code, C=native code)
V  [jvm.dll+0x67d2c9]
V  [jvm.dll+0x834b1a]
V  [jvm.dll+0x8365de]
V  [jvm.dll+0x836c43]
V  [jvm.dll+0x2477ff]
V  [jvm.dll+0x67a109]
V  [jvm.dll+0x66eb7a]
V  [jvm.dll+0x30764b]
V  [jvm.dll+0x30eaf6]
V  [jvm.dll+0x35e83e]
V  [jvm.dll+0x35ea6f]
V  [jvm.dll+0x2de248]
V  [jvm.dll+0x2df1b4]
V  [jvm.dll+0x806381]
V  [jvm.dll+0x36c6f1]
V  [jvm.dll+0x7e4e26]
V  [jvm.dll+0x3eff3f]
V  [jvm.dll+0x3f1b71]
C  [jli.dll+0x528f]
C  [ucrtbase.dll+0x21bb2]
C  [KERNEL32.DLL+0x17374]
C  [ntdll.dll+0x4cc91]


---------------  P R O C E S S  ---------------

Threads class SMR info:
_java_thread_list=0x00007ff8fc63ee98, length=0, elements={
}

Java Threads: ( => current thread )

Other Threads:
  0x0000029333bb4240 GCTaskThread "GC Thread#0" [stack: 0x000000bb69600000,0x000000bb69700000] [id=4684]
  0x0000029333bc5730 ConcurrentGCThread "G1 Main Marker" [stack: 0x000000bb69700000,0x000000bb69800000] [id=12736]
  0x0000029333bc6060 ConcurrentGCThread "G1 Conc#0" [stack: 0x000000bb69800000,0x000000bb69900000] [id=17956]

[error occurred during error reporting (printing all threads), id 0xc0000005, EXCEPTION_ACCESS_VIOLATION (0xc0000005) at pc=0x00007ff8fbdfec87]

VM state: not at safepoint (not fully initialized)

VM Mutex/Monitor currently owned by a thread:  ([mutex/lock_event])
[0x0000029333b3ac20] Heap_lock - owner thread: 0x0000029333b53590

Heap address: 0x0000000084c00000, size: 1972 MB, Compressed Oops mode: 32-bit

CDS archive(s) mapped at: [0x0000000000000000-0x0000000000000000-0x0000000000000000), size 0, SharedBaseAddress: 0x0000000800000000, ArchiveRelocationMode: 1.
Narrow klass base: 0x0000000000000000, Narrow klass shift: 0, Narrow klass range: 0x0

GC Precious Log:
<Empty>

Heap:
 garbage-first heap   total 0K, used 0K [0x0000000084c00000, 0x0000000100000000)
  region size 1024K, 0 young (0K), 0 survivors (0K)

[error occurred during error reporting (printing heap information), id 0xc0000005, EXCEPTION_ACCESS_VIOLATION (0xc0000005) at pc=0x00007ff8fc1e6fb9]

GC Heap History (0 events):
No events

Dll operation events (1 events):
Event: 0.017 Loaded shared library D:\amazon_caratto\jdk17.0.10_7\bin\java.dll

Deoptimization events (0 events):
No events

Classes unloaded (0 events):
No events

Classes redefined (0 events):
No events

Internal exceptions (0 events):
No events

VM Operations (0 events):
No events

Events (0 events):
No events


Dynamic libraries:
0x00007ff6d0ed0000 - 0x00007ff6d0ede000 	D:\amazon_caratto\jdk17.0.10_7\bin\java.exe
0x00007ff93ef90000 - 0x00007ff93f188000 	C:\Windows\SYSTEM32\ntdll.dll
0x00007ff93d130000 - 0x00007ff93d1f2000 	C:\Windows\System32\KERNEL32.DLL
0x00007ff93c630000 - 0x00007ff93c926000 	C:\Windows\System32\KERNELBASE.dll
0x00007ff93ccc0000 - 0x00007ff93cdc0000 	C:\Windows\System32\ucrtbase.dll
0x00007ff935d90000 - 0x00007ff935da7000 	D:\amazon_caratto\jdk17.0.10_7\bin\jli.dll
0x00007ff935d70000 - 0x00007ff935d8b000 	D:\amazon_caratto\jdk17.0.10_7\bin\VCRUNTIME140.dll
0x00007ff93d200000 - 0x00007ff93d39d000 	C:\Windows\System32\USER32.dll
0x00007ff93cdc0000 - 0x00007ff93cde2000 	C:\Windows\System32\win32u.dll
0x00007ff93d830000 - 0x00007ff93d85b000 	C:\Windows\System32\GDI32.dll
0x00007ff9227f0000 - 0x00007ff922a8a000 	C:\Windows\WinSxS\amd64_microsoft.windows.common-controls_6595b64144ccf1df_6.0.19041.5794_none_60bcd33171f2783c\COMCTL32.dll
0x00007ff93cdf0000 - 0x00007ff93cf0a000 	C:\Windows\System32\gdi32full.dll
0x00007ff93d790000 - 0x00007ff93d82e000 	C:\Windows\System32\msvcrt.dll
0x00007ff93ca30000 - 0x00007ff93cacd000 	C:\Windows\System32\msvcp_win.dll
0x00007ff93edb0000 - 0x00007ff93eddf000 	C:\Windows\System32\IMM32.DLL
0x00007ff936f90000 - 0x00007ff936f9c000 	D:\amazon_caratto\jdk17.0.10_7\bin\vcruntime140_1.dll
0x00007ff9042a0000 - 0x00007ff90432d000 	D:\amazon_caratto\jdk17.0.10_7\bin\msvcp140.dll
0x00007ff8fbb10000 - 0x00007ff8fc772000 	D:\amazon_caratto\jdk17.0.10_7\bin\server\jvm.dll
0x00007ff93e0f0000 - 0x00007ff93e19f000 	C:\Windows\System32\ADVAPI32.dll
0x00007ff93ee00000 - 0x00007ff93ee9f000 	C:\Windows\System32\sechost.dll
0x00007ff93ec20000 - 0x00007ff93ed43000 	C:\Windows\System32\RPCRT4.dll
0x00007ff93cf90000 - 0x00007ff93cfb7000 	C:\Windows\System32\bcrypt.dll
0x00007ff93bb70000 - 0x00007ff93bbbb000 	C:\Windows\SYSTEM32\POWRPROF.dll
0x00007ff8cbce0000 - 0x00007ff8cbce9000 	C:\Windows\SYSTEM32\WSOCK32.dll
0x00007ff924040000 - 0x00007ff924067000 	C:\Windows\SYSTEM32\WINMM.dll
0x00007ff93d930000 - 0x00007ff93d99b000 	C:\Windows\System32\WS2_32.dll
0x00007ff938cd0000 - 0x00007ff938cda000 	C:\Windows\SYSTEM32\VERSION.dll
0x00007ff93ba30000 - 0x00007ff93ba42000 	C:\Windows\SYSTEM32\UMPDC.dll
0x00007ff93ae10000 - 0x00007ff93ae22000 	C:\Windows\SYSTEM32\kernel.appcore.dll
0x00007ff935d60000 - 0x00007ff935d6a000 	D:\amazon_caratto\jdk17.0.10_7\bin\jimage.dll
0x00007ff93a9d0000 - 0x00007ff93abd1000 	C:\Windows\SYSTEM32\DBGHELP.DLL
0x00007ff924e20000 - 0x00007ff924e54000 	C:\Windows\SYSTEM32\dbgcore.DLL
0x00007ff93cad0000 - 0x00007ff93cb52000 	C:\Windows\System32\bcryptPrimitives.dll
0x00007ff92ed60000 - 0x00007ff92ed85000 	D:\amazon_caratto\jdk17.0.10_7\bin\java.dll

dbghelp: loaded successfully - version: 4.0.5 - missing functions: none
symbol engine: initialized successfully - sym options: 0x614 - pdb path: .;D:\amazon_caratto\jdk17.0.10_7\bin;C:\Windows\SYSTEM32;C:\Windows\WinSxS\amd64_microsoft.windows.common-controls_6595b64144ccf1df_6.0.19041.5794_none_60bcd33171f2783c;D:\amazon_caratto\jdk17.0.10_7\bin\server

VM Arguments:
jvm_args: -XX:+ShowCodeDetailsInExceptionMessages 
java_command: com.edupro.EducationWeb.EducationWebApplication
java_class_path (initial): D:\My_All_Personal_Project\MicroserviceItBasedEdutech\ITBasedEducationAndProfessionMicroservice\EducationWeb\target\classes;C:\Users\siamt\.m2\repository\org\springframework\boot\spring-boot-starter-web\3.4.0\spring-boot-starter-web-3.4.0.jar;C:\Users\siamt\.m2\repository\org\springframework\boot\spring-boot-starter\3.4.0\spring-boot-starter-3.4.0.jar;C:\Users\siamt\.m2\repository\org\springframework\boot\spring-boot-starter-logging\3.4.0\spring-boot-starter-logging-3.4.0.jar;C:\Users\siamt\.m2\repository\ch\qos\logback\logback-classic\1.5.12\logback-classic-1.5.12.jar;C:\Users\siamt\.m2\repository\ch\qos\logback\logback-core\1.5.12\logback-core-1.5.12.jar;C:\Users\siamt\.m2\repository\org\apache\logging\log4j\log4j-to-slf4j\2.24.1\log4j-to-slf4j-2.24.1.jar;C:\Users\siamt\.m2\repository\org\apache\logging\log4j\log4j-api\2.24.1\log4j-api-2.24.1.jar;C:\Users\siamt\.m2\repository\org\slf4j\jul-to-slf4j\2.0.16\jul-to-slf4j-2.0.16.jar;C:\Users\siamt\.m2\repository\jakarta\annotation\jakarta.annotation-api\2.1.1\jakarta.annotation-api-2.1.1.jar;C:\Users\siamt\.m2\repository\org\yaml\snakeyaml\2.3\snakeyaml-2.3.jar;C:\Users\siamt\.m2\repository\org\springframework\boot\spring-boot-starter-json\3.4.0\spring-boot-starter-json-3.4.0.jar;C:\Users\siamt\.m2\repository\com\fasterxml\jackson\core\jackson-databind\2.18.1\jackson-databind-2.18.1.jar;C:\Users\siamt\.m2\repository\com\fasterxml\jackson\core\jackson-annotations\2.18.1\jackson-annotations-2.18.1.jar;C:\Users\siamt\.m2\repository\com\fasterxml\jackson\core\jackson-core\2.18.1\jackson-core-2.18.1.jar;C:\Users\siamt\.m2\repository\com\fasterxml\jackson\datatype\jackson-datatype-jdk8\2.18.1\jackson-datatype-jdk8-2.18.1.jar;C:\Users\siamt\.m2\repository\com\fasterxml\jackson\datatype\jackson-datatype-jsr310\2.18.1\jackson-datatype-jsr310-2.18.1.jar;C:\Users\siamt\.m2\repository\com\fasterxml\jackson\module\jackson-module-parameter-names\2.18.1\jackson-module-parameter-names-2.18.1.jar;C:\Users\
Launcher Type: SUN_STANDARD

[Global flags]
     intx CICompilerCount                          = 4                                         {product} {ergonomic}
     uint ConcGCThreads                            = 2                                         {product} {ergonomic}
     uint G1ConcRefinementThreads                  = 8                                         {product} {ergonomic}
   size_t G1HeapRegionSize                         = 1048576                                   {product} {ergonomic}
    uintx GCDrainStackTargetSize                   = 64                                        {product} {ergonomic}
   size_t InitialHeapSize                          = 130023424                                 {product} {ergonomic}
   size_t MarkStackSize                            = 4194304                                   {product} {ergonomic}
   size_t MaxHeapSize                              = 2067791872                                {product} {ergonomic}
   size_t MinHeapDeltaBytes                        = 1048576                                   {product} {ergonomic}
   size_t MinHeapSize                              = 8388608                                   {product} {ergonomic}
    uintx NonNMethodCodeHeapSize                   = 5839372                                {pd product} {ergonomic}
    uintx NonProfiledCodeHeapSize                  = 122909434                              {pd product} {ergonomic}
    uintx ProfiledCodeHeapSize                     = 122909434                              {pd product} {ergonomic}
    uintx ReservedCodeCacheSize                    = 251658240                              {pd product} {ergonomic}
     bool SegmentedCodeCache                       = true                                      {product} {ergonomic}
     bool ShowCodeDetailsInExceptionMessages       = true                                   {manageable} {command line}
   size_t SoftMaxHeapSize                          = 2067791872                             {manageable} {ergonomic}
     bool UseCompressedClassPointers               = true                           {product lp64_product} {ergonomic}
     bool UseCompressedOops                        = true                           {product lp64_product} {ergonomic}
     bool UseG1GC                                  = true                                      {product} {ergonomic}
     bool UseLargePagesIndividualAllocation        = false                                  {pd product} {ergonomic}

Logging:
Log output configuration:
 #0: stdout all=warning uptime,level,tags
 #1: stderr all=off uptime,level,tags

Environment Variables:
JAVA_HOME=E:\Java\jdk-19
PATH=D:\amazon_caratto\jdk17.0.10_7\bin;D:\vmareeeeeee\bin\;C:\Program Files\Common Files\Oracle\Java\javapath;C:\Windows\system32;C:\Windows;C:\Windows\System32\Wbem;C:\Windows\System32\WindowsPowerShell\v1.0\;C:\Windows\System32\OpenSSH\;C:\TDM-GCC-32\bin;C:\MinGW\bin;E:\Java\jdk-19\bin;E:\Java\jdk-19\bin;C:\Program Files\Microsoft SQL Server\Client SDK\ODBC\170\Tools\Binn\;C:\Program Files (x86)\Microsoft SQL Server\160\Tools\Binn\;C:\Program Files\Microsoft SQL Server\160\Tools\Binn\;C:\Program Files\Microsoft SQL Server\160\DTS\Binn\;C:\Program Files (x86)\Microsoft SQL Server\150\Tools\Binn\;C:\Program Files\Microsoft SQL Server\150\Tools\Binn\;C:\Program Files\Microsoft SQL Server\150\DTS\Binn\;C:\Program Files\CodeBlocks\MinGW\bin;D:\MinGW\bin;C:\Program Files\Azure Data Studio\bin;D:\samp\php;D:\all software all type of file;D:\Git\cmd;D:\tdm\bin;E:\forth_year_lab\mathlab\bin;D:\NodeJs\;C:\ProgramData\chocolatey\bin;D:\NodeJs;C:\Users\siamt\AppData\Roaming\npm;C:\Program Files\Docker\Docker\resources\bin;D:\Office\kafka_2.13-3.9.0\bin;C:\Program Files\MongoDB\Server\8.0\bin;E:\Program File\Scripts\;E:\Program File\;C:\Users\siamt\AppData\Local\Microsoft\WindowsApps;;C:\Program Files\Azure Data Studio\bin;D:\Microsoft VS Code\bin;C:\Program Files\Azure Data Studio\bin;C:\Users\siamt\AppData\Roaming\npm;D:\modeeellsim\modelsim_ase\win32aloem
USERNAME=siamt
LANG=en_US.UTF-8
OS=Windows_NT
PROCESSOR_IDENTIFIER=Intel64 Family 6 Model 140 Stepping 1, GenuineIntel
TMP=C:\Users\siamt\AppData\Local\Temp
TEMP=C:\Users\siamt\AppData\Local\Temp



Periodic native trim disabled


---------------  S Y S T E M  ---------------

OS:
 Windows 10 , 64 bit Build 19041 (10.0.19041.5794)
OS uptime: 0 days 0:53 hours
Hyper-V role detected

CPU: total 8 (initial active 8) (4 cores per cpu, 2 threads per core) family 6 model 140 stepping 1 microcode 0xa4, cx8, cmov, fxsr, ht, mmx, 3dnowpref, sse, sse2, sse3, ssse3, sse4.1, sse4.2, popcnt, lzcnt, tsc, tscinvbit, avx, avx2, aes, erms, clmul, bmi1, bmi2, adx, avx512f, avx512dq, avx512cd, avx512bw, avx512vl, sha, fma, vzeroupper, avx512_vpopcntdq, avx512_vpclmulqdq, avx512_vaes, avx512_vnni, clflush, clflushopt, clwb, avx512_vbmi2, avx512_vbmi, hv
Processor Information for all 8 processors :
  Max Mhz: 2419, Current Mhz: 2419, Mhz Limit: 2419

Memory: 4k page, system-wide physical 7886M (521M free)
TotalPageFile size 20995M (AvailPageFile size 7M)
current process WorkingSet (physical memory assigned to process): 10M, peak: 10M
current process commit charge ("private bytes"): 60M, peak: 184M

vm_info: OpenJDK 64-Bit Server VM (17.0.10+7-LTS) for windows-amd64 JRE (17.0.10+7-LTS), built on Jan 10 2024 22:11:07 by "Administrator" with MS VC++ 16.10 / 16.11 (VS2019)

END.
