#
# There is insufficient memory for the Java Runtime Environment to continue.
# Native memory allocation (malloc) failed to allocate 1487216 bytes. Error detail: Chunk::new
# Possible reasons:
#   The system is out of physical RAM or swap space
#   This process is running with CompressedOops enabled, and the Java Heap may be blocking the growth of the native heap
# Possible solutions:
#   Reduce memory load on the system
#   Increase physical memory or swap space
#   Check if swap backing store is full
#   Decrease Java heap size (-Xmx/-Xms)
#   Decrease number of Java threads
#   Decrease Java thread stack sizes (-Xss)
#   Set larger code cache with -XX:ReservedCodeCacheSize=
#   JVM is running with Unscaled Compressed Oops mode in which the Java heap is
#     placed in the first 4GB address space. The Java Heap base address is the
#     maximum limit for the native heap growth. Please use -XX:HeapBaseMinAddress
#     to set the Java Heap base and to place the Java Heap above 4GB virtual address.
# This output file may be truncated or incomplete.
#
#  Out of Memory Error (arena.cpp:168), pid=22132, tid=22872
#
# JRE version: OpenJDK Runtime Environment Temurin-21.0.7+6 (21.0.7+6) (build 21.0.7+6-LTS)
# Java VM: OpenJDK 64-Bit Server VM Temurin-21.0.7+6 (21.0.7+6-LTS, mixed mode, sharing, tiered, compressed oops, compressed class ptrs, parallel gc, windows-amd64)
# No core dump will be written. Minidumps are not enabled by default on client versions of Windows
#

---------------  S U M M A R Y ------------

Command Line: --add-modules=ALL-SYSTEM --add-opens=java.base/java.util=ALL-UNNAMED --add-opens=java.base/java.lang=ALL-UNNAMED --add-opens=java.base/sun.nio.fs=ALL-UNNAMED -Declipse.application=org.eclipse.jdt.ls.core.id1 -Dosgi.bundles.defaultStartLevel=4 -Declipse.product=org.eclipse.jdt.ls.core.product -Djava.import.generatesMetadataFilesAtProjectRoot=false -DDetectVMInstallationsJob.disabled=true -Dfile.encoding=utf8 -XX:+UseParallelGC -XX:GCTimeRatio=4 -XX:AdaptiveSizePolicyWeight=90 -Dsun.zip.disableMemoryMapping=true -Xmx1G -Xms100m -Xlog:disable -javaagent:c:\Users\siamt\.vscode\extensions\redhat.java-1.42.0-win32-x64\lombok\lombok-1.18.36.jar -XX:+HeapDumpOnOutOfMemoryError -XX:HeapDumpPath=c:\Users\siamt\AppData\Roaming\Code\User\workspaceStorage\04f8c0a12133589577bcd58cc7df5e1b\redhat.java -Daether.dependencyCollector.impl=bf c:\Users\siamt\.vscode\extensions\redhat.java-1.42.0-win32-x64\server\plugins\org.eclipse.equinox.launcher_1.7.0.v20250424-1814.jar -configuration c:\Users\siamt\AppData\Roaming\Code\User\globalStorage\redhat.java\1.42.0\config_win -data c:\Users\siamt\AppData\Roaming\Code\User\workspaceStorage\04f8c0a12133589577bcd58cc7df5e1b\redhat.java\jdt_ws --pipe=\\.\pipe\lsp-feb307586bbd3c91311a09ba9a642027-sock

Host: 11th Gen Intel(R) Core(TM) i5-1135G7 @ 2.40GHz, 8 cores, 7G,  Windows 10 , 64 bit Build 19041 (10.0.19041.5794)
Time: Sat May 17 17:33:19 2025 Bangladesh Standard Time elapsed time: 37.263943 seconds (0d 0h 0m 37s)

---------------  T H R E A D  ---------------

Current thread (0x000001b06a25f350):  JavaThread "C2 CompilerThread0" daemon [_thread_in_native, id=22872, stack(0x0000003546000000,0x0000003546100000) (1024K)]


Current CompileTask:
C2:37264 12101   !   4       org.eclipse.jdt.internal.core.search.indexing.BinaryIndexer::indexDocument (1168 bytes)

Stack: [0x0000003546000000,0x0000003546100000]
Native frames: (J=compiled Java code, j=interpreted, Vv=VM code, C=native code)
V  [jvm.dll+0x6ce119]
V  [jvm.dll+0x8a84a1]
V  [jvm.dll+0x8aa9ce]
V  [jvm.dll+0x8ab0b3]
V  [jvm.dll+0x27f8a6]
V  [jvm.dll+0xc507d]
V  [jvm.dll+0xc55b3]
V  [jvm.dll+0x3b692c]
V  [jvm.dll+0x1e0029]
V  [jvm.dll+0x247c42]
V  [jvm.dll+0x2470cf]
V  [jvm.dll+0x1c760e]
V  [jvm.dll+0x25695a]
V  [jvm.dll+0x254efa]
V  [jvm.dll+0x3f03f6]
V  [jvm.dll+0x851f6b]
V  [jvm.dll+0x6cc7dd]
C  [ucrtbase.dll+0x21bb2]
C  [KERNEL32.DLL+0x17374]
C  [ntdll.dll+0x4cc91]


---------------  P R O C E S S  ---------------

Threads class SMR info:
_java_thread_list=0x000001b072d744b0, length=57, elements={
0x000001b055ea1e60, 0x000001b06a24d540, 0x000001b06a24ee40, 0x000001b06a250740,
0x000001b06a251650, 0x000001b06a2556a0, 0x000001b06a258100, 0x000001b06a25f350,
0x000001b070030f70, 0x000001b07009d280, 0x000001b07026e3e0, 0x000001b070dc6940,
0x000001b0708e7ca0, 0x000001b0704fdc50, 0x000001b070968a20, 0x000001b071238240,
0x000001b0711e9630, 0x000001b0711d6690, 0x000001b0711d52e0, 0x000001b0711d8760,
0x000001b0711d6d20, 0x000001b0711d73b0, 0x000001b0711d7a40, 0x000001b0711d80d0,
0x000001b0711d5970, 0x000001b0711d6000, 0x000001b07146e2c0, 0x000001b07146cf10,
0x000001b07146d5a0, 0x000001b07146efe0, 0x000001b07146f670, 0x000001b07146c880,
0x000001b07146dc30, 0x000001b07146e950, 0x000001b07146fd00, 0x000001b07252b040,
0x000001b072527530, 0x000001b0725240b0, 0x000001b072527bc0, 0x000001b072526180,
0x000001b072525460, 0x000001b072528250, 0x000001b072525af0, 0x000001b072526810,
0x000001b0725288e0, 0x000001b072528f70, 0x000001b072529c90, 0x000001b072524dd0,
0x000001b070f9a240, 0x000001b070f9e3e0, 0x000001b070f9af60, 0x000001b070f9ea70,
0x000001b070fa1860, 0x000001b070fa11d0, 0x000001b070f9d6c0, 0x000001b070f9c9a0,
0x000001b070f9bc80
}

Java Threads: ( => current thread )
  0x000001b055ea1e60 JavaThread "main"                              [_thread_blocked, id=5768, stack(0x0000003545600000,0x0000003545700000) (1024K)]
  0x000001b06a24d540 JavaThread "Reference Handler"          daemon [_thread_blocked, id=15908, stack(0x0000003545a00000,0x0000003545b00000) (1024K)]
  0x000001b06a24ee40 JavaThread "Finalizer"                  daemon [_thread_blocked, id=12536, stack(0x0000003545b00000,0x0000003545c00000) (1024K)]
  0x000001b06a250740 JavaThread "Signal Dispatcher"          daemon [_thread_blocked, id=7336, stack(0x0000003545c00000,0x0000003545d00000) (1024K)]
  0x000001b06a251650 JavaThread "Attach Listener"            daemon [_thread_blocked, id=15460, stack(0x0000003545d00000,0x0000003545e00000) (1024K)]
  0x000001b06a2556a0 JavaThread "Service Thread"             daemon [_thread_blocked, id=17864, stack(0x0000003545e00000,0x0000003545f00000) (1024K)]
  0x000001b06a258100 JavaThread "Monitor Deflation Thread"   daemon [_thread_blocked, id=20532, stack(0x0000003545f00000,0x0000003546000000) (1024K)]
=>0x000001b06a25f350 JavaThread "C2 CompilerThread0"         daemon [_thread_in_native, id=22872, stack(0x0000003546000000,0x0000003546100000) (1024K)]
  0x000001b070030f70 JavaThread "C1 CompilerThread0"         daemon [_thread_blocked, id=14572, stack(0x0000003546100000,0x0000003546200000) (1024K)]
  0x000001b07009d280 JavaThread "Common-Cleaner"             daemon [_thread_blocked, id=18016, stack(0x0000003546200000,0x0000003546300000) (1024K)]
  0x000001b07026e3e0 JavaThread "Notification Thread"        daemon [_thread_blocked, id=20576, stack(0x0000003546400000,0x0000003546500000) (1024K)]
  0x000001b070dc6940 JavaThread "Active Thread: Equinox Container: 24e82ce3-25ab-47df-b7f1-73ce7ba87c80"        [_thread_blocked, id=17056, stack(0x0000003546b00000,0x0000003546c00000) (1024K)]
  0x000001b0708e7ca0 JavaThread "Refresh Thread: Equinox Container: 24e82ce3-25ab-47df-b7f1-73ce7ba87c80" daemon [_thread_blocked, id=20508, stack(0x0000003546d00000,0x0000003546e00000) (1024K)]
  0x000001b0704fdc50 JavaThread "Framework Event Dispatcher: Equinox Container: 24e82ce3-25ab-47df-b7f1-73ce7ba87c80" daemon [_thread_blocked, id=17256, stack(0x0000003546e00000,0x0000003546f00000) (1024K)]
  0x000001b070968a20 JavaThread "Start Level: Equinox Container: 24e82ce3-25ab-47df-b7f1-73ce7ba87c80" daemon [_thread_blocked, id=14756, stack(0x0000003546f00000,0x0000003547000000) (1024K)]
  0x000001b071238240 JavaThread "Bundle File Closer"         daemon [_thread_blocked, id=22908, stack(0x0000003547000000,0x0000003547100000) (1024K)]
  0x000001b0711e9630 JavaThread "SCR Component Actor"        daemon [_thread_blocked, id=12220, stack(0x0000003547100000,0x0000003547200000) (1024K)]
  0x000001b0711d6690 JavaThread "Worker-JM"                         [_thread_blocked, id=21628, stack(0x0000003547200000,0x0000003547300000) (1024K)]
  0x000001b0711d52e0 JavaThread "JNA Cleaner"                daemon [_thread_blocked, id=8000, stack(0x0000003547300000,0x0000003547400000) (1024K)]
  0x000001b0711d8760 JavaThread "Worker-0"                          [_thread_blocked, id=6760, stack(0x0000003547400000,0x0000003547500000) (1024K)]
  0x000001b0711d6d20 JavaThread "Worker-1"                          [_thread_blocked, id=16392, stack(0x0000003547500000,0x0000003547600000) (1024K)]
  0x000001b0711d73b0 
[error occurred during error reporting (printing all threads), id 0xc0000005, EXCEPTION_ACCESS_VIOLATION (0xc0000005) at pc=0x00007ff9002e1162]
VM state: at safepoint (normal execution)

VM Mutex/Monitor currently owned by a thread:  ([mutex/lock_event])
[0x00007ff900bae308] Threads_lock - owner thread: 0x000001b06a232c00
[0x00007ff900bae408] Heap_lock - owner thread: 0x000001b0711d7a40

Heap address: 0x00000000c0000000, size: 1024 MB, Compressed Oops mode: 32-bit

CDS archive(s) mapped at: [0x000001b000000000-0x000001b000ba0000-0x000001b000ba0000), size 12189696, SharedBaseAddress: 0x000001b000000000, ArchiveRelocationMode: 1.
Compressed class space mapped at: 0x000001b001000000-0x000001b041000000, reserved size: 1073741824
Narrow klass base: 0x000001b000000000, Narrow klass shift: 0, Narrow klass range: 0x100000000

GC Precious Log:
 CardTable entry size: 512
 CPUs: 8 total, 8 available
 Memory: 7886M
 Large Page Support: Disabled
 NUMA Support: Disabled
 Compressed Oops: Enabled (32-bit)
 Alignments: Space 512K, Generation 512K, Heap 2M
 Heap Min Capacity: 100M
 Heap Initial Capacity: 100M
 Heap Max Capacity: 1G
 Pre-touch: Disabled
 Parallel Workers: 8

Heap:
 PSYoungGen      total 12800K, used 12264K [0x00000000eab00000, 0x00000000ebc00000, 0x0000000100000000)
  eden space 9216K, 99% used [0x00000000eab00000,0x00000000eb3fcb60,0x00000000eb400000)
  from space 3584K, 85% used [0x00000000eb780000,0x00000000eba7d660,0x00000000ebb00000)
  to   space 3584K, 71% used [0x00000000eb400000,0x00000000eb682860,0x00000000eb780000)
 ParOldGen       total 291328K, used 291320K [0x00000000c0000000, 0x00000000d1c80000, 0x00000000eab00000)
  object space 291328K, 99% used [0x00000000c0000000,0x00000000d1c7e2d8,0x00000000d1c80000)
 Metaspace       used 65161K, committed 66816K, reserved 1114112K
  class space    used 6717K, committed 7488K, reserved 1048576K

Card table byte_map: [0x000001b055880000,0x000001b055a90000] _byte_map_base: 0x000001b055280000

Marking Bits: (ParMarkBitMap*) 0x00007ff900bb31f0
 Begin Bits: [0x000001b0680a0000, 0x000001b0690a0000)
 End Bits:   [0x000001b0690a0000, 0x000001b06a0a0000)

Polling page: 0x000001b055670000

Metaspace:

Usage:
  Non-class:     57.07 MB used.
      Class:      6.56 MB used.
       Both:     63.63 MB used.

Virtual space:
  Non-class space:       64.00 MB reserved,      57.94 MB ( 91%) committed,  1 nodes.
      Class space:        1.00 GB reserved,       7.31 MB ( <1%) committed,  1 nodes.
             Both:        1.06 GB reserved,      65.25 MB (  6%) committed. 

Chunk freelists:
   Non-Class:  6.05 MB
       Class:  8.66 MB
        Both:  14.70 MB

MaxMetaspaceSize: unlimited
CompressedClassSpaceSize: 1.00 GB
Initial GC threshold: 21.00 MB
Current GC threshold: 108.69 MB
CDS: on
 - commit_granule_bytes: 65536.
 - commit_granule_words: 8192.
 - virtual_space_node_default_size: 8388608.
 - enlarge_chunks_in_place: 1.
 - use_allocation_guard: 0.


Internal statistics:

num_allocs_failed_limit: 9.
num_arena_births: 1270.
num_arena_deaths: 14.
num_vsnodes_births: 2.
num_vsnodes_deaths: 0.
num_space_committed: 1044.
num_space_uncommitted: 0.
num_chunks_returned_to_freelist: 23.
num_chunks_taken_from_freelist: 4382.
num_chunk_merges: 15.
num_chunk_splits: 2681.
num_chunks_enlarged: 1511.
num_inconsistent_stats: 0.

CodeHeap 'non-profiled nmethods': size=120000Kb used=6379Kb max_used=7938Kb free=113620Kb
 bounds [0x000001b060b70000, 0x000001b061340000, 0x000001b0680a0000]
CodeHeap 'profiled nmethods': size=120000Kb used=18796Kb max_used=25004Kb free=101203Kb
 bounds [0x000001b0590a0000, 0x000001b05a910000, 0x000001b0605d0000]
CodeHeap 'non-nmethods': size=5760Kb used=1455Kb max_used=1562Kb free=4304Kb
 bounds [0x000001b0605d0000, 0x000001b060840000, 0x000001b060b70000]
 total_blobs=10197 nmethods=9433 adapters=669
 compilation: enabled
              stopped_count=0, restarted_count=0
 full_count=0

Compilation events (20 events):
Event: 36.534 Thread 0x000001b06a25f350 nmethod 12099 0x000001b060d04490 code [0x000001b060d04620, 0x000001b060d047c8]
Event: 36.535 Thread 0x000001b06a25f350 12100       4       java.util.stream.ReferencePipeline$2$1::begin (13 bytes)
Event: 36.536 Thread 0x000001b06a25f350 nmethod 12100 0x000001b060e2bd10 code [0x000001b060e2bea0, 0x000001b060e2bf58]
Event: 36.628 Thread 0x000001b06a25f350 12101   !   4       org.eclipse.jdt.internal.core.search.indexing.BinaryIndexer::indexDocument (1168 bytes)
Event: 36.860 Thread 0x000001b070030f70 12103 %     3       org.eclipse.jdt.internal.core.index.DiskIndex::computeDocumentNames @ 101 (607 bytes)
Event: 36.865 Thread 0x000001b070030f70 nmethod 12103% 0x000001b0599d5590 code [0x000001b0599d59e0, 0x000001b0599d8118]
Event: 36.865 Thread 0x000001b070030f70 12104       3       org.eclipse.jdt.internal.core.index.DiskIndex::computeDocumentNames (607 bytes)
Event: 36.869 Thread 0x000001b070030f70 nmethod 12104 0x000001b059a3c390 code [0x000001b059a3c7c0, 0x000001b059a3ec98]
Event: 37.000 Thread 0x000001b070030f70 12107       3       org.eclipse.jdt.internal.core.index.DiskIndex::writeStreamChars (285 bytes)
Event: 37.001 Thread 0x000001b070030f70 nmethod 12107 0x000001b0590a0890 code [0x000001b0590a0a60, 0x000001b0590a0e98]
Event: 37.001 Thread 0x000001b070030f70 12108       3       org.eclipse.jdt.internal.core.index.DiskIndex::writeStreamChars (220 bytes)
Event: 37.002 Thread 0x000001b070030f70 nmethod 12108 0x000001b0590a4890 code [0x000001b0590a4aa0, 0x000001b0590a5198]
Event: 37.008 Thread 0x000001b070030f70 12109 %     3       org.eclipse.jdt.internal.core.index.DiskIndex::writeAllDocumentNames @ 251 (512 bytes)
Event: 37.014 Thread 0x000001b070030f70 nmethod 12109% 0x000001b059912c90 code [0x000001b059913160, 0x000001b059915d38]
Event: 37.103 Thread 0x000001b070030f70 12113       3       org.eclipse.jdt.internal.core.index.DiskIndex$IntList::add (67 bytes)
Event: 37.103 Thread 0x000001b070030f70 nmethod 12113 0x000001b0590ca890 code [0x000001b0590caa40, 0x000001b0590cad70]
Event: 37.104 Thread 0x000001b070030f70 12114       3       org.eclipse.jdt.internal.core.index.DiskIndex$IntList::<init> (16 bytes)
Event: 37.104 Thread 0x000001b070030f70 nmethod 12114 0x000001b0590c4510 code [0x000001b0590c46c0, 0x000001b0590c4850]
Event: 37.107 Thread 0x000001b070030f70 12116       3       org.eclipse.jdt.internal.core.index.DiskIndex::copyQueryResults (221 bytes)
Event: 37.107 Thread 0x000001b070030f70 nmethod 12116 0x000001b0593ad410 code [0x000001b0593ad6c0, 0x000001b0593ae4e8]

GC Heap History (20 events):
Event: 36.691 GC heap after
{Heap after GC invocations=346 (full 4):
 PSYoungGen      total 5120K, used 2025K [0x00000000eab00000, 0x00000000eb980000, 0x0000000100000000)
  eden space 3072K, 0% used [0x00000000eab00000,0x00000000eab00000,0x00000000eae00000)
  from space 2048K, 98% used [0x00000000eb280000,0x00000000eb47a400,0x00000000eb480000)
  to   space 4608K, 0% used [0x00000000eae00000,0x00000000eae00000,0x00000000eb280000)
 ParOldGen       total 275456K, used 275394K [0x00000000c0000000, 0x00000000d0d00000, 0x00000000eab00000)
  object space 275456K, 99% used [0x00000000c0000000,0x00000000d0cf09e8,0x00000000d0d00000)
 Metaspace       used 65149K, committed 66752K, reserved 1114112K
  class space    used 6717K, committed 7488K, reserved 1048576K
}
Event: 36.700 GC heap before
{Heap before GC invocations=347 (full 4):
 PSYoungGen      total 5120K, used 5084K [0x00000000eab00000, 0x00000000eb980000, 0x0000000100000000)
  eden space 3072K, 99% used [0x00000000eab00000,0x00000000eadfce40,0x00000000eae00000)
  from space 2048K, 98% used [0x00000000eb280000,0x00000000eb47a400,0x00000000eb480000)
  to   space 4608K, 0% used [0x00000000eae00000,0x00000000eae00000,0x00000000eb280000)
 ParOldGen       total 275456K, used 275394K [0x00000000c0000000, 0x00000000d0d00000, 0x00000000eab00000)
  object space 275456K, 99% used [0x00000000c0000000,0x00000000d0cf09e8,0x00000000d0d00000)
 Metaspace       used 65149K, committed 66752K, reserved 1114112K
  class space    used 6717K, committed 7488K, reserved 1048576K
}
Event: 36.703 GC heap after
{Heap after GC invocations=347 (full 4):
 PSYoungGen      total 4608K, used 1260K [0x00000000eab00000, 0x00000000eb400000, 0x0000000100000000)
  eden space 3072K, 0% used [0x00000000eab00000,0x00000000eab00000,0x00000000eae00000)
  from space 1536K, 82% used [0x00000000eae00000,0x00000000eaf3b3d0,0x00000000eaf80000)
  to   space 2560K, 0% used [0x00000000eb180000,0x00000000eb180000,0x00000000eb400000)
 ParOldGen       total 277504K, used 277315K [0x00000000c0000000, 0x00000000d0f00000, 0x00000000eab00000)
  object space 277504K, 99% used [0x00000000c0000000,0x00000000d0ed0c58,0x00000000d0f00000)
 Metaspace       used 65149K, committed 66752K, reserved 1114112K
  class space    used 6717K, committed 7488K, reserved 1048576K
}
Event: 36.711 GC heap before
{Heap before GC invocations=348 (full 4):
 PSYoungGen      total 4608K, used 4300K [0x00000000eab00000, 0x00000000eb400000, 0x0000000100000000)
  eden space 3072K, 98% used [0x00000000eab00000,0x00000000eadf7ef8,0x00000000eae00000)
  from space 1536K, 82% used [0x00000000eae00000,0x00000000eaf3b3d0,0x00000000eaf80000)
  to   space 2560K, 0% used [0x00000000eb180000,0x00000000eb180000,0x00000000eb400000)
 ParOldGen       total 277504K, used 277315K [0x00000000c0000000, 0x00000000d0f00000, 0x00000000eab00000)
  object space 277504K, 99% used [0x00000000c0000000,0x00000000d0ed0c58,0x00000000d0f00000)
 Metaspace       used 65149K, committed 66752K, reserved 1114112K
  class space    used 6717K, committed 7488K, reserved 1048576K
}
Event: 36.714 GC heap after
{Heap after GC invocations=348 (full 4):
 PSYoungGen      total 5632K, used 1283K [0x00000000eab00000, 0x00000000eb300000, 0x0000000100000000)
  eden space 4096K, 0% used [0x00000000eab00000,0x00000000eab00000,0x00000000eaf00000)
  from space 1536K, 83% used [0x00000000eb180000,0x00000000eb2c0f08,0x00000000eb300000)
  to   space 1536K, 0% used [0x00000000eb000000,0x00000000eb000000,0x00000000eb180000)
 ParOldGen       total 278528K, used 278441K [0x00000000c0000000, 0x00000000d1000000, 0x00000000eab00000)
  object space 278528K, 99% used [0x00000000c0000000,0x00000000d0fea728,0x00000000d1000000)
 Metaspace       used 65149K, committed 66752K, reserved 1114112K
  class space    used 6717K, committed 7488K, reserved 1048576K
}
Event: 36.724 GC heap before
{Heap before GC invocations=349 (full 4):
 PSYoungGen      total 5632K, used 5360K [0x00000000eab00000, 0x00000000eb300000, 0x0000000100000000)
  eden space 4096K, 99% used [0x00000000eab00000,0x00000000eaefb480,0x00000000eaf00000)
  from space 1536K, 83% used [0x00000000eb180000,0x00000000eb2c0f08,0x00000000eb300000)
  to   space 1536K, 0% used [0x00000000eb000000,0x00000000eb000000,0x00000000eb180000)
 ParOldGen       total 278528K, used 278441K [0x00000000c0000000, 0x00000000d1000000, 0x00000000eab00000)
  object space 278528K, 99% used [0x00000000c0000000,0x00000000d0fea728,0x00000000d1000000)
 Metaspace       used 65149K, committed 66752K, reserved 1114112K
  class space    used 6717K, committed 7488K, reserved 1048576K
}
Event: 36.726 GC heap after
{Heap after GC invocations=349 (full 4):
 PSYoungGen      total 6656K, used 1512K [0x00000000eab00000, 0x00000000eb700000, 0x0000000100000000)
  eden space 5120K, 0% used [0x00000000eab00000,0x00000000eab00000,0x00000000eb000000)
  from space 1536K, 98% used [0x00000000eb000000,0x00000000eb17a100,0x00000000eb180000)
  to   space 3584K, 0% used [0x00000000eb380000,0x00000000eb380000,0x00000000eb700000)
 ParOldGen       total 280064K, used 279760K [0x00000000c0000000, 0x00000000d1180000, 0x00000000eab00000)
  object space 280064K, 99% used [0x00000000c0000000,0x00000000d1134270,0x00000000d1180000)
 Metaspace       used 65149K, committed 66752K, reserved 1114112K
  class space    used 6717K, committed 7488K, reserved 1048576K
}
Event: 36.741 GC heap before
{Heap before GC invocations=350 (full 4):
 PSYoungGen      total 6656K, used 6632K [0x00000000eab00000, 0x00000000eb700000, 0x0000000100000000)
  eden space 5120K, 100% used [0x00000000eab00000,0x00000000eb000000,0x00000000eb000000)
  from space 1536K, 98% used [0x00000000eb000000,0x00000000eb17a100,0x00000000eb180000)
  to   space 3584K, 0% used [0x00000000eb380000,0x00000000eb380000,0x00000000eb700000)
 ParOldGen       total 280064K, used 279760K [0x00000000c0000000, 0x00000000d1180000, 0x00000000eab00000)
  object space 280064K, 99% used [0x00000000c0000000,0x00000000d1134270,0x00000000d1180000)
 Metaspace       used 65149K, committed 66752K, reserved 1114112K
  class space    used 6717K, committed 7488K, reserved 1048576K
}
Event: 36.745 GC heap after
{Heap after GC invocations=350 (full 4):
 PSYoungGen      total 8704K, used 2084K [0x00000000eab00000, 0x00000000eb600000, 0x0000000100000000)
  eden space 6144K, 0% used [0x00000000eab00000,0x00000000eab00000,0x00000000eb100000)
  from space 2560K, 81% used [0x00000000eb380000,0x00000000eb5890e0,0x00000000eb600000)
  to   space 2560K, 0% used [0x00000000eb100000,0x00000000eb100000,0x00000000eb380000)
 ParOldGen       total 281600K, used 281121K [0x00000000c0000000, 0x00000000d1300000, 0x00000000eab00000)
  object space 281600K, 99% used [0x00000000c0000000,0x00000000d1288448,0x00000000d1300000)
 Metaspace       used 65149K, committed 66752K, reserved 1114112K
  class space    used 6717K, committed 7488K, reserved 1048576K
}
Event: 36.758 GC heap before
{Heap before GC invocations=351 (full 4):
 PSYoungGen      total 8704K, used 8176K [0x00000000eab00000, 0x00000000eb600000, 0x0000000100000000)
  eden space 6144K, 99% used [0x00000000eab00000,0x00000000eb0f2f88,0x00000000eb100000)
  from space 2560K, 81% used [0x00000000eb380000,0x00000000eb5890e0,0x00000000eb600000)
  to   space 2560K, 0% used [0x00000000eb100000,0x00000000eb100000,0x00000000eb380000)
 ParOldGen       total 281600K, used 281121K [0x00000000c0000000, 0x00000000d1300000, 0x00000000eab00000)
  object space 281600K, 99% used [0x00000000c0000000,0x00000000d1288448,0x00000000d1300000)
 Metaspace       used 65149K, committed 66752K, reserved 1114112K
  class space    used 6717K, committed 7488K, reserved 1048576K
}
Event: 36.761 GC heap after
{Heap after GC invocations=351 (full 4):
 PSYoungGen      total 8704K, used 2539K [0x00000000eab00000, 0x00000000ebc80000, 0x0000000100000000)
  eden space 6144K, 0% used [0x00000000eab00000,0x00000000eab00000,0x00000000eb100000)
  from space 2560K, 99% used [0x00000000eb100000,0x00000000eb37ade0,0x00000000eb380000)
  to   space 5120K, 0% used [0x00000000eb780000,0x00000000eb780000,0x00000000ebc80000)
 ParOldGen       total 283136K, used 283028K [0x00000000c0000000, 0x00000000d1480000, 0x00000000eab00000)
  object space 283136K, 99% used [0x00000000c0000000,0x00000000d1465008,0x00000000d1480000)
 Metaspace       used 65149K, committed 66752K, reserved 1114112K
  class space    used 6717K, committed 7488K, reserved 1048576K
}
Event: 36.777 GC heap before
{Heap before GC invocations=352 (full 4):
 PSYoungGen      total 8704K, used 8683K [0x00000000eab00000, 0x00000000ebc80000, 0x0000000100000000)
  eden space 6144K, 100% used [0x00000000eab00000,0x00000000eb100000,0x00000000eb100000)
  from space 2560K, 99% used [0x00000000eb100000,0x00000000eb37ade0,0x00000000eb380000)
  to   space 5120K, 0% used [0x00000000eb780000,0x00000000eb780000,0x00000000ebc80000)
 ParOldGen       total 283136K, used 283028K [0x00000000c0000000, 0x00000000d1480000, 0x00000000eab00000)
  object space 283136K, 99% used [0x00000000c0000000,0x00000000d1465008,0x00000000d1480000)
 Metaspace       used 65149K, committed 66752K, reserved 1114112K
  class space    used 6717K, committed 7488K, reserved 1048576K
}
Event: 36.782 GC heap after
{Heap after GC invocations=352 (full 4):
 PSYoungGen      total 10240K, used 2483K [0x00000000eab00000, 0x00000000eba00000, 0x0000000100000000)
  eden space 7680K, 0% used [0x00000000eab00000,0x00000000eab00000,0x00000000eb280000)
  from space 2560K, 97% used [0x00000000eb780000,0x00000000eb9eceb8,0x00000000eba00000)
  to   space 3584K, 0% used [0x00000000eb300000,0x00000000eb300000,0x00000000eb680000)
 ParOldGen       total 285696K, used 285435K [0x00000000c0000000, 0x00000000d1700000, 0x00000000eab00000)
  object space 285696K, 99% used [0x00000000c0000000,0x00000000d16bee88,0x00000000d1700000)
 Metaspace       used 65149K, committed 66752K, reserved 1114112K
  class space    used 6717K, committed 7488K, reserved 1048576K
}
Event: 36.792 GC heap before
{Heap before GC invocations=353 (full 4):
 PSYoungGen      total 10240K, used 10111K [0x00000000eab00000, 0x00000000eba00000, 0x0000000100000000)
  eden space 7680K, 99% used [0x00000000eab00000,0x00000000eb273008,0x00000000eb280000)
  from space 2560K, 97% used [0x00000000eb780000,0x00000000eb9eceb8,0x00000000eba00000)
  to   space 3584K, 0% used [0x00000000eb300000,0x00000000eb300000,0x00000000eb680000)
 ParOldGen       total 285696K, used 285435K [0x00000000c0000000, 0x00000000d1700000, 0x00000000eab00000)
  object space 285696K, 99% used [0x00000000c0000000,0x00000000d16bee88,0x00000000d1700000)
 Metaspace       used 65149K, committed 66752K, reserved 1114112K
  class space    used 6717K, committed 7488K, reserved 1048576K
}
Event: 36.797 GC heap after
{Heap after GC invocations=353 (full 4):
 PSYoungGen      total 11776K, used 3259K [0x00000000eab00000, 0x00000000ebb00000, 0x0000000100000000)
  eden space 8192K, 0% used [0x00000000eab00000,0x00000000eab00000,0x00000000eb300000)
  from space 3584K, 90% used [0x00000000eb300000,0x00000000eb62edd0,0x00000000eb680000)
  to   space 3584K, 0% used [0x00000000eb780000,0x00000000eb780000,0x00000000ebb00000)
 ParOldGen       total 288256K, used 287858K [0x00000000c0000000, 0x00000000d1980000, 0x00000000eab00000)
  object space 288256K, 99% used [0x00000000c0000000,0x00000000d191ca50,0x00000000d1980000)
 Metaspace       used 65149K, committed 66752K, reserved 1114112K
  class space    used 6717K, committed 7488K, reserved 1048576K
}
Event: 36.825 GC heap before
{Heap before GC invocations=354 (full 4):
 PSYoungGen      total 11776K, used 11451K [0x00000000eab00000, 0x00000000ebb00000, 0x0000000100000000)
  eden space 8192K, 100% used [0x00000000eab00000,0x00000000eb300000,0x00000000eb300000)
  from space 3584K, 90% used [0x00000000eb300000,0x00000000eb62edd0,0x00000000eb680000)
  to   space 3584K, 0% used [0x00000000eb780000,0x00000000eb780000,0x00000000ebb00000)
 ParOldGen       total 288256K, used 287858K [0x00000000c0000000, 0x00000000d1980000, 0x00000000eab00000)
  object space 288256K, 99% used [0x00000000c0000000,0x00000000d191ca50,0x00000000d1980000)
 Metaspace       used 65149K, committed 66752K, reserved 1114112K
  class space    used 6717K, committed 7488K, reserved 1048576K
}
Event: 36.829 GC heap after
{Heap after GC invocations=354 (full 4):
 PSYoungGen      total 12800K, used 3061K [0x00000000eab00000, 0x00000000ebc00000, 0x0000000100000000)
  eden space 9216K, 0% used [0x00000000eab00000,0x00000000eab00000,0x00000000eb400000)
  from space 3584K, 85% used [0x00000000eb780000,0x00000000eba7d660,0x00000000ebb00000)
  to   space 3584K, 0% used [0x00000000eb400000,0x00000000eb400000,0x00000000eb780000)
 ParOldGen       total 291328K, used 290997K [0x00000000c0000000, 0x00000000d1c80000, 0x00000000eab00000)
  object space 291328K, 99% used [0x00000000c0000000,0x00000000d1c2d4e8,0x00000000d1c80000)
 Metaspace       used 65149K, committed 66752K, reserved 1114112K
  class space    used 6717K, committed 7488K, reserved 1048576K
}
Event: 37.110 GC heap before
{Heap before GC invocations=355 (full 4):
 PSYoungGen      total 12800K, used 12264K [0x00000000eab00000, 0x00000000ebc00000, 0x0000000100000000)
  eden space 9216K, 99% used [0x00000000eab00000,0x00000000eb3fcb60,0x00000000eb400000)
  from space 3584K, 85% used [0x00000000eb780000,0x00000000eba7d660,0x00000000ebb00000)
  to   space 3584K, 0% used [0x00000000eb400000,0x00000000eb400000,0x00000000eb780000)
 ParOldGen       total 291328K, used 290997K [0x00000000c0000000, 0x00000000d1c80000, 0x00000000eab00000)
  object space 291328K, 99% used [0x00000000c0000000,0x00000000d1c2d4e8,0x00000000d1c80000)
 Metaspace       used 65161K, committed 66816K, reserved 1114112K
  class space    used 6717K, committed 7488K, reserved 1048576K
}
Event: 37.121 GC heap after
{Heap after GC invocations=355 (full 4):
 PSYoungGen      total 12800K, used 12264K [0x00000000eab00000, 0x00000000ebc00000, 0x0000000100000000)
  eden space 9216K, 99% used [0x00000000eab00000,0x00000000eb3fcb60,0x00000000eb400000)
  from space 3584K, 85% used [0x00000000eb780000,0x00000000eba7d660,0x00000000ebb00000)
  to   space 3584K, 71% used [0x00000000eb400000,0x00000000eb682860,0x00000000eb780000)
 ParOldGen       total 291328K, used 291320K [0x00000000c0000000, 0x00000000d1c80000, 0x00000000eab00000)
  object space 291328K, 99% used [0x00000000c0000000,0x00000000d1c7e2d8,0x00000000d1c80000)
 Metaspace       used 65161K, committed 66816K, reserved 1114112K
  class space    used 6717K, committed 7488K, reserved 1048576K
}
Event: 37.121 GC heap before
{Heap before GC invocations=356 (full 5):
 PSYoungGen      total 12800K, used 12264K [0x00000000eab00000, 0x00000000ebc00000, 0x0000000100000000)
  eden space 9216K, 99% used [0x00000000eab00000,0x00000000eb3fcb60,0x00000000eb400000)
  from space 3584K, 85% used [0x00000000eb780000,0x00000000eba7d660,0x00000000ebb00000)
  to   space 3584K, 71% used [0x00000000eb400000,0x00000000eb682860,0x00000000eb780000)
 ParOldGen       total 291328K, used 291320K [0x00000000c0000000, 0x00000000d1c80000, 0x00000000eab00000)
  object space 291328K, 99% used [0x00000000c0000000,0x00000000d1c7e2d8,0x00000000d1c80000)
 Metaspace       used 65161K, committed 66816K, reserved 1114112K
  class space    used 6717K, committed 7488K, reserved 1048576K
}

Dll operation events (10 events):
Event: 0.036 Loaded shared library c:\Users\siamt\.vscode\extensions\redhat.java-1.42.0-win32-x64\jre\21.0.7-win32-x86_64\bin\java.dll
Event: 0.186 Loaded shared library c:\Users\siamt\.vscode\extensions\redhat.java-1.42.0-win32-x64\jre\21.0.7-win32-x86_64\bin\zip.dll
Event: 0.225 Loaded shared library C:\Users\siamt\.vscode\extensions\redhat.java-1.42.0-win32-x64\jre\21.0.7-win32-x86_64\bin\instrument.dll
Event: 0.230 Loaded shared library C:\Users\siamt\.vscode\extensions\redhat.java-1.42.0-win32-x64\jre\21.0.7-win32-x86_64\bin\net.dll
Event: 0.232 Loaded shared library C:\Users\siamt\.vscode\extensions\redhat.java-1.42.0-win32-x64\jre\21.0.7-win32-x86_64\bin\nio.dll
Event: 0.236 Loaded shared library C:\Users\siamt\.vscode\extensions\redhat.java-1.42.0-win32-x64\jre\21.0.7-win32-x86_64\bin\zip.dll
Event: 0.267 Loaded shared library C:\Users\siamt\.vscode\extensions\redhat.java-1.42.0-win32-x64\jre\21.0.7-win32-x86_64\bin\jimage.dll
Event: 0.393 Loaded shared library c:\Users\siamt\.vscode\extensions\redhat.java-1.42.0-win32-x64\jre\21.0.7-win32-x86_64\bin\verify.dll
Event: 2.216 Loaded shared library C:\Users\siamt\AppData\Roaming\Code\User\globalStorage\redhat.java\1.42.0\config_win\org.eclipse.equinox.launcher\org.eclipse.equinox.launcher.win32.win32.x86_64_1.2.1300.v20250331-1702\eclipse_11911.dll
Event: 4.817 Loaded shared library C:\Users\siamt\AppData\Local\Temp\jna-109429682\jna10226323189859234364.dll

Deoptimization events (20 events):
Event: 33.072 Thread 0x000001b0711d7a40 DEOPT PACKING pc=0x000001b05a85cd2a sp=0x00000035477fe9c0
Event: 33.072 Thread 0x000001b0711d7a40 DEOPT UNPACKING pc=0x000001b0606278e2 sp=0x00000035477fdf48 mode 0
Event: 33.102 Thread 0x000001b0711d7a40 DEOPT PACKING pc=0x000001b05a85cd2a sp=0x00000035477fe9c0
Event: 33.102 Thread 0x000001b0711d7a40 DEOPT UNPACKING pc=0x000001b0606278e2 sp=0x00000035477fdf48 mode 0
Event: 33.112 Thread 0x000001b0711d7a40 DEOPT PACKING pc=0x000001b05a85cd2a sp=0x00000035477fe9c0
Event: 33.112 Thread 0x000001b0711d7a40 DEOPT UNPACKING pc=0x000001b0606278e2 sp=0x00000035477fdf48 mode 0
Event: 33.129 Thread 0x000001b0711d7a40 DEOPT PACKING pc=0x000001b05a85cd2a sp=0x00000035477fe9c0
Event: 33.129 Thread 0x000001b0711d7a40 DEOPT UNPACKING pc=0x000001b0606278e2 sp=0x00000035477fdf48 mode 0
Event: 33.157 Thread 0x000001b0711d7a40 DEOPT PACKING pc=0x000001b05a85cd2a sp=0x00000035477fe9c0
Event: 33.157 Thread 0x000001b0711d7a40 DEOPT UNPACKING pc=0x000001b0606278e2 sp=0x00000035477fdf48 mode 0
Event: 33.188 Thread 0x000001b0711d7a40 DEOPT PACKING pc=0x000001b05a85cd2a sp=0x00000035477fe9c0
Event: 33.188 Thread 0x000001b0711d7a40 DEOPT UNPACKING pc=0x000001b0606278e2 sp=0x00000035477fdf48 mode 0
Event: 36.065 Thread 0x000001b0711d7a40 Uncommon trap: trap_request=0xffffff45 fr.pc=0x000001b060cb921c relative=0x000000000000007c
Event: 36.065 Thread 0x000001b0711d7a40 Uncommon trap: reason=unstable_if action=reinterpret pc=0x000001b060cb921c method=org.eclipse.jdt.internal.compiler.ast.TypeDeclaration.kind(I)I @ 5 c2
Event: 36.065 Thread 0x000001b0711d7a40 DEOPT PACKING pc=0x000001b060cb921c sp=0x00000035477feac0
Event: 36.065 Thread 0x000001b0711d7a40 DEOPT UNPACKING pc=0x000001b060626da2 sp=0x00000035477fea48 mode 2
Event: 36.065 Thread 0x000001b0711d7a40 Uncommon trap: trap_request=0xffffff45 fr.pc=0x000001b061243e50 relative=0x0000000000007010
Event: 36.066 Thread 0x000001b0711d7a40 Uncommon trap: reason=unstable_if action=reinterpret pc=0x000001b061243e50 method=org.eclipse.jdt.internal.core.search.indexing.BinaryIndexer.indexDocument()V @ 315 c2
Event: 36.066 Thread 0x000001b0711d7a40 DEOPT PACKING pc=0x000001b061243e50 sp=0x00000035477feae0
Event: 36.066 Thread 0x000001b0711d7a40 DEOPT UNPACKING pc=0x000001b060626da2 sp=0x00000035477fea40 mode 2

Classes loaded (20 events):
Event: 26.790 Loading class java/util/Collections$SynchronizedList done
Event: 26.790 Loading class java/util/Collections$SynchronizedRandomAccessList done
Event: 26.815 Loading class java/util/concurrent/CompletableFuture$Signaller
Event: 26.816 Loading class java/util/concurrent/CompletableFuture$Signaller done
Event: 27.235 Loading class java/nio/charset/CharacterCodingException
Event: 27.235 Loading class java/nio/charset/CharacterCodingException done
Event: 27.235 Loading class java/io/SequenceInputStream
Event: 27.240 Loading class java/io/SequenceInputStream done
Event: 27.335 Loading class java/util/concurrent/CompletableFuture$UniApply
Event: 27.335 Loading class java/util/concurrent/CompletableFuture$UniApply done
Event: 27.337 Loading class java/util/concurrent/CompletableFuture$UniExceptionally
Event: 27.337 Loading class java/util/concurrent/CompletableFuture$UniExceptionally done
Event: 27.775 Loading class java/lang/UnsupportedClassVersionError
Event: 27.775 Loading class java/lang/UnsupportedClassVersionError done
Event: 32.275 Loading class sun/nio/cs/ISO_8859_1$Encoder
Event: 32.275 Loading class sun/nio/cs/ISO_8859_1$Encoder done
Event: 32.275 Loading class sun/nio/cs/Surrogate$Parser
Event: 32.278 Loading class sun/nio/cs/Surrogate$Parser done
Event: 32.278 Loading class sun/nio/cs/Surrogate
Event: 32.278 Loading class sun/nio/cs/Surrogate done

Classes unloaded (7 events):
Event: 6.638 Thread 0x000001b06a232c00 Unloading class 0x000001b0011a4400 'java/lang/invoke/LambdaForm$MH+0x000001b0011a4400'
Event: 6.638 Thread 0x000001b06a232c00 Unloading class 0x000001b0011a4000 'java/lang/invoke/LambdaForm$MH+0x000001b0011a4000'
Event: 6.638 Thread 0x000001b06a232c00 Unloading class 0x000001b0011a3c00 'java/lang/invoke/LambdaForm$MH+0x000001b0011a3c00'
Event: 6.638 Thread 0x000001b06a232c00 Unloading class 0x000001b0011a3800 'java/lang/invoke/LambdaForm$MH+0x000001b0011a3800'
Event: 6.638 Thread 0x000001b06a232c00 Unloading class 0x000001b0011a3400 'java/lang/invoke/LambdaForm$BMH+0x000001b0011a3400'
Event: 6.638 Thread 0x000001b06a232c00 Unloading class 0x000001b0011a3000 'java/lang/invoke/LambdaForm$DMH+0x000001b0011a3000'
Event: 6.638 Thread 0x000001b06a232c00 Unloading class 0x000001b0011a1c00 'java/lang/invoke/LambdaForm$DMH+0x000001b0011a1c00'

Classes redefined (0 events):
No events

Internal exceptions (20 events):
Event: 26.613 Thread 0x000001b0711d80d0 Exception <a 'sun/nio/fs/WindowsException'{0x00000000eab872e8}> (0x00000000eab872e8) 
thrown [s\src\hotspot\share\prims\jni.cpp, line 520]
Event: 26.613 Thread 0x000001b0711d80d0 Exception <a 'sun/nio/fs/WindowsException'{0x00000000eab87d50}> (0x00000000eab87d50) 
thrown [s\src\hotspot\share\prims\jni.cpp, line 520]
Event: 26.613 Thread 0x000001b0711d80d0 Exception <a 'sun/nio/fs/WindowsException'{0x00000000eab88588}> (0x00000000eab88588) 
thrown [s\src\hotspot\share\prims\jni.cpp, line 520]
Event: 26.614 Thread 0x000001b0711d80d0 Exception <a 'sun/nio/fs/WindowsException'{0x00000000eab8d5f8}> (0x00000000eab8d5f8) 
thrown [s\src\hotspot\share\prims\jni.cpp, line 520]
Event: 26.614 Thread 0x000001b0711d80d0 Exception <a 'sun/nio/fs/WindowsException'{0x00000000eab8de88}> (0x00000000eab8de88) 
thrown [s\src\hotspot\share\prims\jni.cpp, line 520]
Event: 26.614 Thread 0x000001b0711d80d0 Exception <a 'sun/nio/fs/WindowsException'{0x00000000eab8e718}> (0x00000000eab8e718) 
thrown [s\src\hotspot\share\prims\jni.cpp, line 520]
Event: 26.614 Thread 0x000001b0711d80d0 Exception <a 'sun/nio/fs/WindowsException'{0x00000000eab8efc0}> (0x00000000eab8efc0) 
thrown [s\src\hotspot\share\prims\jni.cpp, line 520]
Event: 27.272 Thread 0x000001b072527530 Exception <a 'java/io/FileNotFoundException'{0x00000000eb402298}> (0x00000000eb402298) 
thrown [s\src\hotspot\share\prims\jni.cpp, line 520]
Event: 27.272 Thread 0x000001b072527530 Exception <a 'java/io/FileNotFoundException'{0x00000000eb4032b0}> (0x00000000eb4032b0) 
thrown [s\src\hotspot\share\prims\jni.cpp, line 520]
Event: 27.327 Thread 0x000001b072527530 Exception <a 'sun/nio/fs/WindowsException'{0x00000000eb06b310}> (0x00000000eb06b310) 
thrown [s\src\hotspot\share\prims\jni.cpp, line 520]
Event: 27.327 Thread 0x000001b072527530 Exception <a 'sun/nio/fs/WindowsException'{0x00000000eb06b940}> (0x00000000eb06b940) 
thrown [s\src\hotspot\share\prims\jni.cpp, line 520]
Event: 27.328 Thread 0x000001b072527530 Exception <a 'sun/nio/fs/WindowsException'{0x00000000eb06ea78}> (0x00000000eb06ea78) 
thrown [s\src\hotspot\share\prims\jni.cpp, line 520]
Event: 27.329 Thread 0x000001b072527530 Exception <a 'sun/nio/fs/WindowsException'{0x00000000eb06f0a8}> (0x00000000eb06f0a8) 
thrown [s\src\hotspot\share\prims\jni.cpp, line 520]
Event: 27.332 Thread 0x000001b072527530 Exception <a 'java/lang/IncompatibleClassChangeError'{0x00000000eb19c958}: Found class java.lang.Object, but interface was expected> (0x00000000eb19c958) 
thrown [s\src\hotspot\share\interpreter\linkResolver.cpp, line 840]
Event: 27.338 Thread 0x000001b072527530 Exception <a 'java/lang/IncompatibleClassChangeError'{0x00000000eb269d70}: Found class java.lang.Object, but interface was expected> (0x00000000eb269d70) 
thrown [s\src\hotspot\share\interpreter\linkResolver.cpp, line 840]
Event: 27.732 Thread 0x000001b0711d5970 Exception <a 'java/lang/NoSuchMethodError'{0x00000000eacdcec8}: 'java.lang.Object java.lang.invoke.DirectMethodHandle$Holder.invokeSpecial(java.lang.Object, java.lang.Object, int, long)'> (0x00000000eacdcec8) 
thrown [s\src\hotspot\share\interpreter\linkResolver.cpp, line 773]
Event: 27.808 Thread 0x000001b070f9d6c0 Exception <a 'java/lang/NoSuchMethodError'{0x00000000eaf5a408}: 'int java.lang.invoke.Invokers$Holder.invokeExact_MT(java.lang.Object, java.lang.Object)'> (0x00000000eaf5a408) 
thrown [s\src\hotspot\share\interpreter\linkResolver.cpp, line 773]
Event: 28.138 Thread 0x000001b070f9d6c0 Implicit null exception at 0x000001b060dc7e21 to 0x000001b060dc8134
Event: 29.043 Thread 0x000001b0711d6d20 Implicit null exception at 0x000001b060e0f606 to 0x000001b060e0f705
Event: 29.700 Thread 0x000001b070f9d6c0 Exception <a 'java/lang/IncompatibleClassChangeError'{0x00000000eaf00208}: Found class java.lang.Object, but interface was expected> (0x00000000eaf00208) 
thrown [s\src\hotspot\share\interpreter\linkResolver.cpp, line 840]

ZGC Phase Switch (0 events):
No events

VM Operations (20 events):
Event: 36.669 Executing VM operation: ParallelGCFailedAllocation (Allocation Failure) done
Event: 36.688 Executing VM operation: ParallelGCFailedAllocation (Allocation Failure)
Event: 36.691 Executing VM operation: ParallelGCFailedAllocation (Allocation Failure) done
Event: 36.700 Executing VM operation: ParallelGCFailedAllocation (Allocation Failure)
Event: 36.704 Executing VM operation: ParallelGCFailedAllocation (Allocation Failure) done
Event: 36.711 Executing VM operation: ParallelGCFailedAllocation (Allocation Failure)
Event: 36.714 Executing VM operation: ParallelGCFailedAllocation (Allocation Failure) done
Event: 36.724 Executing VM operation: ParallelGCFailedAllocation (Allocation Failure)
Event: 36.726 Executing VM operation: ParallelGCFailedAllocation (Allocation Failure) done
Event: 36.741 Executing VM operation: ParallelGCFailedAllocation (Allocation Failure)
Event: 36.745 Executing VM operation: ParallelGCFailedAllocation (Allocation Failure) done
Event: 36.758 Executing VM operation: ParallelGCFailedAllocation (Allocation Failure)
Event: 36.761 Executing VM operation: ParallelGCFailedAllocation (Allocation Failure) done
Event: 36.777 Executing VM operation: ParallelGCFailedAllocation (Allocation Failure)
Event: 36.782 Executing VM operation: ParallelGCFailedAllocation (Allocation Failure) done
Event: 36.792 Executing VM operation: ParallelGCFailedAllocation (Allocation Failure)
Event: 36.797 Executing VM operation: ParallelGCFailedAllocation (Allocation Failure) done
Event: 36.825 Executing VM operation: ParallelGCFailedAllocation (Allocation Failure)
Event: 36.829 Executing VM operation: ParallelGCFailedAllocation (Allocation Failure) done
Event: 37.110 Executing VM operation: ParallelGCFailedAllocation (Allocation Failure)

Memory protections (0 events):
No events

Nmethod flushes (20 events):
Event: 35.040 Thread 0x000001b06a232c00 flushing  nmethod 0x000001b05a094710
Event: 35.040 Thread 0x000001b06a232c00 flushing  nmethod 0x000001b05a096f90
Event: 35.040 Thread 0x000001b06a232c00 flushing  nmethod 0x000001b05a09bb10
Event: 35.040 Thread 0x000001b06a232c00 flushing  nmethod 0x000001b05a0a4f10
Event: 35.040 Thread 0x000001b06a232c00 flushing  nmethod 0x000001b05a0c1010
Event: 35.040 Thread 0x000001b06a232c00 flushing  nmethod 0x000001b05a0d3c90
Event: 35.040 Thread 0x000001b06a232c00 flushing  nmethod 0x000001b05a13c690
Event: 35.040 Thread 0x000001b06a232c00 flushing osr nmethod 0x000001b05a13cd10
Event: 35.040 Thread 0x000001b06a232c00 flushing  nmethod 0x000001b05a144490
Event: 35.040 Thread 0x000001b06a232c00 flushing  nmethod 0x000001b05a15fd90
Event: 35.040 Thread 0x000001b06a232c00 flushing  nmethod 0x000001b05a177490
Event: 35.040 Thread 0x000001b06a232c00 flushing  nmethod 0x000001b05a183290
Event: 35.040 Thread 0x000001b06a232c00 flushing  nmethod 0x000001b05a186590
Event: 35.040 Thread 0x000001b06a232c00 flushing  nmethod 0x000001b05a188d10
Event: 35.040 Thread 0x000001b06a232c00 flushing  nmethod 0x000001b05a19da90
Event: 35.040 Thread 0x000001b06a232c00 flushing  nmethod 0x000001b05a1adf90
Event: 35.040 Thread 0x000001b06a232c00 flushing  nmethod 0x000001b05a1b0790
Event: 35.040 Thread 0x000001b06a232c00 flushing  nmethod 0x000001b05a1bfa90
Event: 35.040 Thread 0x000001b06a232c00 flushing  nmethod 0x000001b05a1c5590
Event: 35.040 Thread 0x000001b06a232c00 flushing  nmethod 0x000001b05a215b10

Events (20 events):
Event: 23.592 Thread 0x000001b0711d73b0 Thread added: 0x000001b070f9c310
Event: 24.856 Thread 0x000001b070f9d030 Thread exited: 0x000001b070f9d030
Event: 24.856 Thread 0x000001b070f9a8d0 Thread exited: 0x000001b070f9a8d0
Event: 24.862 Thread 0x000001b070f9dd50 Thread exited: 0x000001b070f9dd50
Event: 24.862 Thread 0x000001b070f9bc80 Thread exited: 0x000001b070f9bc80
Event: 24.863 Thread 0x000001b070f9c310 Thread exited: 0x000001b070f9c310
Event: 25.463 Thread 0x000001b0711d73b0 Thread added: 0x000001b070f9f100
Event: 25.463 Thread 0x000001b0711d73b0 Thread added: 0x000001b070f9d030
Event: 25.463 Thread 0x000001b0711d73b0 Thread added: 0x000001b070f9a8d0
Event: 25.463 Thread 0x000001b0711d73b0 Thread added: 0x000001b070f9bc80
Event: 25.463 Thread 0x000001b0711d73b0 Thread added: 0x000001b070f9c310
Event: 25.764 Thread 0x000001b070f9d030 Thread exited: 0x000001b070f9d030
Event: 25.765 Thread 0x000001b070f9f100 Thread exited: 0x000001b070f9f100
Event: 25.766 Thread 0x000001b070f9c310 Thread exited: 0x000001b070f9c310
Event: 25.772 Thread 0x000001b070f9bc80 Thread exited: 0x000001b070f9bc80
Event: 25.773 Thread 0x000001b070f9a8d0 Thread exited: 0x000001b070f9a8d0
Event: 27.337 Thread 0x000001b072527530 Thread added: 0x000001b070f9d6c0
Event: 31.007 Thread 0x000001b0711d6d20 Thread added: 0x000001b070f9c9a0
Event: 31.007 Thread 0x000001b070f9d6c0 Thread added: 0x000001b070f9bc80
Event: 33.588 Thread 0x000001b0724f38e0 Thread exited: 0x000001b0724f38e0


Dynamic libraries:
0x00007ff7b2cc0000 - 0x00007ff7b2cce000 	c:\Users\siamt\.vscode\extensions\redhat.java-1.42.0-win32-x64\jre\21.0.7-win32-x86_64\bin\java.exe
0x00007ff958670000 - 0x00007ff958868000 	C:\Windows\SYSTEM32\ntdll.dll
0x00007ff957c40000 - 0x00007ff957d02000 	C:\Windows\System32\KERNEL32.DLL
0x00007ff955d10000 - 0x00007ff956006000 	C:\Windows\System32\KERNELBASE.dll
0x00007ff956430000 - 0x00007ff956530000 	C:\Windows\System32\ucrtbase.dll
0x00007ff920d20000 - 0x00007ff920d38000 	c:\Users\siamt\.vscode\extensions\redhat.java-1.42.0-win32-x64\jre\21.0.7-win32-x86_64\bin\jli.dll
0x00007ff956ac0000 - 0x00007ff956c5d000 	C:\Windows\System32\USER32.dll
0x00007ff956670000 - 0x00007ff956692000 	C:\Windows\System32\win32u.dll
0x00007ff91bd20000 - 0x00007ff91bd3e000 	c:\Users\siamt\.vscode\extensions\redhat.java-1.42.0-win32-x64\jre\21.0.7-win32-x86_64\bin\VCRUNTIME140.dll
0x00007ff957350000 - 0x00007ff95737b000 	C:\Windows\System32\GDI32.dll
0x00007ff956010000 - 0x00007ff95612a000 	C:\Windows\System32\gdi32full.dll
0x00007ff9562e0000 - 0x00007ff95637d000 	C:\Windows\System32\msvcp_win.dll
0x00007ff93c460000 - 0x00007ff93c6fa000 	C:\Windows\WinSxS\amd64_microsoft.windows.common-controls_6595b64144ccf1df_6.0.19041.5794_none_60bcd33171f2783c\COMCTL32.dll
0x00007ff957200000 - 0x00007ff95729e000 	C:\Windows\System32\msvcrt.dll
0x00007ff9585a0000 - 0x00007ff9585cf000 	C:\Windows\System32\IMM32.DLL
0x00007ff92ae30000 - 0x00007ff92ae3c000 	c:\Users\siamt\.vscode\extensions\redhat.java-1.42.0-win32-x64\jre\21.0.7-win32-x86_64\bin\vcruntime140_1.dll
0x00007ff91bc40000 - 0x00007ff91bccd000 	c:\Users\siamt\.vscode\extensions\redhat.java-1.42.0-win32-x64\jre\21.0.7-win32-x86_64\bin\msvcp140.dll
0x00007ff8fff00000 - 0x00007ff900c90000 	c:\Users\siamt\.vscode\extensions\redhat.java-1.42.0-win32-x64\jre\21.0.7-win32-x86_64\bin\server\jvm.dll
0x00007ff957b90000 - 0x00007ff957c3f000 	C:\Windows\System32\ADVAPI32.dll
0x00007ff956870000 - 0x00007ff95690f000 	C:\Windows\System32\sechost.dll
0x00007ff957640000 - 0x00007ff957763000 	C:\Windows\System32\RPCRT4.dll
0x00007ff956400000 - 0x00007ff956427000 	C:\Windows\System32\bcrypt.dll
0x00007ff956a50000 - 0x00007ff956abb000 	C:\Windows\System32\WS2_32.dll
0x00007ff9552b0000 - 0x00007ff9552fb000 	C:\Windows\SYSTEM32\POWRPROF.dll
0x00007ff941600000 - 0x00007ff941627000 	C:\Windows\SYSTEM32\WINMM.dll
0x00007ff94d6d0000 - 0x00007ff94d6da000 	C:\Windows\SYSTEM32\VERSION.dll
0x00007ff955110000 - 0x00007ff955122000 	C:\Windows\SYSTEM32\UMPDC.dll
0x00007ff9544f0000 - 0x00007ff954502000 	C:\Windows\SYSTEM32\kernel.appcore.dll
0x00007ff92a860000 - 0x00007ff92a86a000 	c:\Users\siamt\.vscode\extensions\redhat.java-1.42.0-win32-x64\jre\21.0.7-win32-x86_64\bin\jimage.dll
0x00007ff953900000 - 0x00007ff953b01000 	C:\Windows\SYSTEM32\DBGHELP.DLL
0x00007ff93c700000 - 0x00007ff93c734000 	C:\Windows\SYSTEM32\dbgcore.DLL
0x00007ff9565e0000 - 0x00007ff956662000 	C:\Windows\System32\bcryptPrimitives.dll
0x00007ff92a5b0000 - 0x00007ff92a5bf000 	c:\Users\siamt\.vscode\extensions\redhat.java-1.42.0-win32-x64\jre\21.0.7-win32-x86_64\bin\instrument.dll
0x00007ff91bc20000 - 0x00007ff91bc3f000 	c:\Users\siamt\.vscode\extensions\redhat.java-1.42.0-win32-x64\jre\21.0.7-win32-x86_64\bin\java.dll
0x00007ff957e30000 - 0x00007ff95859e000 	C:\Windows\System32\SHELL32.dll
0x00007ff953d30000 - 0x00007ff9544d3000 	C:\Windows\SYSTEM32\windows.storage.dll
0x00007ff957790000 - 0x00007ff957ae3000 	C:\Windows\System32\combase.dll
0x00007ff955740000 - 0x00007ff95576b000 	C:\Windows\SYSTEM32\Wldp.dll
0x00007ff957380000 - 0x00007ff95744d000 	C:\Windows\System32\OLEAUT32.dll
0x00007ff9572a0000 - 0x00007ff95734d000 	C:\Windows\System32\SHCORE.dll
0x00007ff957450000 - 0x00007ff9574a5000 	C:\Windows\System32\shlwapi.dll
0x00007ff955c40000 - 0x00007ff955c65000 	C:\Windows\SYSTEM32\profapi.dll
0x00007ff91bc00000 - 0x00007ff91bc18000 	c:\Users\siamt\.vscode\extensions\redhat.java-1.42.0-win32-x64\jre\21.0.7-win32-x86_64\bin\zip.dll
0x00007ff928000000 - 0x00007ff928010000 	C:\Users\siamt\.vscode\extensions\redhat.java-1.42.0-win32-x64\jre\21.0.7-win32-x86_64\bin\net.dll
0x00007ff9518f0000 - 0x00007ff9519fa000 	C:\Windows\SYSTEM32\WINHTTP.dll
0x00007ff9554a0000 - 0x00007ff95550c000 	C:\Windows\system32\mswsock.dll
0x00007ff91bbe0000 - 0x00007ff91bbf6000 	C:\Users\siamt\.vscode\extensions\redhat.java-1.42.0-win32-x64\jre\21.0.7-win32-x86_64\bin\nio.dll
0x00007ff925ca0000 - 0x00007ff925cb0000 	c:\Users\siamt\.vscode\extensions\redhat.java-1.42.0-win32-x64\jre\21.0.7-win32-x86_64\bin\verify.dll
0x00007ff9105c0000 - 0x00007ff910605000 	C:\Users\siamt\AppData\Roaming\Code\User\globalStorage\redhat.java\1.42.0\config_win\org.eclipse.equinox.launcher\org.eclipse.equinox.launcher.win32.win32.x86_64_1.2.1300.v20250331-1702\eclipse_11911.dll
0x00007ff956c60000 - 0x00007ff956d8b000 	C:\Windows\System32\ole32.dll
0x00007ff9556a0000 - 0x00007ff9556b8000 	C:\Windows\SYSTEM32\CRYPTSP.dll
0x00007ff954d30000 - 0x00007ff954d68000 	C:\Windows\system32\rsaenh.dll
0x00007ff955c00000 - 0x00007ff955c2e000 	C:\Windows\SYSTEM32\USERENV.dll
0x00007ff955690000 - 0x00007ff95569c000 	C:\Windows\SYSTEM32\CRYPTBASE.dll
0x00007ff955130000 - 0x00007ff95516b000 	C:\Windows\SYSTEM32\IPHLPAPI.DLL
0x00007ff957770000 - 0x00007ff957778000 	C:\Windows\System32\NSI.dll
0x00007ff93b840000 - 0x00007ff93b889000 	C:\Users\siamt\AppData\Local\Temp\jna-109429682\jna10226323189859234364.dll
0x00007ff957af0000 - 0x00007ff957af8000 	C:\Windows\System32\PSAPI.DLL
0x00007ff94d870000 - 0x00007ff94d887000 	C:\Windows\SYSTEM32\dhcpcsvc6.DLL
0x00007ff94d710000 - 0x00007ff94d72d000 	C:\Windows\SYSTEM32\dhcpcsvc.DLL

dbghelp: loaded successfully - version: 4.0.5 - missing functions: none
symbol engine: initialized successfully - sym options: 0x614 - pdb path: .;c:\Users\siamt\.vscode\extensions\redhat.java-1.42.0-win32-x64\jre\21.0.7-win32-x86_64\bin;C:\Windows\SYSTEM32;C:\Windows\WinSxS\amd64_microsoft.windows.common-controls_6595b64144ccf1df_6.0.19041.5794_none_60bcd33171f2783c;c:\Users\siamt\.vscode\extensions\redhat.java-1.42.0-win32-x64\jre\21.0.7-win32-x86_64\bin\server;C:\Users\siamt\AppData\Roaming\Code\User\globalStorage\redhat.java\1.42.0\config_win\org.eclipse.equinox.launcher\org.eclipse.equinox.launcher.win32.win32.x86_64_1.2.1300.v20250331-1702;C:\Users\siamt\AppData\Local\Temp\jna-109429682

VM Arguments:
jvm_args: --add-modules=ALL-SYSTEM --add-opens=java.base/java.util=ALL-UNNAMED --add-opens=java.base/java.lang=ALL-UNNAMED --add-opens=java.base/sun.nio.fs=ALL-UNNAMED -Declipse.application=org.eclipse.jdt.ls.core.id1 -Dosgi.bundles.defaultStartLevel=4 -Declipse.product=org.eclipse.jdt.ls.core.product -Djava.import.generatesMetadataFilesAtProjectRoot=false -DDetectVMInstallationsJob.disabled=true -Dfile.encoding=utf8 -XX:+UseParallelGC -XX:GCTimeRatio=4 -XX:AdaptiveSizePolicyWeight=90 -Dsun.zip.disableMemoryMapping=true -Xmx1G -Xms100m -Xlog:disable -javaagent:c:\Users\siamt\.vscode\extensions\redhat.java-1.42.0-win32-x64\lombok\lombok-1.18.36.jar -XX:+HeapDumpOnOutOfMemoryError -XX:HeapDumpPath=c:\Users\siamt\AppData\Roaming\Code\User\workspaceStorage\04f8c0a12133589577bcd58cc7df5e1b\redhat.java -Daether.dependencyCollector.impl=bf 
java_command: c:\Users\siamt\.vscode\extensions\redhat.java-1.42.0-win32-x64\server\plugins\org.eclipse.equinox.launcher_1.7.0.v20250424-1814.jar -configuration c:\Users\siamt\AppData\Roaming\Code\User\globalStorage\redhat.java\1.42.0\config_win -data c:\Users\siamt\AppData\Roaming\Code\User\workspaceStorage\04f8c0a12133589577bcd58cc7df5e1b\redhat.java\jdt_ws --pipe=\\.\pipe\lsp-feb307586bbd3c91311a09ba9a642027-sock
java_class_path (initial): c:\Users\siamt\.vscode\extensions\redhat.java-1.42.0-win32-x64\server\plugins\org.eclipse.equinox.launcher_1.7.0.v20250424-1814.jar
Launcher Type: SUN_STANDARD

[Global flags]
    uintx AdaptiveSizePolicyWeight                 = 90                                        {product} {command line}
     intx CICompilerCount                          = 4                                         {product} {ergonomic}
    uintx GCTimeRatio                              = 4                                         {product} {command line}
     bool HeapDumpOnOutOfMemoryError               = true                                   {manageable} {command line}
    ccstr HeapDumpPath                             = c:\Users\siamt\AppData\Roaming\Code\User\workspaceStorage\04f8c0a12133589577bcd58cc7df5e1b\redhat.java         {manageable} {command line}
   size_t InitialHeapSize                          = 104857600                                 {product} {command line}
   size_t MaxHeapSize                              = 1073741824                                {product} {command line}
   size_t MaxNewSize                               = 357564416                                 {product} {ergonomic}
   size_t MinHeapDeltaBytes                        = 524288                                    {product} {ergonomic}
   size_t MinHeapSize                              = 104857600                                 {product} {command line}
   size_t NewSize                                  = 34603008                                  {product} {ergonomic}
    uintx NonNMethodCodeHeapSize                   = 5839372                                {pd product} {ergonomic}
    uintx NonProfiledCodeHeapSize                  = 122909434                              {pd product} {ergonomic}
   size_t OldSize                                  = 70254592                                  {product} {ergonomic}
    uintx ProfiledCodeHeapSize                     = 122909434                              {pd product} {ergonomic}
    uintx ReservedCodeCacheSize                    = 251658240                              {pd product} {ergonomic}
     bool SegmentedCodeCache                       = true                                      {product} {ergonomic}
   size_t SoftMaxHeapSize                          = 1073741824                             {manageable} {ergonomic}
     bool UseCompressedOops                        = true                           {product lp64_product} {ergonomic}
     bool UseLargePagesIndividualAllocation        = false                                  {pd product} {ergonomic}
     bool UseParallelGC                            = true                                      {product} {command line}

Logging:
Log output configuration:
 #0: stdout all=off uptime,level,tags foldmultilines=false
 #1: stderr all=off uptime,level,tags foldmultilines=false

Environment Variables:
JAVA_HOME=E:\Java\jdk-19
PATH=D:\amazon_caratto\jdk17.0.10_7\bin;D:\vmareeeeeee\bin\;C:\Program Files\Common Files\Oracle\Java\javapath;C:\Windows\system32;C:\Windows;C:\Windows\System32\Wbem;C:\Windows\System32\WindowsPowerShell\v1.0\;C:\Windows\System32\OpenSSH\;C:\TDM-GCC-32\bin;C:\MinGW\bin;E:\Java\jdk-19\bin;E:\Java\jdk-19\bin;C:\Program Files\Microsoft SQL Server\Client SDK\ODBC\170\Tools\Binn\;C:\Program Files (x86)\Microsoft SQL Server\160\Tools\Binn\;C:\Program Files\Microsoft SQL Server\160\Tools\Binn\;C:\Program Files\Microsoft SQL Server\160\DTS\Binn\;C:\Program Files (x86)\Microsoft SQL Server\150\Tools\Binn\;C:\Program Files\Microsoft SQL Server\150\Tools\Binn\;C:\Program Files\Microsoft SQL Server\150\DTS\Binn\;C:\Program Files\CodeBlocks\MinGW\bin;D:\MinGW\bin;C:\Program Files\Azure Data Studio\bin;D:\samp\php;D:\all software all type of file;D:\Git\cmd;D:\tdm\bin;E:\forth_year_lab\mathlab\bin;D:\NodeJs\;C:\ProgramData\chocolatey\bin;D:\NodeJs;C:\Users\siamt\AppData\Roaming\npm;C:\Program Files\Docker\Docker\resources\bin;D:\Office\kafka_2.13-3.9.0\bin;C:\Program Files\MongoDB\Server\8.0\bin;E:\Program File\Scripts\;E:\Program File\;C:\Users\siamt\AppData\Local\Microsoft\WindowsApps;;C:\Program Files\Azure Data Studio\bin;D:\Microsoft VS Code\bin;C:\Program Files\Azure Data Studio\bin;C:\Users\siamt\AppData\Roaming\npm;D:\modeeellsim\modelsim_ase\win32aloem
USERNAME=siamt
OS=Windows_NT
PROCESSOR_IDENTIFIER=Intel64 Family 6 Model 140 Stepping 1, GenuineIntel
TMP=C:\Users\siamt\AppData\Local\Temp
TEMP=C:\Users\siamt\AppData\Local\Temp




Periodic native trim disabled

---------------  S Y S T E M  ---------------

OS:
 Windows 10 , 64 bit Build 19041 (10.0.19041.5794)
OS uptime: 0 days 0:28 hours
Hyper-V role detected

CPU: total 8 (initial active 8) (4 cores per cpu, 2 threads per core) family 6 model 140 stepping 1 microcode 0xa4, cx8, cmov, fxsr, ht, mmx, 3dnowpref, sse, sse2, sse3, ssse3, sse4.1, sse4.2, popcnt, lzcnt, tsc, tscinvbit, avx, avx2, aes, erms, clmul, bmi1, bmi2, adx, avx512f, avx512dq, avx512cd, avx512bw, avx512vl, sha, fma, vzeroupper, avx512_vpopcntdq, avx512_vpclmulqdq, avx512_vaes, avx512_vnni, clflush, clflushopt, clwb, avx512_vbmi2, avx512_vbmi, hv, rdtscp, rdpid, fsrm, gfni, avx512_bitalg, f16c, cet_ibt, cet_ss, avx512_ifma
Processor Information for the first 8 processors :
  Max Mhz: 2419, Current Mhz: 2419, Mhz Limit: 2419

Memory: 4k page, system-wide physical 7886M (238M free)
TotalPageFile size 20995M (AvailPageFile size 0M)
current process WorkingSet (physical memory assigned to process): 540M, peak: 555M
current process commit charge ("private bytes"): 558M, peak: 956M

vm_info: OpenJDK 64-Bit Server VM (21.0.7+6-LTS) for windows-amd64 JRE (21.0.7+6-LTS), built on 2025-04-15T00:00:00Z by "admin" with MS VC++ 17.7 (VS2022)

END.
