#
# There is insufficient memory for the Java Runtime Environment to continue.
# Native memory allocation (malloc) failed to allocate 537056 bytes. Error detail: Chunk::new
# Possible reasons:
#   The system is out of physical RAM or swap space
#   This process is running with CompressedOops enabled, and the Java Heap may be blocking the growth of the native heap
# Possible solutions:
#   Reduce memory load on the system
#   Increase physical memory or swap space
#   Check if swap backing store is full
#   Decrease Java heap size (-Xmx/-Xms)
#   Decrease number of Java threads
#   Decrease Java thread stack sizes (-Xss)
#   Set larger code cache with -XX:ReservedCodeCacheSize=
#   JVM is running with Unscaled Compressed Oops mode in which the Java heap is
#     placed in the first 4GB address space. The Java Heap base address is the
#     maximum limit for the native heap growth. Please use -XX:HeapBaseMinAddress
#     to set the Java Heap base and to place the Java Heap above 4GB virtual address.
# This output file may be truncated or incomplete.
#
#  Out of Memory Error (arena.cpp:168), pid=19672, tid=21476
#
# JRE version: OpenJDK Runtime Environment Temurin-21.0.7+6 (21.0.7+6) (build 21.0.7+6-LTS)
# Java VM: OpenJDK 64-Bit Server VM Temurin-21.0.7+6 (21.0.7+6-LTS, mixed mode, sharing, tiered, compressed oops, compressed class ptrs, parallel gc, windows-amd64)
# No core dump will be written. Minidumps are not enabled by default on client versions of Windows
#

---------------  S U M M A R Y ------------

Command Line: --add-modules=ALL-SYSTEM --add-opens=java.base/java.util=ALL-UNNAMED --add-opens=java.base/java.lang=ALL-UNNAMED --add-opens=java.base/sun.nio.fs=ALL-UNNAMED -Declipse.application=org.eclipse.jdt.ls.core.id1 -Dosgi.bundles.defaultStartLevel=4 -Declipse.product=org.eclipse.jdt.ls.core.product -Djava.import.generatesMetadataFilesAtProjectRoot=false -DDetectVMInstallationsJob.disabled=true -Dfile.encoding=utf8 -XX:+UseParallelGC -XX:GCTimeRatio=4 -XX:AdaptiveSizePolicyWeight=90 -Dsun.zip.disableMemoryMapping=true -Xmx1G -Xms100m -Xlog:disable -javaagent:c:\Users\siamt\.vscode\extensions\redhat.java-1.42.0-win32-x64\lombok\lombok-1.18.36.jar -XX:+HeapDumpOnOutOfMemoryError -XX:HeapDumpPath=c:\Users\siamt\AppData\Roaming\Code\User\workspaceStorage\04f8c0a12133589577bcd58cc7df5e1b\redhat.java -Daether.dependencyCollector.impl=bf c:\Users\siamt\.vscode\extensions\redhat.java-1.42.0-win32-x64\server\plugins\org.eclipse.equinox.launcher_1.7.0.v20250424-1814.jar -configuration c:\Users\siamt\AppData\Roaming\Code\User\globalStorage\redhat.java\1.42.0\config_win -data c:\Users\siamt\AppData\Roaming\Code\User\workspaceStorage\04f8c0a12133589577bcd58cc7df5e1b\redhat.java\jdt_ws --pipe=\\.\pipe\lsp-0452706c156d3a22c22dc4f1a9778beb-sock

Host: 11th Gen Intel(R) Core(TM) i5-1135G7 @ 2.40GHz, 8 cores, 7G,  Windows 10 , 64 bit Build 19041 (10.0.19041.5794)
Time: Sat May 17 17:32:25 2025 Bangladesh Standard Time elapsed time: 60.276503 seconds (0d 0h 1m 0s)

---------------  T H R E A D  ---------------

Current thread (0x000002cd1a87a760):  JavaThread "C2 CompilerThread0" daemon [_thread_in_native, id=21476, stack(0x000000f966900000,0x000000f966a00000) (1024K)]


Current CompileTask:
C2:60276 11533   !   4       org.eclipse.jdt.internal.core.util.DeduplicationUtil::intern (149 bytes)

Stack: [0x000000f966900000,0x000000f966a00000]
Native frames: (J=compiled Java code, j=interpreted, Vv=VM code, C=native code)
V  [jvm.dll+0x6ce119]
V  [jvm.dll+0x8a84a1]
V  [jvm.dll+0x8aa9ce]
V  [jvm.dll+0x8ab0b3]
V  [jvm.dll+0x27f8a6]
V  [jvm.dll+0xc507d]
V  [jvm.dll+0xc55b3]
V  [jvm.dll+0x2f2c6d]
V  [jvm.dll+0x5f6bca]
V  [jvm.dll+0x250cb2]
V  [jvm.dll+0x25106f]
V  [jvm.dll+0x249934]
V  [jvm.dll+0x246fc4]
V  [jvm.dll+0x1c760e]
V  [jvm.dll+0x25695a]
V  [jvm.dll+0x254efa]
V  [jvm.dll+0x3f03f6]
V  [jvm.dll+0x851f6b]
V  [jvm.dll+0x6cc7dd]
C  [ucrtbase.dll+0x21bb2]
C  [KERNEL32.DLL+0x17374]
C  [ntdll.dll+0x4cc91]


---------------  P R O C E S S  ---------------

Threads class SMR info:
_java_thread_list=0x000002cd62dad0a0, length=55, elements={
0x000002cd064c2360, 0x000002cd1a86ed70, 0x000002cd1a870670, 0x000002cd1a871620,
0x000002cd1a872e80, 0x000002cd1a874c40, 0x000002cd1a877920, 0x000002cd1a87a760,
0x000002cd1a8ac110, 0x000002cd5d3d30e0, 0x000002cd5d65a4a0, 0x000002cd5da7c640,
0x000002cd5d52d7f0, 0x000002cd5dbf1db0, 0x000002cd5dac16b0, 0x000002cd624e0870,
0x000002cd624fcff0, 0x000002cd6288c310, 0x000002cd62889bb0, 0x000002cd62888e90,
0x000002cd6288b5f0, 0x000002cd62889520, 0x000002cd6288a8d0, 0x000002cd6288bc80,
0x000002cd6288af60, 0x000002cd5dd5b040, 0x000002cd5dd59c90, 0x000002cd5dd5c3f0,
0x000002cd5dd5a9b0, 0x000002cd5dd58f70, 0x000002cd5dd5b6d0, 0x000002cd5dd59600,
0x000002cd5dd5a320, 0x000002cd5dd5bd60, 0x000002cd64423c40, 0x000002cd644242d0,
0x000002cd64422890, 0x000002cd64424960, 0x000002cd64424ff0, 0x000002cd64427750,
0x000002cd64425680, 0x000002cd64425d10, 0x000002cd64420e50, 0x000002cd644207c0,
0x000002cd64422f20, 0x000002cd644235b0, 0x000002cd64427de0, 0x000002cd644263a0,
0x000002cd644214e0, 0x000002cd64426a30, 0x000002cd64421b70, 0x000002cd644270c0,
0x000002cd64422200, 0x000002cd6288a240, 0x000002cd6278eb60
}

Java Threads: ( => current thread )
  0x000002cd064c2360 JavaThread "main"                              [_thread_blocked, id=17352, stack(0x000000f965f00000,0x000000f966000000) (1024K)]
  0x000002cd1a86ed70 JavaThread "Reference Handler"          daemon [_thread_blocked, id=5512, stack(0x000000f966300000,0x000000f966400000) (1024K)]
  0x000002cd1a870670 JavaThread "Finalizer"                  daemon [_thread_blocked, id=7356, stack(0x000000f966400000,0x000000f966500000) (1024K)]
  0x000002cd1a871620 JavaThread "Signal Dispatcher"          daemon [_thread_blocked, id=20748, stack(0x000000f966500000,0x000000f966600000) (1024K)]
  0x000002cd1a872e80 JavaThread "Attach Listener"            daemon [_thread_blocked, id=11624, stack(0x000000f966600000,0x000000f966700000) (1024K)]
  0x000002cd1a874c40 JavaThread "Service Thread"             daemon [_thread_blocked, id=18456, stack(0x000000f966700000,0x000000f966800000) (1024K)]
  0x000002cd1a877920 JavaThread "Monitor Deflation Thread"   daemon [_thread_blocked, id=15524, stack(0x000000f966800000,0x000000f966900000) (1024K)]
=>0x000002cd1a87a760 JavaThread "C2 CompilerThread0"         daemon [_thread_in_native, id=21476, stack(0x000000f966900000,0x000000f966a00000) (1024K)]
  0x000002cd1a8ac110 JavaThread "C1 CompilerThread0"         daemon [_thread_blocked, id=19608, stack(0x000000f966a00000,0x000000f966b00000) (1024K)]
  0x000002cd5d3d30e0 JavaThread "Common-Cleaner"             daemon [_thread_blocked, id=2140, stack(0x000000f966b00000,0x000000f966c00000) (1024K)]
  0x000002cd5d65a4a0 JavaThread "Notification Thread"        daemon [_thread_blocked, id=10188, stack(0x000000f966c00000,0x000000f966d00000) (1024K)]
  0x000002cd5da7c640 JavaThread "Active Thread: Equinox Container: 8f3d53c1-2f2a-4c04-9d0a-5b12caa1659d"        [_thread_blocked, id=5108, stack(0x000000f967300000,0x000000f967400000) (1024K)]
  0x000002cd5d52d7f0 JavaThread "Refresh Thread: Equinox Container: 8f3d53c1-2f2a-4c04-9d0a-5b12caa1659d" daemon [_thread_blocked, id=9332, stack(0x000000f967400000,0x000000f967500000) (1024K)]
  0x000002cd5dbf1db0 JavaThread "Framework Event Dispatcher: Equinox Container: 8f3d53c1-2f2a-4c04-9d0a-5b12caa1659d" daemon [_thread_blocked, id=12768, stack(0x000000f967600000,0x000000f967700000) (1024K)]
  0x000002cd5dac16b0 JavaThread "Start Level: Equinox Container: 8f3d53c1-2f2a-4c04-9d0a-5b12caa1659d" daemon [_thread_blocked, id=16244, stack(0x000000f967700000,0x000000f967800000) (1024K)]
  0x000002cd624e0870 JavaThread "Bundle File Closer"         daemon [_thread_blocked, id=19644, stack(0x000000f967800000,0x000000f967900000) (1024K)]
  0x000002cd624fcff0 JavaThread "SCR Component Actor"        daemon [_thread_blocked, id=15392, stack(0x000000f967900000,0x000000f967a00000) (1024K)]
  0x000002cd6288c310 JavaThread "Worker-JM"                         [_thread_blocked, id=17144, stack(0x000000f967b00000,0x000000f967c00000) (1024K)]
  0x000002cd62889bb0 JavaThread "JNA Cleaner"                daemon [_thread_blocked, id=5104, stack(0x000000f967a00000,0x000000f967b00000) (1024K)]
  0x000002cd62888e90 JavaThread "Worker-0: Java indexing... "        [_thread_blocked, id=18240, stack(0x000000f967c00000,0x000000f967d00000) (1024K)]
  0x000002cd6288b5f0 JavaThread "Worker-1: Publish Diagnostics"        [_thread_blocked, id=11248, stack(0x000000f967d00000,0x000000f967e00000) (1024K)]
  0x000002cd62889520 JavaThread "Worker-2"                          [_thread_blocked, id=22308, stack(0x000000f967f00000,0x000000f968000000) (1024K)]
  0x000002cd6288a8d0 JavaThread "Java indexing"              daemon [_thread_blocked, id=23300, stack(0x000000f968000000,0x000000f968100000) (1024K)]
  0x000002cd6288bc80 JavaThread "Worker-3: Initialize workspace"        [_thread_blocked, id=22260, stack(0x000000f968100000,0x000000f968200000) (1024K)]
  0x000002cd6288af60 JavaThread "Worker-4"                          [_thread_blocked, id=9028, stack(0x000000f968200000,0x000000f968300000) (1024K)]
  0x000002cd5dd5b040 JavaThread "Thread-3"                   daemon [_thread_in_native, id=19604, stack(0x000000f968300000,0x000000f968400000) (1024K)]
  0x000002cd5dd59c90 JavaThread "Thread-4"                   daemon [_thread_in_native, id=21084, stack(0x000000f968400000,0x000000f968500000) (1024K)]
  0x000002cd5dd5c3f0 JavaThread "Thread-5"                   daemon [_thread_in_native, id=3596, stack(0x000000f968500000,0x000000f968600000) (1024K)]
  0x000002cd5dd5a9b0 JavaThread "Thread-6"                   daemon [_thread_in_native, id=4660, stack(0x000000f968600000,0x000000f968700000) (1024K)]
  0x000002cd5dd58f70 JavaThread "Thread-7"                   daemon [_thread_in_native, id=21116, stack(0x000000f968700000,0x000000f968800000) (1024K)]
  0x000002cd5dd5b6d0 JavaThread "Thread-8"                   daemon [_thread_in_native, id=8812, stack(0x000000f968800000,0x000000f968900000) (1024K)]
  0x000002cd5dd59600 JavaThread "Thread-9"                   daemon [_thread_in_native, id=13344, stack(0x000000f968900000,0x000000f968a00000) (1024K)]
  0x000002cd5dd5a320 JavaThread "Thread-10"                  daemon [_thread_in_native, id=20736, stack(0x000000f968a00000,0x000000f968b00000) (1024K)]
  0x000002cd5dd5bd60 JavaThread "Thread-11"                  daemon [_thread_in_native, id=20512, stack(0x000000f968b00000,0x000000f968c00000) (1024K)]
  0x000002cd64423c40 JavaThread "pool-2-thread-1"                   [_thread_blocked, id=10364, stack(0x000000f968c00000,0x000000f968d00000) (1024K)]
  0x000002cd644242d0 JavaThread "WorkspaceEventsHandler"            [_thread_blocked, id=22784, stack(0x000000f967e00000,0x000000f967f00000) (1024K)]
  0x000002cd64422890 JavaThread "pool-1-thread-1"                   [_thread_blocked, id=13412, stack(0x000000f968d00000,0x000000f968e00000) (1024K)]
  0x000002cd64424960 JavaThread "Worker-5: Initialize Workspace"        [_thread_blocked, id=22428, stack(0x000000f968e00000,0x000000f968f00000) (1024K)]
  0x000002cd64424ff0 JavaThread "LocalFile Deleter"          daemon [_thread_blocked, id=14024, stack(0x000000f969000000,0x000000f969100000) (1024K)]
  0x000002cd64427750 JavaThread "LocalFile Deleter"          daemon [_thread_blocked, id=23008, stack(0x000000f969100000,0x000000f969200000) (1024K)]
  0x000002cd64425680 JavaThread "LocalFile Deleter"          daemon [_thread_blocked, id=19128, stack(0x000000f969200000,0x000000f969300000) (1024K)]
  0x000002cd64425d10 JavaThread "Compiler Source File Reader" daemon [_thread_blocked, id=21288, stack(0x000000f969300000,0x000000f969400000) (1024K)]
  0x000002cd64420e50 JavaThread "Compiler Source File Reader" daemon [_thread_blocked, id=20960, stack(0x000000f969400000,0x000000f969500000) (1024K)]
  0x000002cd644207c0 JavaThread "Compiler Source File Reader" daemon [_thread_blocked, id=17912, stack(0x000000f969500000,0x000000f969600000) (1024K)]
  0x000002cd64422f20 JavaThread "Compiler Source File Reader" daemon [_thread_blocked, id=10560, stack(0x000000f969600000,0x000000f969700000) (1024K)]
  0x000002cd644235b0 JavaThread "Compiler Source File Reader" daemon [_thread_blocked, id=2552, stack(0x000000f969700000,0x000000f969800000) (1024K)]
  0x000002cd64427de0 JavaThread "Compiler Source File Reader" daemon [_thread_blocked, id=8768, stack(0x000000f969800000,0x000000f969900000) (1024K)]
  0x000002cd644263a0 JavaThread "Compiler Processing Task"   daemon [_thread_blocked, id=11528, stack(0x000000f969900000,0x000000f969a00000) (1024K)]
  0x000002cd644214e0 JavaThread "Compiler Class File Writer" daemon [_thread_blocked, id=16232, stack(0x000000f969a00000,0x000000f969b00000) (1024K)]
  0x000002cd64426a30 JavaThread "Compiler Class File Writer" daemon [_thread_blocked, id=18992, stack(0x000000f969b00000,0x000000f969c00000) (1024K)]
  0x000002cd64421b70 JavaThread "Compiler Class File Writer" daemon [_thread_blocked, id=13228, stack(0x000000f969c00000,0x000000f969d00000) (1024K)]
  0x000002cd644270c0 JavaThread "Compiler Class File Writer" daemon [_thread_blocked, id=9936, stack(0x000000f969d00000,0x000000f969e00000) (1024K)]
  0x000002cd64422200 JavaThread "Compiler Class File Writer" daemon [_thread_blocked, id=7436, stack(0x000000f969e00000,0x000000f969f00000) (1024K)]
  0x000002cd6288a240 JavaThread "Compiler Class File Writer" daemon [_thread_blocked, id=15608, stack(0x000000f969f00000,0x000000f96a000000) (1024K)]
  0x000002cd6278eb60 JavaThread "ForkJoinPool.commonPool-worker-1" daemon [_thread_in_Java, id=13140, stack(0x000000f968f00000,0x000000f969000000) (1024K)]
Total: 55

Other Threads:
  0x000002cd1a853130 VMThread "VM Thread"                           [id=17120, stack(0x000000f966200000,0x000000f966300000) (1024K)]
  0x000002cd065877c0 WatcherThread "VM Periodic Task Thread"        [id=20800, stack(0x000000f966100000,0x000000f966200000) (1024K)]
  0x000002cd064e03b0 WorkerThread "GC Thread#0"                     [id=21900, stack(0x000000f966000000,0x000000f966100000) (1024K)]
  0x000002cd5d6df4f0 WorkerThread "GC Thread#1"                     [id=15072, stack(0x000000f966d00000,0x000000f966e00000) (1024K)]
  0x000002cd5d74f6f0 WorkerThread "GC Thread#2"                     [id=18720, stack(0x000000f966e00000,0x000000f966f00000) (1024K)]
  0x000002cd5d74fa90 WorkerThread "GC Thread#3"                     [id=3832, stack(0x000000f966f00000,0x000000f967000000) (1024K)]
  0x000002cd5dbf9020 WorkerThread "GC Thread#4"                     [id=4204, stack(0x000000f967000000,0x000000f967100000) (1024K)]
  0x000002cd5dbf93c0 WorkerThread "GC Thread#5"                     [id=20824, stack(0x000000f967100000,0x000000f967200000) (1024K)]
  0x000002cd5dbf9760 WorkerThread "GC Thread#6"                     [id=16068, stack(0x000000f967200000,0x000000f967300000) (1024K)]
  0x000002cd5db75ad0 WorkerThread "GC Thread#7"                     [id=7260, stack(0x000000f967500000,0x000000f967600000) (1024K)]
Total: 10

Threads with active compile tasks:
C2 CompilerThread0  60303 11533   !   4       org.eclipse.jdt.internal.core.util.DeduplicationUtil::intern (149 bytes)
Total: 1

VM state: not at safepoint (normal execution)

VM Mutex/Monitor currently owned by a thread: None

Heap address: 0x00000000c0000000, size: 1024 MB, Compressed Oops mode: 32-bit

CDS archive(s) mapped at: [0x000002cd1b000000-0x000002cd1bba0000-0x000002cd1bba0000), size 12189696, SharedBaseAddress: 0x000002cd1b000000, ArchiveRelocationMode: 1.
Compressed class space mapped at: 0x000002cd1c000000-0x000002cd5c000000, reserved size: 1073741824
Narrow klass base: 0x000002cd1b000000, Narrow klass shift: 0, Narrow klass range: 0x100000000

GC Precious Log:
 CardTable entry size: 512
 CPUs: 8 total, 8 available
 Memory: 7886M
 Large Page Support: Disabled
 NUMA Support: Disabled
 Compressed Oops: Enabled (32-bit)
 Alignments: Space 512K, Generation 512K, Heap 2M
 Heap Min Capacity: 100M
 Heap Initial Capacity: 100M
 Heap Max Capacity: 1G
 Pre-touch: Disabled
 Parallel Workers: 8

Heap:
 PSYoungGen      total 8704K, used 5694K [0x00000000eab00000, 0x00000000eb480000, 0x0000000100000000)
  eden space 8192K, 69% used [0x00000000eab00000,0x00000000eb08fb38,0x00000000eb300000)
  from space 512K, 0% used [0x00000000eb400000,0x00000000eb400000,0x00000000eb480000)
  to   space 512K, 0% used [0x00000000eb380000,0x00000000eb380000,0x00000000eb400000)
 ParOldGen       total 115200K, used 95049K [0x00000000c0000000, 0x00000000c7080000, 0x00000000eab00000)
  object space 115200K, 82% used [0x00000000c0000000,0x00000000c5cd2698,0x00000000c7080000)
 Metaspace       used 64481K, committed 66048K, reserved 1114112K
  class space    used 6620K, committed 7296K, reserved 1048576K

Card table byte_map: [0x000002cd05e70000,0x000002cd06080000] _byte_map_base: 0x000002cd05870000

Marking Bits: (ParMarkBitMap*) 0x00007ff900bb31f0
 Begin Bits: [0x000002cd186c0000, 0x000002cd196c0000)
 End Bits:   [0x000002cd196c0000, 0x000002cd1a6c0000)

Polling page: 0x000002cd044b0000

Metaspace:

Usage:
  Non-class:     56.51 MB used.
      Class:      6.47 MB used.
       Both:     62.97 MB used.

Virtual space:
  Non-class space:       64.00 MB reserved,      57.38 MB ( 90%) committed,  1 nodes.
      Class space:        1.00 GB reserved,       7.12 MB ( <1%) committed,  1 nodes.
             Both:        1.06 GB reserved,      64.50 MB (  6%) committed. 

Chunk freelists:
   Non-Class:  6.38 MB
       Class:  8.75 MB
        Both:  15.12 MB

MaxMetaspaceSize: unlimited
CompressedClassSpaceSize: 1.00 GB
Initial GC threshold: 21.00 MB
Current GC threshold: 107.50 MB
CDS: on
 - commit_granule_bytes: 65536.
 - commit_granule_words: 8192.
 - virtual_space_node_default_size: 8388608.
 - enlarge_chunks_in_place: 1.
 - use_allocation_guard: 0.


Internal statistics:

num_allocs_failed_limit: 9.
num_arena_births: 1270.
num_arena_deaths: 14.
num_vsnodes_births: 2.
num_vsnodes_deaths: 0.
num_space_committed: 1032.
num_space_uncommitted: 0.
num_chunks_returned_to_freelist: 23.
num_chunks_taken_from_freelist: 4299.
num_chunk_merges: 15.
num_chunk_splits: 2679.
num_chunks_enlarged: 1561.
num_inconsistent_stats: 0.

CodeHeap 'non-profiled nmethods': size=120000Kb used=6369Kb max_used=6975Kb free=113630Kb
 bounds [0x000002cd11190000, 0x000002cd11860000, 0x000002cd186c0000]
CodeHeap 'profiled nmethods': size=120000Kb used=20814Kb max_used=24283Kb free=99185Kb
 bounds [0x000002cd096c0000, 0x000002cd0ae80000, 0x000002cd10bf0000]
CodeHeap 'non-nmethods': size=5760Kb used=1452Kb max_used=1514Kb free=4307Kb
 bounds [0x000002cd10bf0000, 0x000002cd10e60000, 0x000002cd11190000]
 total_blobs=10647 nmethods=9887 adapters=666
 compilation: enabled
              stopped_count=0, restarted_count=0
 full_count=0

Compilation events (20 events):
Event: 59.115 Thread 0x000002cd1a8ac110 11641       1       org.eclipse.jdt.internal.core.PackageFragment::isValidPackageName (5 bytes)
Event: 59.116 Thread 0x000002cd1a8ac110 nmethod 11641 0x000002cd11858110 code [0x000002cd118582a0, 0x000002cd11858370]
Event: 59.134 Thread 0x000002cd1a87a760 nmethod 11480 0x000002cd11858410 code [0x000002cd118587e0, 0x000002cd11859ea0]
Event: 59.135 Thread 0x000002cd1a8ac110 11642   !   2       org.eclipse.jdt.internal.core.JarPackageFragmentRoot::getClassFilePath (48 bytes)
Event: 59.135 Thread 0x000002cd1a87a760 11498       4       sun.nio.fs.WindowsFileSystem::getPath (106 bytes)
Event: 59.137 Thread 0x000002cd1a8ac110 nmethod 11642 0x000002cd0ae74890 code [0x000002cd0ae74b00, 0x000002cd0ae750f0]
Event: 59.149 Thread 0x000002cd1a8ac110 11643       2       org.eclipse.jdt.internal.core.JarPackageFragmentRoot::getJar (11 bytes)
Event: 59.150 Thread 0x000002cd1a8ac110 nmethod 11643 0x000002cd0ae75810 code [0x000002cd0ae759e0, 0x000002cd0ae75c20]
Event: 59.222 Thread 0x000002cd1a87a760 nmethod 11498 0x000002cd1185af90 code [0x000002cd1185b2c0, 0x000002cd1185d350]
Event: 59.222 Thread 0x000002cd1a87a760 11460       4       java.util.ImmutableCollections$AbstractImmutableList::hashCode (36 bytes)
Event: 59.228 Thread 0x000002cd1a87a760 nmethod 11460 0x000002cd1185e410 code [0x000002cd1185e5e0, 0x000002cd1185e9c0]
Event: 59.228 Thread 0x000002cd1a87a760 11506       4       java.lang.Integer::stringSize (47 bytes)
Event: 59.230 Thread 0x000002cd1a87a760 nmethod 11506 0x000002cd1185ec10 code [0x000002cd1185ed80, 0x000002cd1185ee68]
Event: 59.230 Thread 0x000002cd1a87a760 11591       4       org.eclipse.jdt.internal.core.util.HashtableOfArrayToObject::hashCode (35 bytes)
Event: 59.235 Thread 0x000002cd1a87a760 nmethod 11591 0x000002cd1185ef10 code [0x000002cd1185f0c0, 0x000002cd1185f2f0]
Event: 59.235 Thread 0x000002cd1a87a760 11568       4       java.util.Arrays::compare (109 bytes)
Event: 59.521 Thread 0x000002cd1a87a760 nmethod 11568 0x000002cd1185f490 code [0x000002cd1185f640, 0x000002cd1185fab8]
Event: 59.521 Thread 0x000002cd1a87a760 11533   !   4       org.eclipse.jdt.internal.core.util.DeduplicationUtil::intern (149 bytes)
Event: 59.554 Thread 0x000002cd1a8ac110 11645       2       org.eclipse.jdt.internal.core.JavaModelCache::peekAtInfo (156 bytes)
Event: 59.555 Thread 0x000002cd1a8ac110 nmethod 11645 0x000002cd0ae75e10 code [0x000002cd0ae760c0, 0x000002cd0ae76a00]

GC Heap History (20 events):
Event: 58.865 GC heap before
{Heap before GC invocations=127 (full 3):
 PSYoungGen      total 9216K, used 8704K [0x00000000eab00000, 0x00000000eb500000, 0x0000000100000000)
  eden space 8192K, 100% used [0x00000000eab00000,0x00000000eb300000,0x00000000eb300000)
  from space 1024K, 50% used [0x00000000eb300000,0x00000000eb380000,0x00000000eb400000)
  to   space 1024K, 0% used [0x00000000eb400000,0x00000000eb400000,0x00000000eb500000)
 ParOldGen       total 112128K, used 112058K [0x00000000c0000000, 0x00000000c6d80000, 0x00000000eab00000)
  object space 112128K, 99% used [0x00000000c0000000,0x00000000c6d6ebe8,0x00000000c6d80000)
 Metaspace       used 64472K, committed 66048K, reserved 1114112K
  class space    used 6620K, committed 7296K, reserved 1048576K
}
Event: 58.868 GC heap after
{Heap after GC invocations=127 (full 3):
 PSYoungGen      total 8704K, used 288K [0x00000000eab00000, 0x00000000eb480000, 0x0000000100000000)
  eden space 8192K, 0% used [0x00000000eab00000,0x00000000eab00000,0x00000000eb300000)
  from space 512K, 56% used [0x00000000eb400000,0x00000000eb448000,0x00000000eb480000)
  to   space 512K, 0% used [0x00000000eb380000,0x00000000eb380000,0x00000000eb400000)
 ParOldGen       total 112640K, used 112447K [0x00000000c0000000, 0x00000000c6e00000, 0x00000000eab00000)
  object space 112640K, 99% used [0x00000000c0000000,0x00000000c6dcff50,0x00000000c6e00000)
 Metaspace       used 64472K, committed 66048K, reserved 1114112K
  class space    used 6620K, committed 7296K, reserved 1048576K
}
Event: 59.105 GC heap before
{Heap before GC invocations=128 (full 3):
 PSYoungGen      total 8704K, used 8480K [0x00000000eab00000, 0x00000000eb480000, 0x0000000100000000)
  eden space 8192K, 100% used [0x00000000eab00000,0x00000000eb300000,0x00000000eb300000)
  from space 512K, 56% used [0x00000000eb400000,0x00000000eb448000,0x00000000eb480000)
  to   space 512K, 0% used [0x00000000eb380000,0x00000000eb380000,0x00000000eb400000)
 ParOldGen       total 112640K, used 112447K [0x00000000c0000000, 0x00000000c6e00000, 0x00000000eab00000)
  object space 112640K, 99% used [0x00000000c0000000,0x00000000c6dcff50,0x00000000c6e00000)
 Metaspace       used 64478K, committed 66048K, reserved 1114112K
  class space    used 6620K, committed 7296K, reserved 1048576K
}
Event: 59.107 GC heap after
{Heap after GC invocations=128 (full 3):
 PSYoungGen      total 8704K, used 384K [0x00000000eab00000, 0x00000000eb480000, 0x0000000100000000)
  eden space 8192K, 0% used [0x00000000eab00000,0x00000000eab00000,0x00000000eb300000)
  from space 512K, 75% used [0x00000000eb380000,0x00000000eb3e0000,0x00000000eb400000)
  to   space 512K, 0% used [0x00000000eb400000,0x00000000eb400000,0x00000000eb480000)
 ParOldGen       total 112640K, used 112639K [0x00000000c0000000, 0x00000000c6e00000, 0x00000000eab00000)
  object space 112640K, 99% used [0x00000000c0000000,0x00000000c6dfff50,0x00000000c6e00000)
 Metaspace       used 64478K, committed 66048K, reserved 1114112K
  class space    used 6620K, committed 7296K, reserved 1048576K
}
Event: 59.214 GC heap before
{Heap before GC invocations=129 (full 3):
 PSYoungGen      total 8704K, used 8576K [0x00000000eab00000, 0x00000000eb480000, 0x0000000100000000)
  eden space 8192K, 100% used [0x00000000eab00000,0x00000000eb300000,0x00000000eb300000)
  from space 512K, 75% used [0x00000000eb380000,0x00000000eb3e0000,0x00000000eb400000)
  to   space 512K, 0% used [0x00000000eb400000,0x00000000eb400000,0x00000000eb480000)
 ParOldGen       total 112640K, used 112639K [0x00000000c0000000, 0x00000000c6e00000, 0x00000000eab00000)
  object space 112640K, 99% used [0x00000000c0000000,0x00000000c6dfff50,0x00000000c6e00000)
 Metaspace       used 64479K, committed 66048K, reserved 1114112K
  class space    used 6620K, committed 7296K, reserved 1048576K
}
Event: 59.219 GC heap after
{Heap after GC invocations=129 (full 3):
 PSYoungGen      total 8704K, used 352K [0x00000000eab00000, 0x00000000eb480000, 0x0000000100000000)
  eden space 8192K, 0% used [0x00000000eab00000,0x00000000eab00000,0x00000000eb300000)
  from space 512K, 68% used [0x00000000eb400000,0x00000000eb458000,0x00000000eb480000)
  to   space 512K, 0% used [0x00000000eb380000,0x00000000eb380000,0x00000000eb400000)
 ParOldGen       total 113152K, used 112839K [0x00000000c0000000, 0x00000000c6e80000, 0x00000000eab00000)
  object space 113152K, 99% used [0x00000000c0000000,0x00000000c6e31f50,0x00000000c6e80000)
 Metaspace       used 64479K, committed 66048K, reserved 1114112K
  class space    used 6620K, committed 7296K, reserved 1048576K
}
Event: 59.518 GC heap before
{Heap before GC invocations=130 (full 3):
 PSYoungGen      total 8704K, used 8544K [0x00000000eab00000, 0x00000000eb480000, 0x0000000100000000)
  eden space 8192K, 100% used [0x00000000eab00000,0x00000000eb300000,0x00000000eb300000)
  from space 512K, 68% used [0x00000000eb400000,0x00000000eb458000,0x00000000eb480000)
  to   space 512K, 0% used [0x00000000eb380000,0x00000000eb380000,0x00000000eb400000)
 ParOldGen       total 113152K, used 112839K [0x00000000c0000000, 0x00000000c6e80000, 0x00000000eab00000)
  object space 113152K, 99% used [0x00000000c0000000,0x00000000c6e31f50,0x00000000c6e80000)
 Metaspace       used 64479K, committed 66048K, reserved 1114112K
  class space    used 6620K, committed 7296K, reserved 1048576K
}
Event: 59.521 GC heap after
{Heap after GC invocations=130 (full 3):
 PSYoungGen      total 8704K, used 384K [0x00000000eab00000, 0x00000000eb480000, 0x0000000100000000)
  eden space 8192K, 0% used [0x00000000eab00000,0x00000000eab00000,0x00000000eb300000)
  from space 512K, 75% used [0x00000000eb380000,0x00000000eb3e0000,0x00000000eb400000)
  to   space 512K, 0% used [0x00000000eb400000,0x00000000eb400000,0x00000000eb480000)
 ParOldGen       total 113152K, used 113095K [0x00000000c0000000, 0x00000000c6e80000, 0x00000000eab00000)
  object space 113152K, 99% used [0x00000000c0000000,0x00000000c6e71f50,0x00000000c6e80000)
 Metaspace       used 64479K, committed 66048K, reserved 1114112K
  class space    used 6620K, committed 7296K, reserved 1048576K
}
Event: 59.539 GC heap before
{Heap before GC invocations=131 (full 3):
 PSYoungGen      total 8704K, used 8576K [0x00000000eab00000, 0x00000000eb480000, 0x0000000100000000)
  eden space 8192K, 100% used [0x00000000eab00000,0x00000000eb300000,0x00000000eb300000)
  from space 512K, 75% used [0x00000000eb380000,0x00000000eb3e0000,0x00000000eb400000)
  to   space 512K, 0% used [0x00000000eb400000,0x00000000eb400000,0x00000000eb480000)
 ParOldGen       total 113152K, used 113095K [0x00000000c0000000, 0x00000000c6e80000, 0x00000000eab00000)
  object space 113152K, 99% used [0x00000000c0000000,0x00000000c6e71f50,0x00000000c6e80000)
 Metaspace       used 64479K, committed 66048K, reserved 1114112K
  class space    used 6620K, committed 7296K, reserved 1048576K
}
Event: 59.542 GC heap after
{Heap after GC invocations=131 (full 3):
 PSYoungGen      total 8704K, used 448K [0x00000000eab00000, 0x00000000eb480000, 0x0000000100000000)
  eden space 8192K, 0% used [0x00000000eab00000,0x00000000eab00000,0x00000000eb300000)
  from space 512K, 87% used [0x00000000eb400000,0x00000000eb470000,0x00000000eb480000)
  to   space 512K, 0% used [0x00000000eb380000,0x00000000eb380000,0x00000000eb400000)
 ParOldGen       total 113664K, used 113383K [0x00000000c0000000, 0x00000000c6f00000, 0x00000000eab00000)
  object space 113664K, 99% used [0x00000000c0000000,0x00000000c6eb9f50,0x00000000c6f00000)
 Metaspace       used 64479K, committed 66048K, reserved 1114112K
  class space    used 6620K, committed 7296K, reserved 1048576K
}
Event: 59.563 GC heap before
{Heap before GC invocations=132 (full 3):
 PSYoungGen      total 8704K, used 8640K [0x00000000eab00000, 0x00000000eb480000, 0x0000000100000000)
  eden space 8192K, 100% used [0x00000000eab00000,0x00000000eb300000,0x00000000eb300000)
  from space 512K, 87% used [0x00000000eb400000,0x00000000eb470000,0x00000000eb480000)
  to   space 512K, 0% used [0x00000000eb380000,0x00000000eb380000,0x00000000eb400000)
 ParOldGen       total 113664K, used 113383K [0x00000000c0000000, 0x00000000c6f00000, 0x00000000eab00000)
  object space 113664K, 99% used [0x00000000c0000000,0x00000000c6eb9f50,0x00000000c6f00000)
 Metaspace       used 64481K, committed 66048K, reserved 1114112K
  class space    used 6620K, committed 7296K, reserved 1048576K
}
Event: 59.565 GC heap after
{Heap after GC invocations=132 (full 3):
 PSYoungGen      total 8704K, used 483K [0x00000000eab00000, 0x00000000eb500000, 0x0000000100000000)
  eden space 8192K, 0% used [0x00000000eab00000,0x00000000eab00000,0x00000000eb300000)
  from space 512K, 94% used [0x00000000eb380000,0x00000000eb3f8de8,0x00000000eb400000)
  to   space 1024K, 0% used [0x00000000eb400000,0x00000000eb400000,0x00000000eb500000)
 ParOldGen       total 114176K, used 113801K [0x00000000c0000000, 0x00000000c6f80000, 0x00000000eab00000)
  object space 114176K, 99% used [0x00000000c0000000,0x00000000c6f22728,0x00000000c6f80000)
 Metaspace       used 64481K, committed 66048K, reserved 1114112K
  class space    used 6620K, committed 7296K, reserved 1048576K
}
Event: 59.687 GC heap before
{Heap before GC invocations=133 (full 3):
 PSYoungGen      total 8704K, used 8675K [0x00000000eab00000, 0x00000000eb500000, 0x0000000100000000)
  eden space 8192K, 100% used [0x00000000eab00000,0x00000000eb300000,0x00000000eb300000)
  from space 512K, 94% used [0x00000000eb380000,0x00000000eb3f8de8,0x00000000eb400000)
  to   space 1024K, 0% used [0x00000000eb400000,0x00000000eb400000,0x00000000eb500000)
 ParOldGen       total 114176K, used 113801K [0x00000000c0000000, 0x00000000c6f80000, 0x00000000eab00000)
  object space 114176K, 99% used [0x00000000c0000000,0x00000000c6f22728,0x00000000c6f80000)
 Metaspace       used 64481K, committed 66048K, reserved 1114112K
  class space    used 6620K, committed 7296K, reserved 1048576K
}
Event: 59.690 GC heap after
{Heap after GC invocations=133 (full 3):
 PSYoungGen      total 9216K, used 347K [0x00000000eab00000, 0x00000000eb500000, 0x0000000100000000)
  eden space 8192K, 0% used [0x00000000eab00000,0x00000000eab00000,0x00000000eb300000)
  from space 1024K, 33% used [0x00000000eb400000,0x00000000eb456fc0,0x00000000eb500000)
  to   space 1024K, 0% used [0x00000000eb300000,0x00000000eb300000,0x00000000eb400000)
 ParOldGen       total 114688K, used 114261K [0x00000000c0000000, 0x00000000c7000000, 0x00000000eab00000)
  object space 114688K, 99% used [0x00000000c0000000,0x00000000c6f95510,0x00000000c7000000)
 Metaspace       used 64481K, committed 66048K, reserved 1114112K
  class space    used 6620K, committed 7296K, reserved 1048576K
}
Event: 59.763 GC heap before
{Heap before GC invocations=134 (full 3):
 PSYoungGen      total 9216K, used 8539K [0x00000000eab00000, 0x00000000eb500000, 0x0000000100000000)
  eden space 8192K, 100% used [0x00000000eab00000,0x00000000eb300000,0x00000000eb300000)
  from space 1024K, 33% used [0x00000000eb400000,0x00000000eb456fc0,0x00000000eb500000)
  to   space 1024K, 0% used [0x00000000eb300000,0x00000000eb300000,0x00000000eb400000)
 ParOldGen       total 114688K, used 114261K [0x00000000c0000000, 0x00000000c7000000, 0x00000000eab00000)
  object space 114688K, 99% used [0x00000000c0000000,0x00000000c6f95510,0x00000000c7000000)
 Metaspace       used 64481K, committed 66048K, reserved 1114112K
  class space    used 6620K, committed 7296K, reserved 1048576K
}
Event: 59.767 GC heap after
{Heap after GC invocations=134 (full 3):
 PSYoungGen      total 9216K, used 411K [0x00000000eab00000, 0x00000000eb480000, 0x0000000100000000)
  eden space 8192K, 0% used [0x00000000eab00000,0x00000000eab00000,0x00000000eb300000)
  from space 1024K, 40% used [0x00000000eb300000,0x00000000eb366fc0,0x00000000eb400000)
  to   space 512K, 0% used [0x00000000eb400000,0x00000000eb400000,0x00000000eb480000)
 ParOldGen       total 114688K, used 114451K [0x00000000c0000000, 0x00000000c7000000, 0x00000000eab00000)
  object space 114688K, 99% used [0x00000000c0000000,0x00000000c6fc4e78,0x00000000c7000000)
 Metaspace       used 64481K, committed 66048K, reserved 1114112K
  class space    used 6620K, committed 7296K, reserved 1048576K
}
Event: 59.920 GC heap before
{Heap before GC invocations=135 (full 3):
 PSYoungGen      total 9216K, used 8603K [0x00000000eab00000, 0x00000000eb480000, 0x0000000100000000)
  eden space 8192K, 100% used [0x00000000eab00000,0x00000000eb300000,0x00000000eb300000)
  from space 1024K, 40% used [0x00000000eb300000,0x00000000eb366fc0,0x00000000eb400000)
  to   space 512K, 0% used [0x00000000eb400000,0x00000000eb400000,0x00000000eb480000)
 ParOldGen       total 114688K, used 114451K [0x00000000c0000000, 0x00000000c7000000, 0x00000000eab00000)
  object space 114688K, 99% used [0x00000000c0000000,0x00000000c6fc4e78,0x00000000c7000000)
 Metaspace       used 64481K, committed 66048K, reserved 1114112K
  class space    used 6620K, committed 7296K, reserved 1048576K
}
Event: 59.924 GC heap after
{Heap after GC invocations=135 (full 3):
 PSYoungGen      total 9216K, used 8603K [0x00000000eab00000, 0x00000000eb480000, 0x0000000100000000)
  eden space 8192K, 100% used [0x00000000eab00000,0x00000000eb300000,0x00000000eb300000)
  from space 1024K, 40% used [0x00000000eb300000,0x00000000eb366fc0,0x00000000eb400000)
  to   space 512K, 56% used [0x00000000eb400000,0x00000000eb448000,0x00000000eb480000)
 ParOldGen       total 115200K, used 114703K [0x00000000c0000000, 0x00000000c7080000, 0x00000000eab00000)
  object space 115200K, 99% used [0x00000000c0000000,0x00000000c7003e38,0x00000000c7080000)
 Metaspace       used 64481K, committed 66048K, reserved 1114112K
  class space    used 6620K, committed 7296K, reserved 1048576K
}
Event: 59.924 GC heap before
{Heap before GC invocations=136 (full 4):
 PSYoungGen      total 9216K, used 8603K [0x00000000eab00000, 0x00000000eb480000, 0x0000000100000000)
  eden space 8192K, 100% used [0x00000000eab00000,0x00000000eb300000,0x00000000eb300000)
  from space 1024K, 40% used [0x00000000eb300000,0x00000000eb366fc0,0x00000000eb400000)
  to   space 512K, 56% used [0x00000000eb400000,0x00000000eb448000,0x00000000eb480000)
 ParOldGen       total 115200K, used 114703K [0x00000000c0000000, 0x00000000c7080000, 0x00000000eab00000)
  object space 115200K, 99% used [0x00000000c0000000,0x00000000c7003e38,0x00000000c7080000)
 Metaspace       used 64481K, committed 66048K, reserved 1114112K
  class space    used 6620K, committed 7296K, reserved 1048576K
}
Event: 60.273 GC heap after
{Heap after GC invocations=136 (full 4):
 PSYoungGen      total 8704K, used 0K [0x00000000eab00000, 0x00000000eb480000, 0x0000000100000000)
  eden space 8192K, 0% used [0x00000000eab00000,0x00000000eab00000,0x00000000eb300000)
  from space 512K, 0% used [0x00000000eb400000,0x00000000eb400000,0x00000000eb480000)
  to   space 512K, 0% used [0x00000000eb380000,0x00000000eb380000,0x00000000eb400000)
 ParOldGen       total 115200K, used 95049K [0x00000000c0000000, 0x00000000c7080000, 0x00000000eab00000)
  object space 115200K, 82% used [0x00000000c0000000,0x00000000c5cd2698,0x00000000c7080000)
 Metaspace       used 64481K, committed 66048K, reserved 1114112K
  class space    used 6620K, committed 7296K, reserved 1048576K
}

Dll operation events (10 events):
Event: 0.014 Loaded shared library c:\Users\siamt\.vscode\extensions\redhat.java-1.42.0-win32-x64\jre\21.0.7-win32-x86_64\bin\java.dll
Event: 0.233 Loaded shared library c:\Users\siamt\.vscode\extensions\redhat.java-1.42.0-win32-x64\jre\21.0.7-win32-x86_64\bin\zip.dll
Event: 0.284 Loaded shared library C:\Users\siamt\.vscode\extensions\redhat.java-1.42.0-win32-x64\jre\21.0.7-win32-x86_64\bin\instrument.dll
Event: 0.294 Loaded shared library C:\Users\siamt\.vscode\extensions\redhat.java-1.42.0-win32-x64\jre\21.0.7-win32-x86_64\bin\net.dll
Event: 0.317 Loaded shared library C:\Users\siamt\.vscode\extensions\redhat.java-1.42.0-win32-x64\jre\21.0.7-win32-x86_64\bin\nio.dll
Event: 0.321 Loaded shared library C:\Users\siamt\.vscode\extensions\redhat.java-1.42.0-win32-x64\jre\21.0.7-win32-x86_64\bin\zip.dll
Event: 0.374 Loaded shared library C:\Users\siamt\.vscode\extensions\redhat.java-1.42.0-win32-x64\jre\21.0.7-win32-x86_64\bin\jimage.dll
Event: 0.618 Loaded shared library c:\Users\siamt\.vscode\extensions\redhat.java-1.42.0-win32-x64\jre\21.0.7-win32-x86_64\bin\verify.dll
Event: 8.474 Loaded shared library C:\Users\siamt\AppData\Roaming\Code\User\globalStorage\redhat.java\1.42.0\config_win\org.eclipse.equinox.launcher\org.eclipse.equinox.launcher.win32.win32.x86_64_1.2.1300.v20250331-1702\eclipse_11911.dll
Event: 20.250 Loaded shared library C:\Users\siamt\AppData\Local\Temp\jna-109429682\jna3507149700446288519.dll

Deoptimization events (20 events):
Event: 55.966 Thread 0x000002cd6278eb60 DEOPT PACKING pc=0x000002cd0a3ac4d7 sp=0x000000f968ffd700
Event: 55.966 Thread 0x000002cd6278eb60 DEOPT UNPACKING pc=0x000002cd10c478e2 sp=0x000000f968ffcc70 mode 0
Event: 56.347 Thread 0x000002cd6278eb60 DEOPT PACKING pc=0x000002cd0ae15b2a sp=0x000000f968ffd8e0
Event: 56.347 Thread 0x000002cd6278eb60 DEOPT UNPACKING pc=0x000002cd10c478e2 sp=0x000000f968ffce68 mode 0
Event: 56.359 Thread 0x000002cd6278eb60 Uncommon trap: trap_request=0xffffff45 fr.pc=0x000002cd11825ecc relative=0x00000000000046cc
Event: 56.359 Thread 0x000002cd6278eb60 Uncommon trap: reason=unstable_if action=reinterpret pc=0x000002cd11825ecc method=org.eclipse.jdt.internal.compiler.impl.CompilerOptions.versionToJdkLevel(Ljava/lang/String;Z)J @ 46 c2
Event: 56.359 Thread 0x000002cd6278eb60 DEOPT PACKING pc=0x000002cd11825ecc sp=0x000000f968ffdca0
Event: 56.359 Thread 0x000002cd6278eb60 DEOPT UNPACKING pc=0x000002cd10c46da2 sp=0x000000f968ffd9c0 mode 2
Event: 56.856 Thread 0x000002cd6278eb60 DEOPT PACKING pc=0x000002cd0a3ac4d7 sp=0x000000f968ffd630
Event: 56.856 Thread 0x000002cd6278eb60 DEOPT UNPACKING pc=0x000002cd10c478e2 sp=0x000000f968ffcba0 mode 0
Event: 56.862 Thread 0x000002cd6288a8d0 DEOPT PACKING pc=0x000002cd0ae15b2a sp=0x000000f9680fe770
Event: 56.862 Thread 0x000002cd6288a8d0 DEOPT UNPACKING pc=0x000002cd10c478e2 sp=0x000000f9680fdcf8 mode 0
Event: 57.215 Thread 0x000002cd6278eb60 DEOPT PACKING pc=0x000002cd0ae28b68 sp=0x000000f968ffdda0
Event: 57.215 Thread 0x000002cd6278eb60 DEOPT UNPACKING pc=0x000002cd10c478e2 sp=0x000000f968ffd350 mode 0
Event: 57.502 Thread 0x000002cd6278eb60 DEOPT PACKING pc=0x000002cd0ae15b2a sp=0x000000f968ffd810
Event: 57.502 Thread 0x000002cd6278eb60 DEOPT UNPACKING pc=0x000002cd10c478e2 sp=0x000000f968ffcd98 mode 0
Event: 57.579 Thread 0x000002cd6278eb60 DEOPT PACKING pc=0x000002cd0a291e26 sp=0x000000f968ffd970
Event: 57.579 Thread 0x000002cd6278eb60 DEOPT UNPACKING pc=0x000002cd10c478e2 sp=0x000000f968ffce60 mode 0
Event: 59.112 Thread 0x000002cd6278eb60 DEOPT PACKING pc=0x000002cd0ae15b2a sp=0x000000f968ffd990
Event: 59.112 Thread 0x000002cd6278eb60 DEOPT UNPACKING pc=0x000002cd10c478e2 sp=0x000000f968ffcf38 mode 0

Classes loaded (20 events):
Event: 51.167 Loading class sun/nio/fs/WindowsFileSystem$2
Event: 51.167 Loading class java/nio/file/PathMatcher
Event: 51.167 Loading class java/nio/file/PathMatcher done
Event: 51.167 Loading class sun/nio/fs/WindowsFileSystem$2 done
Event: 51.910 Loading class java/util/Collections$SynchronizedRandomAccessList
Event: 51.911 Loading class java/util/Collections$SynchronizedList
Event: 51.911 Loading class java/util/Collections$SynchronizedList done
Event: 51.911 Loading class java/util/Collections$SynchronizedRandomAccessList done
Event: 51.925 Loading class java/util/concurrent/CompletableFuture$Signaller
Event: 51.925 Loading class java/util/concurrent/CompletableFuture$Signaller done
Event: 52.846 Loading class java/nio/charset/CharacterCodingException
Event: 52.846 Loading class java/nio/charset/CharacterCodingException done
Event: 52.847 Loading class java/io/SequenceInputStream
Event: 52.847 Loading class java/io/SequenceInputStream done
Event: 53.014 Loading class java/util/concurrent/CompletableFuture$UniApply
Event: 53.014 Loading class java/util/concurrent/CompletableFuture$UniApply done
Event: 53.015 Loading class java/util/concurrent/CompletableFuture$UniExceptionally
Event: 53.016 Loading class java/util/concurrent/CompletableFuture$UniExceptionally done
Event: 53.439 Loading class java/lang/UnsupportedClassVersionError
Event: 53.440 Loading class java/lang/UnsupportedClassVersionError done

Classes unloaded (7 events):
Event: 23.596 Thread 0x000002cd1a853130 Unloading class 0x000002cd1c1a9400 'java/lang/invoke/LambdaForm$MH+0x000002cd1c1a9400'
Event: 23.596 Thread 0x000002cd1a853130 Unloading class 0x000002cd1c1a9000 'java/lang/invoke/LambdaForm$MH+0x000002cd1c1a9000'
Event: 23.596 Thread 0x000002cd1a853130 Unloading class 0x000002cd1c1a8c00 'java/lang/invoke/LambdaForm$MH+0x000002cd1c1a8c00'
Event: 23.596 Thread 0x000002cd1a853130 Unloading class 0x000002cd1c1a8800 'java/lang/invoke/LambdaForm$MH+0x000002cd1c1a8800'
Event: 23.596 Thread 0x000002cd1a853130 Unloading class 0x000002cd1c1a8400 'java/lang/invoke/LambdaForm$BMH+0x000002cd1c1a8400'
Event: 23.596 Thread 0x000002cd1a853130 Unloading class 0x000002cd1c1a8000 'java/lang/invoke/LambdaForm$DMH+0x000002cd1c1a8000'
Event: 23.596 Thread 0x000002cd1a853130 Unloading class 0x000002cd1c1a6c00 'java/lang/invoke/LambdaForm$DMH+0x000002cd1c1a6c00'

Classes redefined (0 events):
No events

Internal exceptions (20 events):
Event: 51.216 Thread 0x000002cd64424960 Exception <a 'sun/nio/fs/WindowsException'{0x00000000eafc3140}> (0x00000000eafc3140) 
thrown [s\src\hotspot\share\prims\jni.cpp, line 520]
Event: 51.216 Thread 0x000002cd64424960 Exception <a 'sun/nio/fs/WindowsException'{0x00000000eafc3968}> (0x00000000eafc3968) 
thrown [s\src\hotspot\share\prims\jni.cpp, line 520]
Event: 51.216 Thread 0x000002cd64424960 Exception <a 'sun/nio/fs/WindowsException'{0x00000000eafc41a0}> (0x00000000eafc41a0) 
thrown [s\src\hotspot\share\prims\jni.cpp, line 520]
Event: 51.216 Thread 0x000002cd64424960 Exception <a 'sun/nio/fs/WindowsException'{0x00000000eafc89d0}> (0x00000000eafc89d0) 
thrown [s\src\hotspot\share\prims\jni.cpp, line 520]
Event: 51.216 Thread 0x000002cd64424960 Exception <a 'sun/nio/fs/WindowsException'{0x00000000eafc9260}> (0x00000000eafc9260) 
thrown [s\src\hotspot\share\prims\jni.cpp, line 520]
Event: 51.216 Thread 0x000002cd64424960 Exception <a 'sun/nio/fs/WindowsException'{0x00000000eafc9d50}> (0x00000000eafc9d50) 
thrown [s\src\hotspot\share\prims\jni.cpp, line 520]
Event: 51.216 Thread 0x000002cd64424960 Exception <a 'sun/nio/fs/WindowsException'{0x00000000eafca5f8}> (0x00000000eafca5f8) 
thrown [s\src\hotspot\share\prims\jni.cpp, line 520]
Event: 52.880 Thread 0x000002cd64422890 Exception <a 'java/io/FileNotFoundException'{0x00000000ead56588}> (0x00000000ead56588) 
thrown [s\src\hotspot\share\prims\jni.cpp, line 520]
Event: 52.881 Thread 0x000002cd64422890 Exception <a 'java/io/FileNotFoundException'{0x00000000ead577f8}> (0x00000000ead577f8) 
thrown [s\src\hotspot\share\prims\jni.cpp, line 520]
Event: 53.003 Thread 0x000002cd64422890 Exception <a 'sun/nio/fs/WindowsException'{0x00000000eae200a8}> (0x00000000eae200a8) 
thrown [s\src\hotspot\share\prims\jni.cpp, line 520]
Event: 53.003 Thread 0x000002cd64422890 Exception <a 'sun/nio/fs/WindowsException'{0x00000000eae206d8}> (0x00000000eae206d8) 
thrown [s\src\hotspot\share\prims\jni.cpp, line 520]
Event: 53.007 Thread 0x000002cd64422890 Exception <a 'sun/nio/fs/WindowsException'{0x00000000eae23810}> (0x00000000eae23810) 
thrown [s\src\hotspot\share\prims\jni.cpp, line 520]
Event: 53.008 Thread 0x000002cd64422890 Exception <a 'sun/nio/fs/WindowsException'{0x00000000eae23e40}> (0x00000000eae23e40) 
thrown [s\src\hotspot\share\prims\jni.cpp, line 520]
Event: 53.012 Thread 0x000002cd64422890 Exception <a 'java/lang/IncompatibleClassChangeError'{0x00000000eae5c928}: Found class java.lang.Object, but interface was expected> (0x00000000eae5c928) 
thrown [s\src\hotspot\share\interpreter\linkResolver.cpp, line 840]
Event: 53.367 Thread 0x000002cd6288af60 Exception <a 'java/lang/NoSuchMethodError'{0x00000000eb43b610}: 'java.lang.Object java.lang.invoke.DirectMethodHandle$Holder.invokeSpecial(java.lang.Object, java.lang.Object, int, long)'> (0x00000000eb43b610) 
thrown [s\src\hotspot\share\interpreter\linkResolver.cpp, line 773]
Event: 53.538 Thread 0x000002cd6278eb60 Exception <a 'java/lang/NoSuchMethodError'{0x00000000eb27d6b0}: 'int java.lang.invoke.Invokers$Holder.invokeExact_MT(java.lang.Object, java.lang.Object)'> (0x00000000eb27d6b0) 
thrown [s\src\hotspot\share\interpreter\linkResolver.cpp, line 773]
Event: 54.264 Thread 0x000002cd6288b5f0 Implicit null exception at 0x000002cd11465686 to 0x000002cd11465785
Event: 54.264 Thread 0x000002cd6288b5f0 Implicit null exception at 0x000002cd11479406 to 0x000002cd114794e0
Event: 54.302 Thread 0x000002cd6278eb60 Implicit null exception at 0x000002cd1142b926 to 0x000002cd1142bef4
Event: 57.500 Thread 0x000002cd6278eb60 Exception <a 'java/lang/IncompatibleClassChangeError'{0x00000000eae12e50}: Found class java.lang.Object, but interface was expected> (0x00000000eae12e50) 
thrown [s\src\hotspot\share\interpreter\linkResolver.cpp, line 840]

ZGC Phase Switch (0 events):
No events

VM Operations (20 events):
Event: 58.646 Executing VM operation: ParallelGCFailedAllocation (Allocation Failure)
Event: 58.692 Executing VM operation: ParallelGCFailedAllocation (Allocation Failure) done
Event: 58.746 Executing VM operation: ParallelGCFailedAllocation (Allocation Failure)
Event: 58.868 Executing VM operation: ParallelGCFailedAllocation (Allocation Failure) done
Event: 58.929 Executing VM operation: ParallelGCFailedAllocation (Allocation Failure)
Event: 59.107 Executing VM operation: ParallelGCFailedAllocation (Allocation Failure) done
Event: 59.151 Executing VM operation: ParallelGCFailedAllocation (Allocation Failure)
Event: 59.219 Executing VM operation: ParallelGCFailedAllocation (Allocation Failure) done
Event: 59.244 Executing VM operation: ParallelGCFailedAllocation (Allocation Failure)
Event: 59.521 Executing VM operation: ParallelGCFailedAllocation (Allocation Failure) done
Event: 59.539 Executing VM operation: ParallelGCFailedAllocation (Allocation Failure)
Event: 59.542 Executing VM operation: ParallelGCFailedAllocation (Allocation Failure) done
Event: 59.559 Executing VM operation: ParallelGCFailedAllocation (Allocation Failure)
Event: 59.565 Executing VM operation: ParallelGCFailedAllocation (Allocation Failure) done
Event: 59.582 Executing VM operation: ParallelGCFailedAllocation (Allocation Failure)
Event: 59.691 Executing VM operation: ParallelGCFailedAllocation (Allocation Failure) done
Event: 59.710 Executing VM operation: ParallelGCFailedAllocation (Allocation Failure)
Event: 59.767 Executing VM operation: ParallelGCFailedAllocation (Allocation Failure) done
Event: 59.804 Executing VM operation: ParallelGCFailedAllocation (Allocation Failure)
Event: 60.273 Executing VM operation: ParallelGCFailedAllocation (Allocation Failure) done

Memory protections (0 events):
No events

Nmethod flushes (20 events):
Event: 60.032 Thread 0x000002cd1a853130 flushing  nmethod 0x000002cd0a7e4d10
Event: 60.032 Thread 0x000002cd1a853130 flushing  nmethod 0x000002cd0a7f2510
Event: 60.032 Thread 0x000002cd1a853130 flushing  nmethod 0x000002cd0a809c90
Event: 60.032 Thread 0x000002cd1a853130 flushing  nmethod 0x000002cd0a81d210
Event: 60.032 Thread 0x000002cd1a853130 flushing  nmethod 0x000002cd0a81fb90
Event: 60.032 Thread 0x000002cd1a853130 flushing  nmethod 0x000002cd0a830090
Event: 60.032 Thread 0x000002cd1a853130 flushing  nmethod 0x000002cd0a847110
Event: 60.032 Thread 0x000002cd1a853130 flushing  nmethod 0x000002cd0a857790
Event: 60.032 Thread 0x000002cd1a853130 flushing  nmethod 0x000002cd0a866c90
Event: 60.032 Thread 0x000002cd1a853130 flushing  nmethod 0x000002cd0a86e790
Event: 60.032 Thread 0x000002cd1a853130 flushing  nmethod 0x000002cd0a87bf10
Event: 60.032 Thread 0x000002cd1a853130 flushing  nmethod 0x000002cd0a883990
Event: 60.032 Thread 0x000002cd1a853130 flushing  nmethod 0x000002cd0a899210
Event: 60.032 Thread 0x000002cd1a853130 flushing  nmethod 0x000002cd0a8d8890
Event: 60.032 Thread 0x000002cd1a853130 flushing  nmethod 0x000002cd0a902e90
Event: 60.032 Thread 0x000002cd1a853130 flushing  nmethod 0x000002cd0a90ec90
Event: 60.032 Thread 0x000002cd1a853130 flushing  nmethod 0x000002cd0a94b090
Event: 60.032 Thread 0x000002cd1a853130 flushing  nmethod 0x000002cd0a969210
Event: 60.033 Thread 0x000002cd1a853130 flushing  nmethod 0x000002cd0a96ec10
Event: 60.033 Thread 0x000002cd1a853130 flushing  nmethod 0x000002cd0a983b90

Events (20 events):
Event: 47.927 Thread 0x000002cd6288bc80 Thread added: 0x000002cd6ddf85d0
Event: 47.927 Thread 0x000002cd6288bc80 Thread added: 0x000002cd6ddf7f40
Event: 47.927 Thread 0x000002cd6288bc80 Thread added: 0x000002cd6ddf1640
Event: 47.927 Thread 0x000002cd6288bc80 Thread added: 0x000002cd6ddf4430
Event: 48.873 Thread 0x000002cd6ddf4430 Thread exited: 0x000002cd6ddf4430
Event: 48.873 Thread 0x000002cd6ddf85d0 Thread exited: 0x000002cd6ddf85d0
Event: 48.873 Thread 0x000002cd6ddf1640 Thread exited: 0x000002cd6ddf1640
Event: 48.873 Thread 0x000002cd6ddf4ac0 Thread exited: 0x000002cd6ddf4ac0
Event: 48.874 Thread 0x000002cd6ddf7f40 Thread exited: 0x000002cd6ddf7f40
Event: 50.046 Thread 0x000002cd6288bc80 Thread added: 0x000002cd6398cb50
Event: 50.046 Thread 0x000002cd6288bc80 Thread added: 0x000002cd6398d870
Event: 50.046 Thread 0x000002cd6288bc80 Thread added: 0x000002cd6398df00
Event: 50.046 Thread 0x000002cd6288bc80 Thread added: 0x000002cd63989d60
Event: 50.047 Thread 0x000002cd6288bc80 Thread added: 0x000002cd6398e590
Event: 50.251 Thread 0x000002cd6398e590 Thread exited: 0x000002cd6398e590
Event: 50.251 Thread 0x000002cd6398cb50 Thread exited: 0x000002cd6398cb50
Event: 50.251 Thread 0x000002cd63989d60 Thread exited: 0x000002cd63989d60
Event: 50.251 Thread 0x000002cd6398d870 Thread exited: 0x000002cd6398d870
Event: 50.253 Thread 0x000002cd6398df00 Thread exited: 0x000002cd6398df00
Event: 53.015 Thread 0x000002cd64422890 Thread added: 0x000002cd6278eb60


Dynamic libraries:
0x00007ff7b2cc0000 - 0x00007ff7b2cce000 	c:\Users\siamt\.vscode\extensions\redhat.java-1.42.0-win32-x64\jre\21.0.7-win32-x86_64\bin\java.exe
0x00007ff958670000 - 0x00007ff958868000 	C:\Windows\SYSTEM32\ntdll.dll
0x00007ff957c40000 - 0x00007ff957d02000 	C:\Windows\System32\KERNEL32.DLL
0x00007ff955d10000 - 0x00007ff956006000 	C:\Windows\System32\KERNELBASE.dll
0x00007ff956430000 - 0x00007ff956530000 	C:\Windows\System32\ucrtbase.dll
0x00007ff920d20000 - 0x00007ff920d38000 	c:\Users\siamt\.vscode\extensions\redhat.java-1.42.0-win32-x64\jre\21.0.7-win32-x86_64\bin\jli.dll
0x00007ff956ac0000 - 0x00007ff956c5d000 	C:\Windows\System32\USER32.dll
0x00007ff956670000 - 0x00007ff956692000 	C:\Windows\System32\win32u.dll
0x00007ff957350000 - 0x00007ff95737b000 	C:\Windows\System32\GDI32.dll
0x00007ff956010000 - 0x00007ff95612a000 	C:\Windows\System32\gdi32full.dll
0x00007ff9562e0000 - 0x00007ff95637d000 	C:\Windows\System32\msvcp_win.dll
0x00007ff91bd20000 - 0x00007ff91bd3e000 	c:\Users\siamt\.vscode\extensions\redhat.java-1.42.0-win32-x64\jre\21.0.7-win32-x86_64\bin\VCRUNTIME140.dll
0x00007ff93c460000 - 0x00007ff93c6fa000 	C:\Windows\WinSxS\amd64_microsoft.windows.common-controls_6595b64144ccf1df_6.0.19041.5794_none_60bcd33171f2783c\COMCTL32.dll
0x00007ff957200000 - 0x00007ff95729e000 	C:\Windows\System32\msvcrt.dll
0x00007ff9585a0000 - 0x00007ff9585cf000 	C:\Windows\System32\IMM32.DLL
0x00007ff92ae30000 - 0x00007ff92ae3c000 	c:\Users\siamt\.vscode\extensions\redhat.java-1.42.0-win32-x64\jre\21.0.7-win32-x86_64\bin\vcruntime140_1.dll
0x00007ff91bc40000 - 0x00007ff91bccd000 	c:\Users\siamt\.vscode\extensions\redhat.java-1.42.0-win32-x64\jre\21.0.7-win32-x86_64\bin\msvcp140.dll
0x00007ff8fff00000 - 0x00007ff900c90000 	c:\Users\siamt\.vscode\extensions\redhat.java-1.42.0-win32-x64\jre\21.0.7-win32-x86_64\bin\server\jvm.dll
0x00007ff957b90000 - 0x00007ff957c3f000 	C:\Windows\System32\ADVAPI32.dll
0x00007ff956870000 - 0x00007ff95690f000 	C:\Windows\System32\sechost.dll
0x00007ff957640000 - 0x00007ff957763000 	C:\Windows\System32\RPCRT4.dll
0x00007ff956400000 - 0x00007ff956427000 	C:\Windows\System32\bcrypt.dll
0x00007ff956a50000 - 0x00007ff956abb000 	C:\Windows\System32\WS2_32.dll
0x00007ff9552b0000 - 0x00007ff9552fb000 	C:\Windows\SYSTEM32\POWRPROF.dll
0x00007ff941600000 - 0x00007ff941627000 	C:\Windows\SYSTEM32\WINMM.dll
0x00007ff94d6d0000 - 0x00007ff94d6da000 	C:\Windows\SYSTEM32\VERSION.dll
0x00007ff955110000 - 0x00007ff955122000 	C:\Windows\SYSTEM32\UMPDC.dll
0x00007ff9544f0000 - 0x00007ff954502000 	C:\Windows\SYSTEM32\kernel.appcore.dll
0x00007ff92a860000 - 0x00007ff92a86a000 	c:\Users\siamt\.vscode\extensions\redhat.java-1.42.0-win32-x64\jre\21.0.7-win32-x86_64\bin\jimage.dll
0x00007ff953900000 - 0x00007ff953b01000 	C:\Windows\SYSTEM32\DBGHELP.DLL
0x00007ff93c700000 - 0x00007ff93c734000 	C:\Windows\SYSTEM32\dbgcore.DLL
0x00007ff9565e0000 - 0x00007ff956662000 	C:\Windows\System32\bcryptPrimitives.dll
0x00007ff92a5b0000 - 0x00007ff92a5bf000 	c:\Users\siamt\.vscode\extensions\redhat.java-1.42.0-win32-x64\jre\21.0.7-win32-x86_64\bin\instrument.dll
0x00007ff91bc20000 - 0x00007ff91bc3f000 	c:\Users\siamt\.vscode\extensions\redhat.java-1.42.0-win32-x64\jre\21.0.7-win32-x86_64\bin\java.dll
0x00007ff957e30000 - 0x00007ff95859e000 	C:\Windows\System32\SHELL32.dll
0x00007ff953d30000 - 0x00007ff9544d3000 	C:\Windows\SYSTEM32\windows.storage.dll
0x00007ff957790000 - 0x00007ff957ae3000 	C:\Windows\System32\combase.dll
0x00007ff955740000 - 0x00007ff95576b000 	C:\Windows\SYSTEM32\Wldp.dll
0x00007ff957380000 - 0x00007ff95744d000 	C:\Windows\System32\OLEAUT32.dll
0x00007ff9572a0000 - 0x00007ff95734d000 	C:\Windows\System32\SHCORE.dll
0x00007ff957450000 - 0x00007ff9574a5000 	C:\Windows\System32\shlwapi.dll
0x00007ff955c40000 - 0x00007ff955c65000 	C:\Windows\SYSTEM32\profapi.dll
0x00007ff91bc00000 - 0x00007ff91bc18000 	c:\Users\siamt\.vscode\extensions\redhat.java-1.42.0-win32-x64\jre\21.0.7-win32-x86_64\bin\zip.dll
0x00007ff928000000 - 0x00007ff928010000 	C:\Users\siamt\.vscode\extensions\redhat.java-1.42.0-win32-x64\jre\21.0.7-win32-x86_64\bin\net.dll
0x00007ff9518f0000 - 0x00007ff9519fa000 	C:\Windows\SYSTEM32\WINHTTP.dll
0x00007ff9554a0000 - 0x00007ff95550c000 	C:\Windows\system32\mswsock.dll
0x00007ff91bbe0000 - 0x00007ff91bbf6000 	C:\Users\siamt\.vscode\extensions\redhat.java-1.42.0-win32-x64\jre\21.0.7-win32-x86_64\bin\nio.dll
0x00007ff925ca0000 - 0x00007ff925cb0000 	c:\Users\siamt\.vscode\extensions\redhat.java-1.42.0-win32-x64\jre\21.0.7-win32-x86_64\bin\verify.dll
0x00007ff9105c0000 - 0x00007ff910605000 	C:\Users\siamt\AppData\Roaming\Code\User\globalStorage\redhat.java\1.42.0\config_win\org.eclipse.equinox.launcher\org.eclipse.equinox.launcher.win32.win32.x86_64_1.2.1300.v20250331-1702\eclipse_11911.dll
0x00007ff956c60000 - 0x00007ff956d8b000 	C:\Windows\System32\ole32.dll
0x00007ff9556a0000 - 0x00007ff9556b8000 	C:\Windows\SYSTEM32\CRYPTSP.dll
0x00007ff954d30000 - 0x00007ff954d68000 	C:\Windows\system32\rsaenh.dll
0x00007ff955c00000 - 0x00007ff955c2e000 	C:\Windows\SYSTEM32\USERENV.dll
0x00007ff955690000 - 0x00007ff95569c000 	C:\Windows\SYSTEM32\CRYPTBASE.dll
0x00007ff955130000 - 0x00007ff95516b000 	C:\Windows\SYSTEM32\IPHLPAPI.DLL
0x00007ff957770000 - 0x00007ff957778000 	C:\Windows\System32\NSI.dll
0x00007ff93ba10000 - 0x00007ff93ba59000 	C:\Users\siamt\AppData\Local\Temp\jna-109429682\jna3507149700446288519.dll
0x00007ff957af0000 - 0x00007ff957af8000 	C:\Windows\System32\PSAPI.DLL
0x00007ff94d870000 - 0x00007ff94d887000 	C:\Windows\SYSTEM32\dhcpcsvc6.DLL
0x00007ff94d710000 - 0x00007ff94d72d000 	C:\Windows\SYSTEM32\dhcpcsvc.DLL

dbghelp: loaded successfully - version: 4.0.5 - missing functions: none
symbol engine: initialized successfully - sym options: 0x614 - pdb path: .;c:\Users\siamt\.vscode\extensions\redhat.java-1.42.0-win32-x64\jre\21.0.7-win32-x86_64\bin;C:\Windows\SYSTEM32;C:\Windows\WinSxS\amd64_microsoft.windows.common-controls_6595b64144ccf1df_6.0.19041.5794_none_60bcd33171f2783c;c:\Users\siamt\.vscode\extensions\redhat.java-1.42.0-win32-x64\jre\21.0.7-win32-x86_64\bin\server;C:\Users\siamt\AppData\Roaming\Code\User\globalStorage\redhat.java\1.42.0\config_win\org.eclipse.equinox.launcher\org.eclipse.equinox.launcher.win32.win32.x86_64_1.2.1300.v20250331-1702;C:\Users\siamt\AppData\Local\Temp\jna-109429682

VM Arguments:
jvm_args: --add-modules=ALL-SYSTEM --add-opens=java.base/java.util=ALL-UNNAMED --add-opens=java.base/java.lang=ALL-UNNAMED --add-opens=java.base/sun.nio.fs=ALL-UNNAMED -Declipse.application=org.eclipse.jdt.ls.core.id1 -Dosgi.bundles.defaultStartLevel=4 -Declipse.product=org.eclipse.jdt.ls.core.product -Djava.import.generatesMetadataFilesAtProjectRoot=false -DDetectVMInstallationsJob.disabled=true -Dfile.encoding=utf8 -XX:+UseParallelGC -XX:GCTimeRatio=4 -XX:AdaptiveSizePolicyWeight=90 -Dsun.zip.disableMemoryMapping=true -Xmx1G -Xms100m -Xlog:disable -javaagent:c:\Users\siamt\.vscode\extensions\redhat.java-1.42.0-win32-x64\lombok\lombok-1.18.36.jar -XX:+HeapDumpOnOutOfMemoryError -XX:HeapDumpPath=c:\Users\siamt\AppData\Roaming\Code\User\workspaceStorage\04f8c0a12133589577bcd58cc7df5e1b\redhat.java -Daether.dependencyCollector.impl=bf 
java_command: c:\Users\siamt\.vscode\extensions\redhat.java-1.42.0-win32-x64\server\plugins\org.eclipse.equinox.launcher_1.7.0.v20250424-1814.jar -configuration c:\Users\siamt\AppData\Roaming\Code\User\globalStorage\redhat.java\1.42.0\config_win -data c:\Users\siamt\AppData\Roaming\Code\User\workspaceStorage\04f8c0a12133589577bcd58cc7df5e1b\redhat.java\jdt_ws --pipe=\\.\pipe\lsp-0452706c156d3a22c22dc4f1a9778beb-sock
java_class_path (initial): c:\Users\siamt\.vscode\extensions\redhat.java-1.42.0-win32-x64\server\plugins\org.eclipse.equinox.launcher_1.7.0.v20250424-1814.jar
Launcher Type: SUN_STANDARD

[Global flags]
    uintx AdaptiveSizePolicyWeight                 = 90                                        {product} {command line}
     intx CICompilerCount                          = 4                                         {product} {ergonomic}
    uintx GCTimeRatio                              = 4                                         {product} {command line}
     bool HeapDumpOnOutOfMemoryError               = true                                   {manageable} {command line}
    ccstr HeapDumpPath                             = c:\Users\siamt\AppData\Roaming\Code\User\workspaceStorage\04f8c0a12133589577bcd58cc7df5e1b\redhat.java         {manageable} {command line}
   size_t InitialHeapSize                          = 104857600                                 {product} {command line}
   size_t MaxHeapSize                              = 1073741824                                {product} {command line}
   size_t MaxNewSize                               = 357564416                                 {product} {ergonomic}
   size_t MinHeapDeltaBytes                        = 524288                                    {product} {ergonomic}
   size_t MinHeapSize                              = 104857600                                 {product} {command line}
   size_t NewSize                                  = 34603008                                  {product} {ergonomic}
    uintx NonNMethodCodeHeapSize                   = 5839372                                {pd product} {ergonomic}
    uintx NonProfiledCodeHeapSize                  = 122909434                              {pd product} {ergonomic}
   size_t OldSize                                  = 70254592                                  {product} {ergonomic}
    uintx ProfiledCodeHeapSize                     = 122909434                              {pd product} {ergonomic}
    uintx ReservedCodeCacheSize                    = 251658240                              {pd product} {ergonomic}
     bool SegmentedCodeCache                       = true                                      {product} {ergonomic}
   size_t SoftMaxHeapSize                          = 1073741824                             {manageable} {ergonomic}
     bool UseCompressedOops                        = true                           {product lp64_product} {ergonomic}
     bool UseLargePagesIndividualAllocation        = false                                  {pd product} {ergonomic}
     bool UseParallelGC                            = true                                      {product} {command line}

Logging:
Log output configuration:
 #0: stdout all=off uptime,level,tags foldmultilines=false
 #1: stderr all=off uptime,level,tags foldmultilines=false

Environment Variables:
JAVA_HOME=E:\Java\jdk-19
PATH=D:\amazon_caratto\jdk17.0.10_7\bin;D:\vmareeeeeee\bin\;C:\Program Files\Common Files\Oracle\Java\javapath;C:\Windows\system32;C:\Windows;C:\Windows\System32\Wbem;C:\Windows\System32\WindowsPowerShell\v1.0\;C:\Windows\System32\OpenSSH\;C:\TDM-GCC-32\bin;C:\MinGW\bin;E:\Java\jdk-19\bin;E:\Java\jdk-19\bin;C:\Program Files\Microsoft SQL Server\Client SDK\ODBC\170\Tools\Binn\;C:\Program Files (x86)\Microsoft SQL Server\160\Tools\Binn\;C:\Program Files\Microsoft SQL Server\160\Tools\Binn\;C:\Program Files\Microsoft SQL Server\160\DTS\Binn\;C:\Program Files (x86)\Microsoft SQL Server\150\Tools\Binn\;C:\Program Files\Microsoft SQL Server\150\Tools\Binn\;C:\Program Files\Microsoft SQL Server\150\DTS\Binn\;C:\Program Files\CodeBlocks\MinGW\bin;D:\MinGW\bin;C:\Program Files\Azure Data Studio\bin;D:\samp\php;D:\all software all type of file;D:\Git\cmd;D:\tdm\bin;E:\forth_year_lab\mathlab\bin;D:\NodeJs\;C:\ProgramData\chocolatey\bin;D:\NodeJs;C:\Users\siamt\AppData\Roaming\npm;C:\Program Files\Docker\Docker\resources\bin;D:\Office\kafka_2.13-3.9.0\bin;C:\Program Files\MongoDB\Server\8.0\bin;E:\Program File\Scripts\;E:\Program File\;C:\Users\siamt\AppData\Local\Microsoft\WindowsApps;;C:\Program Files\Azure Data Studio\bin;D:\Microsoft VS Code\bin;C:\Program Files\Azure Data Studio\bin;C:\Users\siamt\AppData\Roaming\npm;D:\modeeellsim\modelsim_ase\win32aloem
USERNAME=siamt
OS=Windows_NT
PROCESSOR_IDENTIFIER=Intel64 Family 6 Model 140 Stepping 1, GenuineIntel
TMP=C:\Users\siamt\AppData\Local\Temp
TEMP=C:\Users\siamt\AppData\Local\Temp




Periodic native trim disabled

---------------  S Y S T E M  ---------------

OS:
 Windows 10 , 64 bit Build 19041 (10.0.19041.5794)
OS uptime: 0 days 0:27 hours
Hyper-V role detected

CPU: total 8 (initial active 8) (4 cores per cpu, 2 threads per core) family 6 model 140 stepping 1 microcode 0xa4, cx8, cmov, fxsr, ht, mmx, 3dnowpref, sse, sse2, sse3, ssse3, sse4.1, sse4.2, popcnt, lzcnt, tsc, tscinvbit, avx, avx2, aes, erms, clmul, bmi1, bmi2, adx, avx512f, avx512dq, avx512cd, avx512bw, avx512vl, sha, fma, vzeroupper, avx512_vpopcntdq, avx512_vpclmulqdq, avx512_vaes, avx512_vnni, clflush, clflushopt, clwb, avx512_vbmi2, avx512_vbmi, hv, rdtscp, rdpid, fsrm, gfni, avx512_bitalg, f16c, cet_ibt, cet_ss, avx512_ifma
Processor Information for the first 8 processors :
  Max Mhz: 2419, Current Mhz: 2419, Mhz Limit: 2419

Memory: 4k page, system-wide physical 7886M (89M free)
TotalPageFile size 20995M (AvailPageFile size 0M)
current process WorkingSet (physical memory assigned to process): 353M, peak: 353M
current process commit charge ("private bytes"): 373M, peak: 943M

vm_info: OpenJDK 64-Bit Server VM (21.0.7+6-LTS) for windows-amd64 JRE (21.0.7+6-LTS), built on 2025-04-15T00:00:00Z by "admin" with MS VC++ 17.7 (VS2022)

END.
