#
# There is insufficient memory for the Java Runtime Environment to continue.
# Native memory allocation (malloc) failed to allocate 1293136 bytes. Error detail: Chunk::new
# Possible reasons:
#   The system is out of physical RAM or swap space
#   This process is running with CompressedOops enabled, and the Java Heap may be blocking the growth of the native heap
# Possible solutions:
#   Reduce memory load on the system
#   Increase physical memory or swap space
#   Check if swap backing store is full
#   Decrease Java heap size (-Xmx/-Xms)
#   Decrease number of Java threads
#   Decrease Java thread stack sizes (-Xss)
#   Set larger code cache with -XX:ReservedCodeCacheSize=
#   JVM is running with Unscaled Compressed Oops mode in which the Java heap is
#     placed in the first 4GB address space. The Java Heap base address is the
#     maximum limit for the native heap growth. Please use -XX:HeapBaseMinAddress
#     to set the Java Heap base and to place the Java Heap above 4GB virtual address.
# This output file may be truncated or incomplete.
#
#  Out of Memory Error (arena.cpp:168), pid=17164, tid=10892
#
# JRE version: OpenJDK Runtime Environment Temurin-21.0.7+6 (21.0.7+6) (build 21.0.7+6-LTS)
# Java VM: OpenJDK 64-Bit Server VM Temurin-21.0.7+6 (21.0.7+6-LTS, mixed mode, sharing, tiered, compressed oops, compressed class ptrs, parallel gc, windows-amd64)
# No core dump will be written. Minidumps are not enabled by default on client versions of Windows
#

---------------  S U M M A R Y ------------

Command Line: --add-modules=ALL-SYSTEM --add-opens=java.base/java.util=ALL-UNNAMED --add-opens=java.base/java.lang=ALL-UNNAMED --add-opens=java.base/sun.nio.fs=ALL-UNNAMED -Declipse.application=org.eclipse.jdt.ls.core.id1 -Dosgi.bundles.defaultStartLevel=4 -Declipse.product=org.eclipse.jdt.ls.core.product -Djava.import.generatesMetadataFilesAtProjectRoot=false -DDetectVMInstallationsJob.disabled=true -Dfile.encoding=utf8 -XX:+UseParallelGC -XX:GCTimeRatio=4 -XX:AdaptiveSizePolicyWeight=90 -Dsun.zip.disableMemoryMapping=true -Xmx1G -Xms100m -Xlog:disable -javaagent:c:\Users\siamt\.vscode\extensions\redhat.java-1.42.0-win32-x64\lombok\lombok-1.18.36.jar -XX:+HeapDumpOnOutOfMemoryError -XX:HeapDumpPath=c:\Users\siamt\AppData\Roaming\Code\User\workspaceStorage\802c16e1cf9a22aeaa6528a957e88baf\redhat.java -Daether.dependencyCollector.impl=bf c:\Users\siamt\.vscode\extensions\redhat.java-1.42.0-win32-x64\server\plugins\org.eclipse.equinox.launcher_1.7.0.v20250424-1814.jar -configuration c:\Users\siamt\AppData\Roaming\Code\User\globalStorage\redhat.java\1.42.0\config_win -data c:\Users\siamt\AppData\Roaming\Code\User\workspaceStorage\802c16e1cf9a22aeaa6528a957e88baf\redhat.java\jdt_ws --pipe=\\.\pipe\lsp-cb47405fc5d4d298ca570dc2f2e687f7-sock

Host: 11th Gen Intel(R) Core(TM) i5-1135G7 @ 2.40GHz, 8 cores, 7G,  Windows 10 , 64 bit Build 19041 (10.0.19041.5794)
Time: Sat May 17 17:29:55 2025 Bangladesh Standard Time elapsed time: 1142.262939 seconds (0d 0h 19m 2s)

---------------  T H R E A D  ---------------

Current thread (0x000001c7121bae40):  JavaThread "C2 CompilerThread0" daemon [_thread_in_native, id=10892, stack(0x000000691bf00000,0x000000691c000000) (1024K)]


Current CompileTask:
C2:1142263 14610 %     4       org.eclipse.jdt.internal.compiler.classfmt.ModuleInfo::readModuleAttribute @ 357 (1166 bytes)

Stack: [0x000000691bf00000,0x000000691c000000]
Native frames: (J=compiled Java code, j=interpreted, Vv=VM code, C=native code)
V  [jvm.dll+0x6ce119]
V  [jvm.dll+0x8a84a1]
V  [jvm.dll+0x8aa9ce]
V  [jvm.dll+0x8ab0b3]
V  [jvm.dll+0x27f8a6]
V  [jvm.dll+0xc507d]
V  [jvm.dll+0xc55b3]
V  [jvm.dll+0x3b68f2]
V  [jvm.dll+0x382aa5]
V  [jvm.dll+0x381f0a]
V  [jvm.dll+0x247af0]
V  [jvm.dll+0x2470cf]
V  [jvm.dll+0x1c760e]
V  [jvm.dll+0x25695a]
V  [jvm.dll+0x254efa]
V  [jvm.dll+0x3f03f6]
V  [jvm.dll+0x851f6b]
V  [jvm.dll+0x6cc7dd]
C  [ucrtbase.dll+0x21bb2]
C  [KERNEL32.DLL+0x17374]
C  [ntdll.dll+0x4cc91]


---------------  P R O C E S S  ---------------

Threads class SMR info:
_java_thread_list=0x000001c71c086720, length=41, elements={
0x000001c6bccd1c10, 0x000001c7121aeca0, 0x000001c7121b09b0, 0x000001c7121b28d0,
0x000001c7121b37e0, 0x000001c7121b55a0, 0x000001c7121b8000, 0x000001c7121bae40,
0x000001c7121ef860, 0x000001c713b2dfc0, 0x000001c713c9fea0, 0x000001c7188180b0,
0x000001c71830ecf0, 0x000001c71833cb00, 0x000001c71879fdf0, 0x000001c718c76730,
0x000001c713aba410, 0x000001c713aa52a0, 0x000001c713aa31d0, 0x000001c713aa4c10,
0x000001c713aa3ef0, 0x000001c713aa4580, 0x000001c719d6b0e0, 0x000001c719d6ebf0,
0x000001c719d6aa50, 0x000001c719d69010, 0x000001c719d6b770, 0x000001c719d6ffa0,
0x000001c719d6be00, 0x000001c719d6c490, 0x000001c719d6cb20, 0x000001c719d6d1b0,
0x000001c719d6d840, 0x000001c719d6ded0, 0x000001c71c4798d0, 0x000001c71c479f60,
0x000001c71c47b310, 0x000001c71c47ac80, 0x000001c71c47a5f0, 0x000001c71c47c030,
0x000001c71c47b9a0
}

Java Threads: ( => current thread )
  0x000001c6bccd1c10 JavaThread "main"                              [_thread_blocked, id=16604, stack(0x000000691b500000,0x000000691b600000) (1024K)]
  0x000001c7121aeca0 JavaThread "Reference Handler"          daemon [_thread_blocked, id=15468, stack(0x000000691b900000,0x000000691ba00000) (1024K)]
  0x000001c7121b09b0 JavaThread "Finalizer"                  daemon [_thread_blocked, id=15732, stack(0x000000691ba00000,0x000000691bb00000) (1024K)]
  0x000001c7121b28d0 JavaThread "Signal Dispatcher"          daemon [_thread_blocked, id=17324, stack(0x000000691bb00000,0x000000691bc00000) (1024K)]
  0x000001c7121b37e0 JavaThread "Attach Listener"            daemon [_thread_blocked, id=5688, stack(0x000000691bc00000,0x000000691bd00000) (1024K)]
  0x000001c7121b55a0 JavaThread "Service Thread"             daemon [_thread_blocked, id=5108, stack(0x000000691bd00000,0x000000691be00000) (1024K)]
  0x000001c7121b8000 JavaThread "Monitor Deflation Thread"   daemon [_thread_blocked, id=10844, stack(0x000000691be00000,0x000000691bf00000) (1024K)]
=>0x000001c7121bae40 JavaThread "C2 CompilerThread0"         daemon [_thread_in_native, id=10892, stack(0x000000691bf00000,0x000000691c000000) (1024K)]
  0x000001c7121ef860 JavaThread "C1 CompilerThread0"         daemon [_thread_blocked, id=17244, stack(0x000000691c000000,0x000000691c100000) (1024K)]
  0x000001c713b2dfc0 JavaThread "Common-Cleaner"             daemon [_thread_blocked, id=9012, stack(0x000000691c100000,0x000000691c200000) (1024K)]
  0x000001c713c9fea0 JavaThread "Notification Thread"        daemon [_thread_blocked, id=8264, stack(0x000000691c200000,0x000000691c300000) (1024K)]
  0x000001c7188180b0 JavaThread "Active Thread: Equinox Container: 3568bfb1-1960-4f07-9ccd-37632620aec0"        [_thread_blocked, id=5328, stack(0x000000691c900000,0x000000691ca00000) (1024K)]
  0x000001c71830ecf0 JavaThread "Refresh Thread: Equinox Container: 3568bfb1-1960-4f07-9ccd-37632620aec0" daemon [_thread_blocked, id=16064, stack(0x000000691cb00000,0x000000691cc00000) (1024K)]
  0x000001c71833cb00 JavaThread "Framework Event Dispatcher: Equinox Container: 3568bfb1-1960-4f07-9ccd-37632620aec0" daemon [_thread_blocked, id=13672, stack(0x000000691cc00000,0x000000691cd00000) (1024K)]
  0x000001c71879fdf0 JavaThread "Start Level: Equinox Container: 3568bfb1-1960-4f07-9ccd-37632620aec0" daemon [_thread_blocked, id=13892, stack(0x000000691cd00000,0x000000691ce00000) (1024K)]
  0x000001c718c76730 JavaThread "Bundle File Closer"         daemon [_thread_blocked, id=16584, stack(0x000000691ce00000,0x000000691cf00000) (1024K)]
  0x000001c713aba410 JavaThread "SCR Component Actor"        daemon [_thread_blocked, id=10644, stack(0x000000691cf00000,0x000000691d000000) (1024K)]
  0x000001c713aa52a0 JavaThread "Worker-JM"                         [_thread_blocked, id=4208, stack(0x000000691d100000,0x000000691d200000) (1024K)]
  0x000001c713aa31d0 JavaThread "JNA Cleaner"                daemon [_thread_blocked, id=4036, stack(0x000000691d200000,0x000000691d300000) (1024K)]
  0x000001c713aa4c10 JavaThread "Worker-0"                          [_thread_blocked, id=3772, stack(0x000000691d300000,0x000000691d400000) (1024K)]
  0x000001c713aa3ef0 JavaThread "Java indexing"              daemon [_thread_blocked, id=16892, stack(0x000000691d800000,0x000000691d900000) (1024K)]
  0x000001c713aa4580 JavaThread "Worker-4"                          [_thread_blocked, id=4748, stack(0x000000691d900000,0x000000691da00000) (1024K)]
  0x000001c719d6b0e0 JavaThread "Thread-2"                   daemon [_thread_in_native, id=5232, stack(0x000000691dc00000,0x000000691dd00000) (1024K)]
  0x000001c719d6ebf0 JavaThread "Thread-3"                   daemon [_thread_in_native, id=14908, stack(0x000000691dd00000,0x000000691de00000) (1024K)]
  0x000001c719d6aa50 JavaThread "Thread-4"                   daemon [_thread_in_native, id=11496, stack(0x000000691de00000,0x000000691df00000) (1024K)]
  0x000001c719d69010 JavaThread "Thread-5"                   daemon [_thread_in_native, id=10280, stack(0x000000691df00000,0x000000691e000000) (1024K)]
  0x000001c719d6b770 JavaThread "Thread-6"                   daemon [_thread_in_native, id=11488, stack(0x000000691e000000,0x000000691e100000) (1024K)]
  0x000001c719d6ffa0 JavaThread "Thread-7"                   daemon [_thread_in_native, id=12764, stack(0x000000691e100000,0x000000691e200000) (1024K)]
  0x000001c719d6be00 JavaThread "Thread-8"                   daemon [_thread_in_native, id=11632, stack(0x000000691e200000,0x000000691e300000) (1024K)]
  0x000001c719d6c490 JavaThread "Thread-9"                   daemon [_thread_in_native, id=12980, stack(0x000000691e300000,0x000000691e400000) (1024K)]
  0x000001c719d6cb20 JavaThread "Thread-10"                  daemon [_thread_in_native, id=12108, stack(0x000000691e400000,0x000000691e500000) (1024K)]
  0x000001c719d6d1b0 JavaThread "pool-2-thread-1"                   [_thread_blocked, id=2740, stack(0x000000691e600000,0x000000691e700000) (1024K)]
  0x000001c719d6d840 JavaThread "WorkspaceEventsHandler"            [_thread_blocked, id=9160, stack(0x000000691e700000,0x000000691e800000) (1024K)]
  0x000001c719d6ded0 JavaThread "pool-1-thread-1"                   [_thread_blocked, id=10560, stack(0x000000691e800000,0x000000691e900000) (1024K)]
  0x000001c71c4798d0 JavaThread "Java Debug Server"          daemon [_thread_in_native, id=10508, stack(0x000000691ef00000,0x000000691f000000) (1024K)]
  0x000001c71c479f60 JavaThread "Cleaner-0"                  daemon [_thread_blocked, id=18144, stack(0x000000691fe00000,0x000000691ff00000) (1024K)]
  0x000001c71c47b310 JavaThread "RxSchedulerPurge-1"         daemon [_thread_blocked, id=5044, stack(0x000000691ff00000,0x0000006920000000) (1024K)]
  0x000001c71c47ac80 JavaThread "RxCachedWorkerPoolEvictor-1" daemon [_thread_blocked, id=16020, stack(0x0000006920000000,0x0000006920100000) (1024K)]
  0x000001c71c47a5f0 JavaThread "ForkJoinPool.commonPool-worker-13" daemon [_thread_in_Java, id=19460, stack(0x000000691b200000,0x000000691b300000) (1024K)]
  0x000001c71c47c030 JavaThread "ForkJoinPool.commonPool-worker-14" daemon [_thread_blocked, id=16528, stack(0x000000691b300000,0x000000691b400000) (1024K)]
  0x000001c71c47b9a0 JavaThread "ForkJoinPool.commonPool-worker-15" daemon [_thread_blocked, id=1368, stack(0x000000691b400000,0x000000691b500000) (1024K)]
Total: 41

Other Threads:
  0x000001c7121a2880 VMThread "VM Thread"                           [id=16804, stack(0x000000691b800000,0x000000691b900000) (1024K)]
  0x000001c6bcd3ce60 WatcherThread "VM Periodic Task Thread"        [id=15676, stack(0x000000691b700000,0x000000691b800000) (1024K)]
  0x000001c6bccf0570 WorkerThread "GC Thread#0"                     [id=12220, stack(0x000000691b600000,0x000000691b700000) (1024K)]
  0x000001c7184a4010 WorkerThread "GC Thread#1"                     [id=9940, stack(0x000000691c300000,0x000000691c400000) (1024K)]
  0x000001c7182fd250 WorkerThread "GC Thread#2"                     [id=6580, stack(0x000000691c400000,0x000000691c500000) (1024K)]
  0x000001c7182fd5f0 WorkerThread "GC Thread#3"                     [id=12940, stack(0x000000691c500000,0x000000691c600000) (1024K)]
  0x000001c7182fd990 WorkerThread "GC Thread#4"                     [id=11736, stack(0x000000691c600000,0x000000691c700000) (1024K)]
  0x000001c7182fdd30 WorkerThread "GC Thread#5"                     [id=12644, stack(0x000000691c700000,0x000000691c800000) (1024K)]
  0x000001c7184a22e0 WorkerThread "GC Thread#6"                     [id=15880, stack(0x000000691c800000,0x000000691c900000) (1024K)]
  0x000001c718341640 WorkerThread "GC Thread#7"                     [id=5528, stack(0x000000691ca00000,0x000000691cb00000) (1024K)]
Total: 10

Threads with active compile tasks:
C2 CompilerThread0  1142286 14610 %     4       org.eclipse.jdt.internal.compiler.classfmt.ModuleInfo::readModuleAttribute @ 357 (1166 bytes)
Total: 1

VM state: not at safepoint (normal execution)

VM Mutex/Monitor currently owned by a thread: None

Heap address: 0x00000000c0000000, size: 1024 MB, Compressed Oops mode: 32-bit

CDS archive(s) mapped at: [0x000001c6d1000000-0x000001c6d1ba0000-0x000001c6d1ba0000), size 12189696, SharedBaseAddress: 0x000001c6d1000000, ArchiveRelocationMode: 1.
Compressed class space mapped at: 0x000001c6d2000000-0x000001c712000000, reserved size: 1073741824
Narrow klass base: 0x000001c6d1000000, Narrow klass shift: 0, Narrow klass range: 0x100000000

GC Precious Log:
 CardTable entry size: 512
 CPUs: 8 total, 8 available
 Memory: 7886M
 Large Page Support: Disabled
 NUMA Support: Disabled
 Compressed Oops: Enabled (32-bit)
 Alignments: Space 512K, Generation 512K, Heap 2M
 Heap Min Capacity: 100M
 Heap Initial Capacity: 100M
 Heap Max Capacity: 1G
 Pre-touch: Disabled
 Parallel Workers: 8

Heap:
 PSYoungGen      total 27136K, used 10167K [0x00000000eab00000, 0x00000000ece00000, 0x0000000100000000)
  eden space 22528K, 40% used [0x00000000eab00000,0x00000000eb3ef690,0x00000000ec100000)
  from space 4608K, 22% used [0x00000000ec600000,0x00000000ec6fe940,0x00000000eca80000)
  to   space 2048K, 0% used [0x00000000ecc00000,0x00000000ecc00000,0x00000000ece00000)
 ParOldGen       total 457728K, used 457663K [0x00000000c0000000, 0x00000000dbf00000, 0x00000000eab00000)
  object space 457728K, 99% used [0x00000000c0000000,0x00000000dbeefef8,0x00000000dbf00000)
 Metaspace       used 78833K, committed 80576K, reserved 1179648K
  class space    used 8236K, committed 8960K, reserved 1048576K

Card table byte_map: [0x000001c6bc6a0000,0x000001c6bc8b0000] _byte_map_base: 0x000001c6bc0a0000

Marking Bits: (ParMarkBitMap*) 0x00007ff900bb31f0
 Begin Bits: [0x000001c6ceed0000, 0x000001c6cfed0000)
 End Bits:   [0x000001c6cfed0000, 0x000001c6d0ed0000)

Polling page: 0x000001c6bad70000

Metaspace:

Usage:
  Non-class:     68.94 MB used.
      Class:      8.04 MB used.
       Both:     76.99 MB used.

Virtual space:
  Non-class space:      128.00 MB reserved,      69.94 MB ( 55%) committed,  2 nodes.
      Class space:        1.00 GB reserved,       8.75 MB ( <1%) committed,  1 nodes.
             Both:        1.12 GB reserved,      78.69 MB (  7%) committed. 

Chunk freelists:
   Non-Class:  9.88 MB
       Class:  7.26 MB
        Both:  17.14 MB

MaxMetaspaceSize: unlimited
CompressedClassSpaceSize: 1.00 GB
Initial GC threshold: 21.00 MB
Current GC threshold: 113.88 MB
CDS: on
 - commit_granule_bytes: 65536.
 - commit_granule_words: 8192.
 - virtual_space_node_default_size: 8388608.
 - enlarge_chunks_in_place: 1.
 - use_allocation_guard: 0.


Internal statistics:

num_allocs_failed_limit: 9.
num_arena_births: 1456.
num_arena_deaths: 18.
num_vsnodes_births: 3.
num_vsnodes_deaths: 0.
num_space_committed: 1259.
num_space_uncommitted: 0.
num_chunks_returned_to_freelist: 29.
num_chunks_taken_from_freelist: 5142.
num_chunk_merges: 12.
num_chunk_splits: 3119.
num_chunks_enlarged: 1710.
num_inconsistent_stats: 0.

CodeHeap 'non-profiled nmethods': size=120000Kb used=12150Kb max_used=12150Kb free=107850Kb
 bounds [0x000001c6c79a0000, 0x000001c6c8580000, 0x000001c6ceed0000]
CodeHeap 'profiled nmethods': size=120000Kb used=28898Kb max_used=28898Kb free=91101Kb
 bounds [0x000001c6bfed0000, 0x000001c6c1b10000, 0x000001c6c7400000]
CodeHeap 'non-nmethods': size=5760Kb used=1522Kb max_used=1582Kb free=4238Kb
 bounds [0x000001c6c7400000, 0x000001c6c7670000, 0x000001c6c79a0000]
 total_blobs=13378 nmethods=12539 adapters=743
 compilation: enabled
              stopped_count=0, restarted_count=0
 full_count=0

Compilation events (20 events):
Event: 1122.666 Thread 0x000001c7121bae40 nmethod 14602 0x000001c6c857d110 code [0x000001c6c857d2a0, 0x000001c6c857d328]
Event: 1141.720 Thread 0x000001c7121ef860 14603       3       org.eclipse.core.internal.localstore.FileStoreRoot::getManager (85 bytes)
Event: 1141.768 Thread 0x000001c7121ef860 nmethod 14603 0x000001c6c1b01690 code [0x000001c6c1b01a60, 0x000001c6c1b03690]
Event: 1141.812 Thread 0x000001c7121ef860 14604       3       com.google.gson.internal.ConstructorConstructor$$Lambda/0x000001c6d251f888::construct (8 bytes)
Event: 1141.814 Thread 0x000001c7121ef860 nmethod 14604 0x000001c6c1b04010 code [0x000001c6c1b041c0, 0x000001c6c1b042f8]
Event: 1141.815 Thread 0x000001c7121ef860 14606   !   3       com.google.gson.internal.bind.ReflectiveTypeAdapterFactory$Adapter::read (115 bytes)
Event: 1141.826 Thread 0x000001c7121ef860 nmethod 14606 0x000001c6c1b04390 code [0x000001c6c1b04660, 0x000001c6c1b054c8]
Event: 1141.826 Thread 0x000001c7121ef860 14608   !   3       org.eclipse.core.internal.resources.RegexFileInfoMatcher::initialize (44 bytes)
Event: 1141.832 Thread 0x000001c7121ef860 nmethod 14608 0x000001c6c1b05910 code [0x000001c6c1b05b20, 0x000001c6c1b06150]
Event: 1141.832 Thread 0x000001c7121ef860 14605   !   3       com.google.gson.internal.ConstructorConstructor::lambda$newDefaultConstructor$9 (94 bytes)
Event: 1141.848 Thread 0x000001c7121ef860 nmethod 14605 0x000001c6c1b06390 code [0x000001c6c1b067c0, 0x000001c6c1b07ff8]
Event: 1141.848 Thread 0x000001c7121ef860 14607       3       java.util.concurrent.CompletableFuture::completeValue (20 bytes)
Event: 1141.860 Thread 0x000001c7121ef860 nmethod 14607 0x000001c6c1b08a90 code [0x000001c6c1b08d00, 0x000001c6c1b096c8]
Event: 1141.914 Thread 0x000001c7121bae40 14609       4       org.eclipse.core.internal.resources.Resource::checkExists (38 bytes)
Event: 1141.921 Thread 0x000001c7121bae40 nmethod 14609 0x000001c6c857d410 code [0x000001c6c857d5a0, 0x000001c6c857d6b8]
Event: 1141.998 Thread 0x000001c7121bae40 14610 %     4       org.eclipse.jdt.internal.compiler.classfmt.ModuleInfo::readModuleAttribute @ 357 (1166 bytes)
Event: 1142.003 Thread 0x000001c7121ef860 14611       3       org.eclipse.jdt.internal.core.CompilationUnit::resource (37 bytes)
Event: 1142.012 Thread 0x000001c7121ef860 nmethod 14611 0x000001c6c1b09a10 code [0x000001c6c1b09c40, 0x000001c6c1b0a660]
Event: 1142.055 Thread 0x000001c7121ef860 14614       3       org.eclipse.jdt.internal.compiler.parser.Scanner::<init> (476 bytes)
Event: 1142.084 Thread 0x000001c7121ef860 nmethod 14614 0x000001c6c1b0a990 code [0x000001c6c1b0ac00, 0x000001c6c1b0bd40]

GC Heap History (20 events):
Event: 200.872 GC heap before
{Heap before GC invocations=1913 (full 4):
 PSYoungGen      total 29696K, used 29632K [0x00000000eab00000, 0x00000000ec980000, 0x0000000100000000)
  eden space 29184K, 100% used [0x00000000eab00000,0x00000000ec780000,0x00000000ec780000)
  from space 512K, 87% used [0x00000000ec880000,0x00000000ec8f0000,0x00000000ec900000)
  to   space 512K, 0% used [0x00000000ec900000,0x00000000ec900000,0x00000000ec980000)
 ParOldGen       total 441856K, used 441553K [0x00000000c0000000, 0x00000000daf80000, 0x00000000eab00000)
  object space 441856K, 99% used [0x00000000c0000000,0x00000000daf34418,0x00000000daf80000)
 Metaspace       used 72246K, committed 73856K, reserved 1179648K
  class space    used 7480K, committed 8192K, reserved 1048576K
}
Event: 200.876 GC heap after
{Heap after GC invocations=1913 (full 4):
 PSYoungGen      total 29184K, used 448K [0x00000000eab00000, 0x00000000ec980000, 0x0000000100000000)
  eden space 28672K, 0% used [0x00000000eab00000,0x00000000eab00000,0x00000000ec700000)
  from space 512K, 87% used [0x00000000ec900000,0x00000000ec970000,0x00000000ec980000)
  to   space 512K, 0% used [0x00000000ec880000,0x00000000ec880000,0x00000000ec900000)
 ParOldGen       total 441856K, used 441713K [0x00000000c0000000, 0x00000000daf80000, 0x00000000eab00000)
  object space 441856K, 99% used [0x00000000c0000000,0x00000000daf5c418,0x00000000daf80000)
 Metaspace       used 72246K, committed 73856K, reserved 1179648K
  class space    used 7480K, committed 8192K, reserved 1048576K
}
Event: 201.021 GC heap before
{Heap before GC invocations=1914 (full 4):
 PSYoungGen      total 29184K, used 29120K [0x00000000eab00000, 0x00000000ec980000, 0x0000000100000000)
  eden space 28672K, 100% used [0x00000000eab00000,0x00000000ec700000,0x00000000ec700000)
  from space 512K, 87% used [0x00000000ec900000,0x00000000ec970000,0x00000000ec980000)
  to   space 512K, 0% used [0x00000000ec880000,0x00000000ec880000,0x00000000ec900000)
 ParOldGen       total 441856K, used 441713K [0x00000000c0000000, 0x00000000daf80000, 0x00000000eab00000)
  object space 441856K, 99% used [0x00000000c0000000,0x00000000daf5c418,0x00000000daf80000)
 Metaspace       used 72246K, committed 73856K, reserved 1179648K
  class space    used 7480K, committed 8192K, reserved 1048576K
}
Event: 201.027 GC heap after
{Heap after GC invocations=1914 (full 4):
 PSYoungGen      total 28672K, used 512K [0x00000000eab00000, 0x00000000ec980000, 0x0000000100000000)
  eden space 28160K, 0% used [0x00000000eab00000,0x00000000eab00000,0x00000000ec680000)
  from space 512K, 100% used [0x00000000ec880000,0x00000000ec900000,0x00000000ec900000)
  to   space 512K, 0% used [0x00000000ec900000,0x00000000ec900000,0x00000000ec980000)
 ParOldGen       total 442368K, used 442025K [0x00000000c0000000, 0x00000000db000000, 0x00000000eab00000)
  object space 442368K, 99% used [0x00000000c0000000,0x00000000dafaa418,0x00000000db000000)
 Metaspace       used 72246K, committed 73856K, reserved 1179648K
  class space    used 7480K, committed 8192K, reserved 1048576K
}
Event: 201.074 GC heap before
{Heap before GC invocations=1915 (full 4):
 PSYoungGen      total 28672K, used 28672K [0x00000000eab00000, 0x00000000ec980000, 0x0000000100000000)
  eden space 28160K, 100% used [0x00000000eab00000,0x00000000ec680000,0x00000000ec680000)
  from space 512K, 100% used [0x00000000ec880000,0x00000000ec900000,0x00000000ec900000)
  to   space 512K, 0% used [0x00000000ec900000,0x00000000ec900000,0x00000000ec980000)
 ParOldGen       total 442368K, used 442025K [0x00000000c0000000, 0x00000000db000000, 0x00000000eab00000)
  object space 442368K, 99% used [0x00000000c0000000,0x00000000dafaa418,0x00000000db000000)
 Metaspace       used 72246K, committed 73856K, reserved 1179648K
  class space    used 7480K, committed 8192K, reserved 1048576K
}
Event: 201.077 GC heap after
{Heap after GC invocations=1915 (full 4):
 PSYoungGen      total 28160K, used 448K [0x00000000eab00000, 0x00000000ec980000, 0x0000000100000000)
  eden space 27648K, 0% used [0x00000000eab00000,0x00000000eab00000,0x00000000ec600000)
  from space 512K, 87% used [0x00000000ec900000,0x00000000ec970000,0x00000000ec980000)
  to   space 1024K, 0% used [0x00000000ec780000,0x00000000ec780000,0x00000000ec880000)
 ParOldGen       total 442368K, used 442217K [0x00000000c0000000, 0x00000000db000000, 0x00000000eab00000)
  object space 442368K, 99% used [0x00000000c0000000,0x00000000dafda418,0x00000000db000000)
 Metaspace       used 72246K, committed 73856K, reserved 1179648K
  class space    used 7480K, committed 8192K, reserved 1048576K
}
Event: 202.011 GC heap before
{Heap before GC invocations=1916 (full 4):
 PSYoungGen      total 28160K, used 28096K [0x00000000eab00000, 0x00000000ec980000, 0x0000000100000000)
  eden space 27648K, 100% used [0x00000000eab00000,0x00000000ec600000,0x00000000ec600000)
  from space 512K, 87% used [0x00000000ec900000,0x00000000ec970000,0x00000000ec980000)
  to   space 1024K, 0% used [0x00000000ec780000,0x00000000ec780000,0x00000000ec880000)
 ParOldGen       total 442368K, used 442217K [0x00000000c0000000, 0x00000000db000000, 0x00000000eab00000)
  object space 442368K, 99% used [0x00000000c0000000,0x00000000dafda418,0x00000000db000000)
 Metaspace       used 72304K, committed 73920K, reserved 1179648K
  class space    used 7486K, committed 8192K, reserved 1048576K
}
Event: 202.017 GC heap after
{Heap after GC invocations=1916 (full 4):
 PSYoungGen      total 28160K, used 704K [0x00000000eab00000, 0x00000000ec980000, 0x0000000100000000)
  eden space 27136K, 0% used [0x00000000eab00000,0x00000000eab00000,0x00000000ec580000)
  from space 1024K, 68% used [0x00000000ec780000,0x00000000ec830020,0x00000000ec880000)
  to   space 1024K, 0% used [0x00000000ec880000,0x00000000ec880000,0x00000000ec980000)
 ParOldGen       total 442368K, used 442329K [0x00000000c0000000, 0x00000000db000000, 0x00000000eab00000)
  object space 442368K, 99% used [0x00000000c0000000,0x00000000daff6418,0x00000000db000000)
 Metaspace       used 72304K, committed 73920K, reserved 1179648K
  class space    used 7486K, committed 8192K, reserved 1048576K
}
Event: 203.375 GC heap before
{Heap before GC invocations=1917 (full 4):
 PSYoungGen      total 28160K, used 27840K [0x00000000eab00000, 0x00000000ec980000, 0x0000000100000000)
  eden space 27136K, 100% used [0x00000000eab00000,0x00000000ec580000,0x00000000ec580000)
  from space 1024K, 68% used [0x00000000ec780000,0x00000000ec830020,0x00000000ec880000)
  to   space 1024K, 0% used [0x00000000ec880000,0x00000000ec880000,0x00000000ec980000)
 ParOldGen       total 442368K, used 442329K [0x00000000c0000000, 0x00000000db000000, 0x00000000eab00000)
  object space 442368K, 99% used [0x00000000c0000000,0x00000000daff6418,0x00000000db000000)
 Metaspace       used 72744K, committed 74432K, reserved 1179648K
  class space    used 7557K, committed 8320K, reserved 1048576K
}
Event: 203.387 GC heap after
{Heap after GC invocations=1917 (full 4):
 PSYoungGen      total 26624K, used 992K [0x00000000eab00000, 0x00000000ece00000, 0x0000000100000000)
  eden space 25600K, 0% used [0x00000000eab00000,0x00000000eab00000,0x00000000ec400000)
  from space 1024K, 96% used [0x00000000ec880000,0x00000000ec978010,0x00000000ec980000)
  to   space 4608K, 0% used [0x00000000ec400000,0x00000000ec400000,0x00000000ec880000)
 ParOldGen       total 445440K, used 444963K [0x00000000c0000000, 0x00000000db300000, 0x00000000eab00000)
  object space 445440K, 99% used [0x00000000c0000000,0x00000000db288c18,0x00000000db300000)
 Metaspace       used 72744K, committed 74432K, reserved 1179648K
  class space    used 7557K, committed 8320K, reserved 1048576K
}
Event: 204.698 GC heap before
{Heap before GC invocations=1918 (full 4):
 PSYoungGen      total 26624K, used 26592K [0x00000000eab00000, 0x00000000ece00000, 0x0000000100000000)
  eden space 25600K, 100% used [0x00000000eab00000,0x00000000ec400000,0x00000000ec400000)
  from space 1024K, 96% used [0x00000000ec880000,0x00000000ec978010,0x00000000ec980000)
  to   space 4608K, 0% used [0x00000000ec400000,0x00000000ec400000,0x00000000ec880000)
 ParOldGen       total 445440K, used 444963K [0x00000000c0000000, 0x00000000db300000, 0x00000000eab00000)
  object space 445440K, 99% used [0x00000000c0000000,0x00000000db288c18,0x00000000db300000)
 Metaspace       used 73445K, committed 75136K, reserved 1179648K
  class space    used 7614K, committed 8384K, reserved 1048576K
}
Event: 204.706 GC heap after
{Heap after GC invocations=1918 (full 4):
 PSYoungGen      total 27136K, used 1540K [0x00000000eab00000, 0x00000000ec900000, 0x0000000100000000)
  eden space 25088K, 0% used [0x00000000eab00000,0x00000000eab00000,0x00000000ec380000)
  from space 2048K, 75% used [0x00000000ec400000,0x00000000ec581210,0x00000000ec600000)
  to   space 2560K, 0% used [0x00000000ec680000,0x00000000ec680000,0x00000000ec900000)
 ParOldGen       total 445952K, used 445614K [0x00000000c0000000, 0x00000000db380000, 0x00000000eab00000)
  object space 445952K, 99% used [0x00000000c0000000,0x00000000db32bb48,0x00000000db380000)
 Metaspace       used 73445K, committed 75136K, reserved 1179648K
  class space    used 7614K, committed 8384K, reserved 1048576K
}
Event: 205.852 GC heap before
{Heap before GC invocations=1919 (full 4):
 PSYoungGen      total 27136K, used 26628K [0x00000000eab00000, 0x00000000ec900000, 0x0000000100000000)
  eden space 25088K, 100% used [0x00000000eab00000,0x00000000ec380000,0x00000000ec380000)
  from space 2048K, 75% used [0x00000000ec400000,0x00000000ec581210,0x00000000ec600000)
  to   space 2560K, 0% used [0x00000000ec680000,0x00000000ec680000,0x00000000ec900000)
 ParOldGen       total 445952K, used 445614K [0x00000000c0000000, 0x00000000db380000, 0x00000000eab00000)
  object space 445952K, 99% used [0x00000000c0000000,0x00000000db32bb48,0x00000000db380000)
 Metaspace       used 74721K, committed 76416K, reserved 1179648K
  class space    used 7710K, committed 8448K, reserved 1048576K
}
Event: 205.858 GC heap after
{Heap after GC invocations=1919 (full 4):
 PSYoungGen      total 26624K, used 2542K [0x00000000eab00000, 0x00000000ecb00000, 0x0000000100000000)
  eden space 24064K, 0% used [0x00000000eab00000,0x00000000eab00000,0x00000000ec280000)
  from space 2560K, 99% used [0x00000000ec680000,0x00000000ec8fba90,0x00000000ec900000)
  to   space 4096K, 0% used [0x00000000ec280000,0x00000000ec280000,0x00000000ec680000)
 ParOldGen       total 446464K, used 446411K [0x00000000c0000000, 0x00000000db400000, 0x00000000eab00000)
  object space 446464K, 99% used [0x00000000c0000000,0x00000000db3f2de8,0x00000000db400000)
 Metaspace       used 74721K, committed 76416K, reserved 1179648K
  class space    used 7710K, committed 8448K, reserved 1048576K
}
Event: 206.240 GC heap before
{Heap before GC invocations=1920 (full 4):
 PSYoungGen      total 26624K, used 26606K [0x00000000eab00000, 0x00000000ecb00000, 0x0000000100000000)
  eden space 24064K, 100% used [0x00000000eab00000,0x00000000ec280000,0x00000000ec280000)
  from space 2560K, 99% used [0x00000000ec680000,0x00000000ec8fba90,0x00000000ec900000)
  to   space 4096K, 0% used [0x00000000ec280000,0x00000000ec280000,0x00000000ec680000)
 ParOldGen       total 446464K, used 446411K [0x00000000c0000000, 0x00000000db400000, 0x00000000eab00000)
  object space 446464K, 99% used [0x00000000c0000000,0x00000000db3f2de8,0x00000000db400000)
 Metaspace       used 75503K, committed 77248K, reserved 1179648K
  class space    used 7765K, committed 8512K, reserved 1048576K
}
Event: 206.250 GC heap after
{Heap after GC invocations=1920 (full 4):
 PSYoungGen      total 27648K, used 4091K [0x00000000eab00000, 0x00000000ed900000, 0x0000000100000000)
  eden space 23552K, 0% used [0x00000000eab00000,0x00000000eab00000,0x00000000ec200000)
  from space 4096K, 99% used [0x00000000ec280000,0x00000000ec67ef10,0x00000000ec680000)
  to   space 11776K, 0% used [0x00000000ecd80000,0x00000000ecd80000,0x00000000ed900000)
 ParOldGen       total 453120K, used 452625K [0x00000000c0000000, 0x00000000dba80000, 0x00000000eab00000)
  object space 453120K, 99% used [0x00000000c0000000,0x00000000dba04560,0x00000000dba80000)
 Metaspace       used 75503K, committed 77248K, reserved 1179648K
  class space    used 7765K, committed 8512K, reserved 1048576K
}
Event: 207.047 GC heap before
{Heap before GC invocations=1921 (full 4):
 PSYoungGen      total 27648K, used 27638K [0x00000000eab00000, 0x00000000ed900000, 0x0000000100000000)
  eden space 23552K, 99% used [0x00000000eab00000,0x00000000ec1feb20,0x00000000ec200000)
  from space 4096K, 99% used [0x00000000ec280000,0x00000000ec67ef10,0x00000000ec680000)
  to   space 11776K, 0% used [0x00000000ecd80000,0x00000000ecd80000,0x00000000ed900000)
 ParOldGen       total 453120K, used 452625K [0x00000000c0000000, 0x00000000dba80000, 0x00000000eab00000)
  object space 453120K, 99% used [0x00000000c0000000,0x00000000dba04560,0x00000000dba80000)
 Metaspace       used 77124K, committed 78912K, reserved 1179648K
  class space    used 8013K, committed 8768K, reserved 1048576K
}
Event: 207.054 GC heap after
{Heap after GC invocations=1921 (full 4):
 PSYoungGen      total 24576K, used 1130K [0x00000000eab00000, 0x00000000ecf00000, 0x0000000100000000)
  eden space 23040K, 0% used [0x00000000eab00000,0x00000000eab00000,0x00000000ec180000)
  from space 1536K, 73% used [0x00000000ecd80000,0x00000000ece9a910,0x00000000ecf00000)
  to   space 4608K, 0% used [0x00000000ec600000,0x00000000ec600000,0x00000000eca80000)
 ParOldGen       total 456704K, used 456701K [0x00000000c0000000, 0x00000000dbe00000, 0x00000000eab00000)
  object space 456704K, 99% used [0x00000000c0000000,0x00000000dbdff4a8,0x00000000dbe00000)
 Metaspace       used 77124K, committed 78912K, reserved 1179648K
  class space    used 8013K, committed 8768K, reserved 1048576K
}
Event: 812.619 GC heap before
{Heap before GC invocations=1922 (full 4):
 PSYoungGen      total 24576K, used 24170K [0x00000000eab00000, 0x00000000ecf00000, 0x0000000100000000)
  eden space 23040K, 100% used [0x00000000eab00000,0x00000000ec180000,0x00000000ec180000)
  from space 1536K, 73% used [0x00000000ecd80000,0x00000000ece9a910,0x00000000ecf00000)
  to   space 4608K, 0% used [0x00000000ec600000,0x00000000ec600000,0x00000000eca80000)
 ParOldGen       total 456704K, used 456701K [0x00000000c0000000, 0x00000000dbe00000, 0x00000000eab00000)
  object space 456704K, 99% used [0x00000000c0000000,0x00000000dbdff4a8,0x00000000dbe00000)
 Metaspace       used 78809K, committed 80576K, reserved 1179648K
  class space    used 8236K, committed 8960K, reserved 1048576K
}
Event: 812.983 GC heap after
{Heap after GC invocations=1922 (full 4):
 PSYoungGen      total 27136K, used 1018K [0x00000000eab00000, 0x00000000ece00000, 0x0000000100000000)
  eden space 22528K, 0% used [0x00000000eab00000,0x00000000eab00000,0x00000000ec100000)
  from space 4608K, 22% used [0x00000000ec600000,0x00000000ec6fe940,0x00000000eca80000)
  to   space 2048K, 0% used [0x00000000ecc00000,0x00000000ecc00000,0x00000000ece00000)
 ParOldGen       total 457728K, used 457663K [0x00000000c0000000, 0x00000000dbf00000, 0x00000000eab00000)
  object space 457728K, 99% used [0x00000000c0000000,0x00000000dbeefef8,0x00000000dbf00000)
 Metaspace       used 78809K, committed 80576K, reserved 1179648K
  class space    used 8236K, committed 8960K, reserved 1048576K
}

Dll operation events (12 events):
Event: 0.015 Loaded shared library c:\Users\siamt\.vscode\extensions\redhat.java-1.42.0-win32-x64\jre\21.0.7-win32-x86_64\bin\java.dll
Event: 0.231 Loaded shared library c:\Users\siamt\.vscode\extensions\redhat.java-1.42.0-win32-x64\jre\21.0.7-win32-x86_64\bin\zip.dll
Event: 0.281 Loaded shared library C:\Users\siamt\.vscode\extensions\redhat.java-1.42.0-win32-x64\jre\21.0.7-win32-x86_64\bin\instrument.dll
Event: 0.288 Loaded shared library C:\Users\siamt\.vscode\extensions\redhat.java-1.42.0-win32-x64\jre\21.0.7-win32-x86_64\bin\net.dll
Event: 0.291 Loaded shared library C:\Users\siamt\.vscode\extensions\redhat.java-1.42.0-win32-x64\jre\21.0.7-win32-x86_64\bin\nio.dll
Event: 0.297 Loaded shared library C:\Users\siamt\.vscode\extensions\redhat.java-1.42.0-win32-x64\jre\21.0.7-win32-x86_64\bin\zip.dll
Event: 0.320 Loaded shared library C:\Users\siamt\.vscode\extensions\redhat.java-1.42.0-win32-x64\jre\21.0.7-win32-x86_64\bin\jimage.dll
Event: 0.398 Loaded shared library c:\Users\siamt\.vscode\extensions\redhat.java-1.42.0-win32-x64\jre\21.0.7-win32-x86_64\bin\verify.dll
Event: 3.897 Loaded shared library C:\Users\siamt\AppData\Roaming\Code\User\globalStorage\redhat.java\1.42.0\config_win\org.eclipse.equinox.launcher\org.eclipse.equinox.launcher.win32.win32.x86_64_1.2.1300.v20250331-1702\eclipse_11911.dll
Event: 9.522 Loaded shared library C:\Users\siamt\AppData\Local\Temp\jna-109429682\jna2880070965339643719.dll
Event: 17.426 Loaded shared library C:\Users\siamt\.vscode\extensions\redhat.java-1.42.0-win32-x64\jre\21.0.7-win32-x86_64\bin\sunmscapi.dll
Event: 18.046 Loaded shared library C:\Users\siamt\.vscode\extensions\redhat.java-1.42.0-win32-x64\jre\21.0.7-win32-x86_64\bin\extnet.dll

Deoptimization events (20 events):
Event: 564.886 Thread 0x000001c719d6ded0 DEOPT PACKING pc=0x000001c6c7b56a88 sp=0x000000691e8fedb0
Event: 564.886 Thread 0x000001c719d6ded0 DEOPT UNPACKING pc=0x000001c6c7456da2 sp=0x000000691e8fed90 mode 2
Event: 701.518 Thread 0x000001c719d6ded0 Uncommon trap: trap_request=0xffffff45 fr.pc=0x000001c6c7ec5848 relative=0x0000000000000208
Event: 701.518 Thread 0x000001c719d6ded0 Uncommon trap: reason=unstable_if action=reinterpret pc=0x000001c6c7ec5848 method=java.io.BufferedOutputStream.implWrite([BII)V @ 5 c2
Event: 701.518 Thread 0x000001c719d6ded0 DEOPT PACKING pc=0x000001c6c7ec5848 sp=0x000000691e8fe940
Event: 701.519 Thread 0x000001c719d6ded0 DEOPT UNPACKING pc=0x000001c6c7456da2 sp=0x000000691e8fe8e8 mode 2
Event: 701.523 Thread 0x000001c719d6ded0 DEOPT PACKING pc=0x000001c6c1ab1d44 sp=0x000000691e8fecf0
Event: 701.523 Thread 0x000001c719d6ded0 DEOPT UNPACKING pc=0x000001c6c74578e2 sp=0x000000691e8fe1f0 mode 0
Event: 701.583 Thread 0x000001c71c47c030 DEOPT PACKING pc=0x000001c6c0880a04 sp=0x000000691b3fe4f0
Event: 701.584 Thread 0x000001c71c47c030 DEOPT UNPACKING pc=0x000001c6c74578e2 sp=0x000000691b3fd9a8 mode 0
Event: 702.731 Thread 0x000001c71c47c030 Uncommon trap: trap_request=0xffffffde fr.pc=0x000001c6c7a5b498 relative=0x0000000000000078
Event: 702.732 Thread 0x000001c71c47c030 Uncommon trap: reason=class_check action=maybe_recompile pc=0x000001c6c7a5b498 method=java.util.LinkedHashMap.afterNodeInsertion(Z)V @ 15 c2
Event: 702.732 Thread 0x000001c71c47c030 DEOPT PACKING pc=0x000001c6c7a5b498 sp=0x000000691b3fea10
Event: 702.732 Thread 0x000001c71c47c030 DEOPT UNPACKING pc=0x000001c6c7456da2 sp=0x000000691b3fe988 mode 2
Event: 812.617 Thread 0x000001c71c47b9a0 DEOPT PACKING pc=0x000001c6c138122a sp=0x000000691b2fd8c0
Event: 812.618 Thread 0x000001c71c47b9a0 DEOPT UNPACKING pc=0x000001c6c74578e2 sp=0x000000691b2fce48 mode 0
Event: 813.734 Thread 0x000001c71c47b9a0 Uncommon trap: trap_request=0xffffffde fr.pc=0x000001c6c7a5b498 relative=0x0000000000000078
Event: 813.734 Thread 0x000001c71c47b9a0 Uncommon trap: reason=class_check action=maybe_recompile pc=0x000001c6c7a5b498 method=java.util.LinkedHashMap.afterNodeInsertion(Z)V @ 15 c2
Event: 813.734 Thread 0x000001c71c47b9a0 DEOPT PACKING pc=0x000001c6c7a5b498 sp=0x000000691b2fed50
Event: 813.735 Thread 0x000001c71c47b9a0 DEOPT UNPACKING pc=0x000001c6c7456da2 sp=0x000000691b2fecc8 mode 2

Classes loaded (20 events):
Event: 209.759 Loading class java/lang/ProcessHandleImpl$ExitCompletion
Event: 209.759 Loading class java/lang/ProcessHandleImpl$ExitCompletion done
Event: 209.760 Loading class java/lang/ProcessHandleImpl$1
Event: 209.760 Loading class java/lang/ProcessHandleImpl$1 done
Event: 209.761 Loading class java/util/concurrent/CompletableFuture$UniHandle
Event: 209.761 Loading class java/util/concurrent/CompletableFuture$UniHandle done
Event: 313.554 Loading class java/util/stream/Nodes$CollectorTask$OfRef
Event: 313.557 Loading class java/util/stream/Nodes$CollectorTask
Event: 313.562 Loading class java/util/stream/Nodes$CollectorTask done
Event: 313.562 Loading class java/util/stream/Nodes$CollectorTask$OfRef done
Event: 313.564 Loading class java/util/function/LongFunction
Event: 313.564 Loading class java/util/function/LongFunction done
Event: 313.566 Loading class java/util/stream/Nodes$ConcNode
Event: 313.567 Loading class java/util/stream/Nodes$AbstractConcNode
Event: 313.568 Loading class java/util/stream/Nodes$AbstractConcNode done
Event: 313.568 Loading class java/util/stream/Nodes$ConcNode done
Event: 313.706 Loading class java/io/FileFilter
Event: 313.707 Loading class java/io/FileFilter done
Event: 313.753 Loading class java/util/CollSer
Event: 313.755 Loading class java/util/CollSer done

Classes unloaded (9 events):
Event: 13.130 Thread 0x000001c7121a2880 Unloading class 0x000001c6d21a9400 'java/lang/invoke/LambdaForm$MH+0x000001c6d21a9400'
Event: 13.130 Thread 0x000001c7121a2880 Unloading class 0x000001c6d21a9000 'java/lang/invoke/LambdaForm$MH+0x000001c6d21a9000'
Event: 13.130 Thread 0x000001c7121a2880 Unloading class 0x000001c6d21a8c00 'java/lang/invoke/LambdaForm$MH+0x000001c6d21a8c00'
Event: 13.130 Thread 0x000001c7121a2880 Unloading class 0x000001c6d21a8800 'java/lang/invoke/LambdaForm$MH+0x000001c6d21a8800'
Event: 13.130 Thread 0x000001c7121a2880 Unloading class 0x000001c6d21a8400 'java/lang/invoke/LambdaForm$BMH+0x000001c6d21a8400'
Event: 13.130 Thread 0x000001c7121a2880 Unloading class 0x000001c6d21a8000 'java/lang/invoke/LambdaForm$DMH+0x000001c6d21a8000'
Event: 13.130 Thread 0x000001c7121a2880 Unloading class 0x000001c6d21a6c00 'java/lang/invoke/LambdaForm$DMH+0x000001c6d21a6c00'
Event: 61.304 Thread 0x000001c7121a2880 Unloading class 0x000001c6d2420c00 'java/lang/invoke/LambdaForm$MH+0x000001c6d2420c00'
Event: 61.304 Thread 0x000001c7121a2880 Unloading class 0x000001c6d2420400 'java/lang/invoke/LambdaForm$DMH+0x000001c6d2420400'

Classes redefined (0 events):
No events

Internal exceptions (20 events):
Event: 204.256 Thread 0x000001c713aa4c10 Exception <a 'sun/nio/fs/WindowsException'{0x00000000eb9c2578}> (0x00000000eb9c2578) 
thrown [s\src\hotspot\share\prims\jni.cpp, line 520]
Event: 204.790 Thread 0x000001c71cab9a90 Implicit null exception at 0x000001c6c7d820fa to 0x000001c6c7d821b4
Event: 204.790 Thread 0x000001c71cab9a90 Implicit null exception at 0x000001c6c7eb06c6 to 0x000001c6c7eb3ca4
Event: 206.000 Thread 0x000001c71c47a5f0 Exception <a 'java/io/FileNotFoundException'{0x00000000eb75bce0}> (0x00000000eb75bce0) 
thrown [s\src\hotspot\share\prims\jni.cpp, line 520]
Event: 206.277 Thread 0x000001c713aa4c10 Exception <a 'java/lang/NoSuchMethodError'{0x00000000eab31108}: 'java.lang.Object java.lang.invoke.DirectMethodHandle$Holder.invokeStatic(java.lang.Object, java.lang.Object, int, java.lang.Object)'> (0x00000000eab31108) 
thrown [s\src\hotspot\share\interpreter\linkResolver.cpp, line 773]
Event: 206.591 Thread 0x000001c7196c80d0 Exception <a 'java/lang/NoSuchMethodError'{0x00000000eb747c38}: 'java.lang.Object java.lang.invoke.DirectMethodHandle$Holder.newInvokeSpecial(java.lang.Object, int, java.lang.Object, java.lang.Object, java.lang.Object)'> (0x00000000eb747c38) 
thrown [s\src\hotspot\share\interpreter\linkResolver.cpp, line 773]
Event: 207.200 Thread 0x000001c71c47a5f0 Exception <a 'java/lang/NoSuchMethodError'{0x00000000eadafa88}: 'java.lang.Object java.lang.invoke.DirectMethodHandle$Holder.invokeVirtual(java.lang.Object, java.lang.Object, java.lang.Object, java.lang.Object)'> (0x00000000eadafa88) 
thrown [s\src\hotspot\share\interpreter\linkResolver.cpp, line 773]
Event: 207.325 Thread 0x000001c71c478520 Exception <a 'java/lang/NoSuchMethodError'{0x00000000eb1b2078}: 'java.lang.Object java.lang.invoke.DirectMethodHandle$Holder.invokeStatic(java.lang.Object, long, java.lang.Object, java.lang.Object)'> (0x00000000eb1b2078) 
thrown [s\src\hotspot\share\interpreter\linkResolver.cpp, line 773]
Event: 207.390 Thread 0x000001c71c478520 Exception <a 'sun/nio/fs/WindowsException'{0x00000000eb2709f8}> (0x00000000eb2709f8) 
thrown [s\src\hotspot\share\prims\jni.cpp, line 520]
Event: 207.390 Thread 0x000001c71c478520 Exception <a 'sun/nio/fs/WindowsException'{0x00000000eb271a38}> (0x00000000eb271a38) 
thrown [s\src\hotspot\share\prims\jni.cpp, line 520]
Event: 207.437 Thread 0x000001c71c478520 Exception <a 'java/lang/NoSuchMethodError'{0x00000000eb2efc68}: 'void java.lang.invoke.DirectMethodHandle$Holder.invokeStatic(java.lang.Object, java.lang.Object, java.lang.Object, java.lang.Object, java.lang.Object, java.lang.Object, java.lang.Object)'> (0x00000000eb2efc68) 
thrown [s\src\hotspot\share\interpreter\linkResolver.cpp, line 773]
Event: 209.366 Thread 0x000001c71c47b9a0 Exception <a 'java/lang/NoSuchMethodError'{0x00000000eb32dec0}: 'long java.lang.invoke.DelegatingMethodHandle$Holder.reinvoke_L(java.lang.Object, java.lang.Object)'> (0x00000000eb32dec0) 
thrown [s\src\hotspot\share\interpreter\linkResolver.cpp, line 773]
Event: 209.367 Thread 0x000001c71c47b9a0 Exception <a 'java/lang/NoSuchMethodError'{0x00000000eb338080}: 'void java.lang.invoke.DelegatingMethodHandle$Holder.reinvoke_L(java.lang.Object, java.lang.Object, long)'> (0x00000000eb338080) 
thrown [s\src\hotspot\share\interpreter\linkResolver.cpp, line 773]
Event: 209.762 Thread 0x000001c71c47b9a0 Exception <a 'java/lang/NoSuchMethodError'{0x00000000eb3fe358}: 'long java.lang.invoke.Invokers$Holder.invokeExact_MT(java.lang.Object, java.lang.Object, java.lang.Object)'> (0x00000000eb3fe358) 
thrown [s\src\hotspot\share\interpreter\linkResolver.cpp, line 773]
Event: 216.888 Thread 0x000001c719d6ded0 Exception <a 'java/lang/IncompatibleClassChangeError'{0x00000000eb40d518}: Found class java.lang.Object, but interface was expected> (0x00000000eb40d518) 
thrown [s\src\hotspot\share\interpreter\linkResolver.cpp, line 840]
Event: 216.894 Thread 0x000001c7196c80d0 Exception <a 'java/lang/NoSuchMethodError'{0x00000000eb42c718}: 'java.lang.Object java.lang.invoke.DirectMethodHandle$Holder.invokeStatic(java.lang.Object, int, int, java.lang.Object)'> (0x00000000eb42c718) 
thrown [s\src\hotspot\share\interpreter\linkResolver.cpp, line 773]
Event: 313.783 Thread 0x000001c713aa4c10 Exception <a 'java/lang/NoSuchMethodError'{0x00000000eb72fea0}: static Lorg/eclipse/m2e/core/internal/project/registry/MavenProjectFacade$MavenProjectConfiguration;.<clinit>()V> (0x00000000eb72fea0) 
thrown [s\src\hotspot\share\prims\jni.cpp, line 1111]
Event: 313.796 Thread 0x000001c713aa4c10 Exception <a 'java/lang/NoSuchMethodError'{0x00000000eb74b980}: static [J.<clinit>()V> (0x00000000eb74b980) 
thrown [s\src\hotspot\share\prims\jni.cpp, line 1111]
Event: 697.288 Thread 0x000001c719d6ded0 Exception <a 'java/lang/IncompatibleClassChangeError'{0x00000000eb94ece8}: Found class java.lang.Object, but interface was expected> (0x00000000eb94ece8) 
thrown [s\src\hotspot\share\interpreter\linkResolver.cpp, line 840]
Event: 701.546 Thread 0x000001c71c47b9a0 Exception <a 'java/lang/NoSuchMethodError'{0x00000000eb9ca1f0}: 'java.lang.Object java.lang.invoke.DirectMethodHandle$Holder.invokeSpecial(java.lang.Object, java.lang.Object, java.lang.Object, java.lang.Object, int, java.lang.Object, java.lang.Object)'> (0x00000000eb9ca1f0) 
thrown [s\src\hotspot\share\interpreter\linkResolver.cpp, line 773]

ZGC Phase Switch (0 events):
No events

VM Operations (20 events):
Event: 566.631 Executing VM operation: Cleanup
Event: 566.632 Executing VM operation: Cleanup done
Event: 619.168 Executing VM operation: Cleanup
Event: 619.168 Executing VM operation: Cleanup done
Event: 701.917 Executing VM operation: Cleanup
Event: 701.979 Executing VM operation: Cleanup done
Event: 702.994 Executing VM operation: Cleanup
Event: 702.995 Executing VM operation: Cleanup done
Event: 721.839 Executing VM operation: HandshakeAllThreads (HandshakeForDeflation)
Event: 721.839 Executing VM operation: HandshakeAllThreads (HandshakeForDeflation) done
Event: 721.839 Executing VM operation: RendezvousGCThreads
Event: 721.839 Executing VM operation: RendezvousGCThreads done
Event: 812.618 Executing VM operation: ParallelGCFailedAllocation (Allocation Failure)
Event: 812.983 Executing VM operation: ParallelGCFailedAllocation (Allocation Failure) done
Event: 813.983 Executing VM operation: Cleanup
Event: 813.984 Executing VM operation: Cleanup done
Event: 1011.843 Executing VM operation: Cleanup
Event: 1011.843 Executing VM operation: Cleanup done
Event: 1141.953 Executing VM operation: Cleanup
Event: 1141.953 Executing VM operation: Cleanup done

Memory protections (0 events):
No events

Nmethod flushes (20 events):
Event: 174.147 Thread 0x000001c7121a2880 flushing  nmethod 0x000001c6c12fb890
Event: 174.147 Thread 0x000001c7121a2880 flushing  nmethod 0x000001c6c1320210
Event: 174.147 Thread 0x000001c7121a2880 flushing  nmethod 0x000001c6c1325f10
Event: 174.147 Thread 0x000001c7121a2880 flushing  nmethod 0x000001c6c1326f90
Event: 174.147 Thread 0x000001c7121a2880 flushing  nmethod 0x000001c6c1327410
Event: 174.147 Thread 0x000001c7121a2880 flushing  nmethod 0x000001c6c1328d90
Event: 174.147 Thread 0x000001c7121a2880 flushing  nmethod 0x000001c6c1356210
Event: 174.147 Thread 0x000001c7121a2880 flushing  nmethod 0x000001c6c1357310
Event: 174.147 Thread 0x000001c7121a2880 flushing  nmethod 0x000001c6c1365a90
Event: 174.148 Thread 0x000001c7121a2880 flushing  nmethod 0x000001c6c1375090
Event: 174.148 Thread 0x000001c7121a2880 flushing  nmethod 0x000001c6c1375490
Event: 174.148 Thread 0x000001c7121a2880 flushing  nmethod 0x000001c6c1385610
Event: 174.148 Thread 0x000001c7121a2880 flushing  nmethod 0x000001c6c138c590
Event: 174.148 Thread 0x000001c7121a2880 flushing  nmethod 0x000001c6c13a3510
Event: 174.148 Thread 0x000001c7121a2880 flushing  nmethod 0x000001c6c13c8210
Event: 174.148 Thread 0x000001c7121a2880 flushing  nmethod 0x000001c6c13f1790
Event: 174.148 Thread 0x000001c7121a2880 flushing  nmethod 0x000001c6c1439190
Event: 174.148 Thread 0x000001c7121a2880 flushing  nmethod 0x000001c6c1439910
Event: 174.148 Thread 0x000001c7121a2880 flushing  nmethod 0x000001c6c1480f10
Event: 174.148 Thread 0x000001c7121a2880 flushing  nmethod 0x000001c6c14b1710

Events (20 events):
Event: 557.914 Thread 0x000001c7196c45c0 Thread exited: 0x000001c7196c45c0
Event: 626.504 Thread 0x000001c719d6f280 Thread exited: 0x000001c719d6f280
Event: 686.694 Thread 0x000001c713aa5930 Thread exited: 0x000001c713aa5930
Event: 693.526 Thread 0x000001c719d6ded0 Thread added: 0x000001c71c47b9a0
Event: 694.443 Thread 0x000001c71c47b9a0 Thread added: 0x000001c71c47c030
Event: 696.998 Thread 0x000001c71c47c030 Thread added: 0x000001c71c479240
Event: 701.526 Thread 0x000001c719d6ded0 Thread added: 0x000001c71c47a5f0
Event: 702.127 Thread 0x000001c7121bae40 Thread added: 0x000001c71abe00d0
Event: 702.332 Thread 0x000001c71abe00d0 Thread exited: 0x000001c71abe00d0
Event: 702.607 Thread 0x000001c7121ef860 Thread added: 0x000001c71abe29b0
Event: 702.728 Thread 0x000001c71abe29b0 Thread exited: 0x000001c71abe29b0
Event: 762.801 Thread 0x000001c71c47c030 Thread exited: 0x000001c71c47c030
Event: 885.461 Thread 0x000001c71c47b9a0 Thread exited: 0x000001c71c47b9a0
Event: 945.472 Thread 0x000001c71c47a5f0 Thread exited: 0x000001c71c47a5f0
Event: 1005.472 Thread 0x000001c71c479240 Thread exited: 0x000001c71c479240
Event: 1010.959 Thread 0x000001c719d6ded0 Thread added: 0x000001c71c479240
Event: 1071.024 Thread 0x000001c71c479240 Thread exited: 0x000001c71c479240
Event: 1141.714 Thread 0x000001c719d6ded0 Thread added: 0x000001c71c47a5f0
Event: 1141.819 Thread 0x000001c719d6ded0 Thread added: 0x000001c71c47c030
Event: 1141.831 Thread 0x000001c71c47a5f0 Thread added: 0x000001c71c47b9a0


Dynamic libraries:
0x00007ff7b2cc0000 - 0x00007ff7b2cce000 	c:\Users\siamt\.vscode\extensions\redhat.java-1.42.0-win32-x64\jre\21.0.7-win32-x86_64\bin\java.exe
0x00007ff958670000 - 0x00007ff958868000 	C:\Windows\SYSTEM32\ntdll.dll
0x00007ff957c40000 - 0x00007ff957d02000 	C:\Windows\System32\KERNEL32.DLL
0x00007ff955d10000 - 0x00007ff956006000 	C:\Windows\System32\KERNELBASE.dll
0x00007ff956430000 - 0x00007ff956530000 	C:\Windows\System32\ucrtbase.dll
0x00007ff91bd20000 - 0x00007ff91bd3e000 	c:\Users\siamt\.vscode\extensions\redhat.java-1.42.0-win32-x64\jre\21.0.7-win32-x86_64\bin\VCRUNTIME140.dll
0x00007ff920d20000 - 0x00007ff920d38000 	c:\Users\siamt\.vscode\extensions\redhat.java-1.42.0-win32-x64\jre\21.0.7-win32-x86_64\bin\jli.dll
0x00007ff93c460000 - 0x00007ff93c6fa000 	C:\Windows\WinSxS\amd64_microsoft.windows.common-controls_6595b64144ccf1df_6.0.19041.5794_none_60bcd33171f2783c\COMCTL32.dll
0x00007ff957200000 - 0x00007ff95729e000 	C:\Windows\System32\msvcrt.dll
0x00007ff957350000 - 0x00007ff95737b000 	C:\Windows\System32\GDI32.dll
0x00007ff956670000 - 0x00007ff956692000 	C:\Windows\System32\win32u.dll
0x00007ff956010000 - 0x00007ff95612a000 	C:\Windows\System32\gdi32full.dll
0x00007ff9562e0000 - 0x00007ff95637d000 	C:\Windows\System32\msvcp_win.dll
0x00007ff956ac0000 - 0x00007ff956c5d000 	C:\Windows\System32\USER32.dll
0x00007ff9585a0000 - 0x00007ff9585cf000 	C:\Windows\System32\IMM32.DLL
0x00007ff92ae30000 - 0x00007ff92ae3c000 	c:\Users\siamt\.vscode\extensions\redhat.java-1.42.0-win32-x64\jre\21.0.7-win32-x86_64\bin\vcruntime140_1.dll
0x00007ff91bc40000 - 0x00007ff91bccd000 	c:\Users\siamt\.vscode\extensions\redhat.java-1.42.0-win32-x64\jre\21.0.7-win32-x86_64\bin\msvcp140.dll
0x00007ff8fff00000 - 0x00007ff900c90000 	c:\Users\siamt\.vscode\extensions\redhat.java-1.42.0-win32-x64\jre\21.0.7-win32-x86_64\bin\server\jvm.dll
0x00007ff957b90000 - 0x00007ff957c3f000 	C:\Windows\System32\ADVAPI32.dll
0x00007ff956870000 - 0x00007ff95690f000 	C:\Windows\System32\sechost.dll
0x00007ff957640000 - 0x00007ff957763000 	C:\Windows\System32\RPCRT4.dll
0x00007ff956400000 - 0x00007ff956427000 	C:\Windows\System32\bcrypt.dll
0x00007ff956a50000 - 0x00007ff956abb000 	C:\Windows\System32\WS2_32.dll
0x00007ff9552b0000 - 0x00007ff9552fb000 	C:\Windows\SYSTEM32\POWRPROF.dll
0x00007ff94d6d0000 - 0x00007ff94d6da000 	C:\Windows\SYSTEM32\VERSION.dll
0x00007ff941600000 - 0x00007ff941627000 	C:\Windows\SYSTEM32\WINMM.dll
0x00007ff955110000 - 0x00007ff955122000 	C:\Windows\SYSTEM32\UMPDC.dll
0x00007ff9544f0000 - 0x00007ff954502000 	C:\Windows\SYSTEM32\kernel.appcore.dll
0x00007ff92a860000 - 0x00007ff92a86a000 	c:\Users\siamt\.vscode\extensions\redhat.java-1.42.0-win32-x64\jre\21.0.7-win32-x86_64\bin\jimage.dll
0x00007ff953900000 - 0x00007ff953b01000 	C:\Windows\SYSTEM32\DBGHELP.DLL
0x00007ff93c700000 - 0x00007ff93c734000 	C:\Windows\SYSTEM32\dbgcore.DLL
0x00007ff9565e0000 - 0x00007ff956662000 	C:\Windows\System32\bcryptPrimitives.dll
0x00007ff92a5b0000 - 0x00007ff92a5bf000 	c:\Users\siamt\.vscode\extensions\redhat.java-1.42.0-win32-x64\jre\21.0.7-win32-x86_64\bin\instrument.dll
0x00007ff91bc20000 - 0x00007ff91bc3f000 	c:\Users\siamt\.vscode\extensions\redhat.java-1.42.0-win32-x64\jre\21.0.7-win32-x86_64\bin\java.dll
0x00007ff957e30000 - 0x00007ff95859e000 	C:\Windows\System32\SHELL32.dll
0x00007ff953d30000 - 0x00007ff9544d3000 	C:\Windows\SYSTEM32\windows.storage.dll
0x00007ff957790000 - 0x00007ff957ae3000 	C:\Windows\System32\combase.dll
0x00007ff955740000 - 0x00007ff95576b000 	C:\Windows\SYSTEM32\Wldp.dll
0x00007ff957380000 - 0x00007ff95744d000 	C:\Windows\System32\OLEAUT32.dll
0x00007ff9572a0000 - 0x00007ff95734d000 	C:\Windows\System32\SHCORE.dll
0x00007ff957450000 - 0x00007ff9574a5000 	C:\Windows\System32\shlwapi.dll
0x00007ff955c40000 - 0x00007ff955c65000 	C:\Windows\SYSTEM32\profapi.dll
0x00007ff91bc00000 - 0x00007ff91bc18000 	c:\Users\siamt\.vscode\extensions\redhat.java-1.42.0-win32-x64\jre\21.0.7-win32-x86_64\bin\zip.dll
0x00007ff928000000 - 0x00007ff928010000 	C:\Users\siamt\.vscode\extensions\redhat.java-1.42.0-win32-x64\jre\21.0.7-win32-x86_64\bin\net.dll
0x00007ff9518f0000 - 0x00007ff9519fa000 	C:\Windows\SYSTEM32\WINHTTP.dll
0x00007ff9554a0000 - 0x00007ff95550c000 	C:\Windows\system32\mswsock.dll
0x00007ff91bbe0000 - 0x00007ff91bbf6000 	C:\Users\siamt\.vscode\extensions\redhat.java-1.42.0-win32-x64\jre\21.0.7-win32-x86_64\bin\nio.dll
0x00007ff925ca0000 - 0x00007ff925cb0000 	c:\Users\siamt\.vscode\extensions\redhat.java-1.42.0-win32-x64\jre\21.0.7-win32-x86_64\bin\verify.dll
0x00007ff9105c0000 - 0x00007ff910605000 	C:\Users\siamt\AppData\Roaming\Code\User\globalStorage\redhat.java\1.42.0\config_win\org.eclipse.equinox.launcher\org.eclipse.equinox.launcher.win32.win32.x86_64_1.2.1300.v20250331-1702\eclipse_11911.dll
0x00007ff956c60000 - 0x00007ff956d8b000 	C:\Windows\System32\ole32.dll
0x00007ff9556a0000 - 0x00007ff9556b8000 	C:\Windows\SYSTEM32\CRYPTSP.dll
0x00007ff954d30000 - 0x00007ff954d68000 	C:\Windows\system32\rsaenh.dll
0x00007ff955c00000 - 0x00007ff955c2e000 	C:\Windows\SYSTEM32\USERENV.dll
0x00007ff955690000 - 0x00007ff95569c000 	C:\Windows\SYSTEM32\CRYPTBASE.dll
0x00007ff955130000 - 0x00007ff95516b000 	C:\Windows\SYSTEM32\IPHLPAPI.DLL
0x00007ff957770000 - 0x00007ff957778000 	C:\Windows\System32\NSI.dll
0x00007ff949cc0000 - 0x00007ff949d09000 	C:\Users\siamt\AppData\Local\Temp\jna-109429682\jna2880070965339643719.dll
0x00007ff957af0000 - 0x00007ff957af8000 	C:\Windows\System32\PSAPI.DLL
0x00007ff94d870000 - 0x00007ff94d887000 	C:\Windows\SYSTEM32\dhcpcsvc6.DLL
0x00007ff94d710000 - 0x00007ff94d72d000 	C:\Windows\SYSTEM32\dhcpcsvc.DLL
0x00007ff936c10000 - 0x00007ff936c1e000 	C:\Users\siamt\.vscode\extensions\redhat.java-1.42.0-win32-x64\jre\21.0.7-win32-x86_64\bin\sunmscapi.dll
0x00007ff956180000 - 0x00007ff9562dd000 	C:\Windows\System32\CRYPT32.dll
0x00007ff9557b0000 - 0x00007ff9557d7000 	C:\Windows\SYSTEM32\ncrypt.dll
0x00007ff955770000 - 0x00007ff9557ab000 	C:\Windows\SYSTEM32\NTASN1.dll
0x00007ff955170000 - 0x00007ff95523a000 	C:\Windows\SYSTEM32\DNSAPI.dll
0x00007ff94d490000 - 0x00007ff94d49a000 	C:\Windows\System32\rasadhlp.dll
0x00007ff94b370000 - 0x00007ff94b3f0000 	C:\Windows\System32\fwpuclnt.dll
0x00007ff934650000 - 0x00007ff934659000 	C:\Users\siamt\.vscode\extensions\redhat.java-1.42.0-win32-x64\jre\21.0.7-win32-x86_64\bin\extnet.dll

dbghelp: loaded successfully - version: 4.0.5 - missing functions: none
symbol engine: initialized successfully - sym options: 0x614 - pdb path: .;c:\Users\siamt\.vscode\extensions\redhat.java-1.42.0-win32-x64\jre\21.0.7-win32-x86_64\bin;C:\Windows\SYSTEM32;C:\Windows\WinSxS\amd64_microsoft.windows.common-controls_6595b64144ccf1df_6.0.19041.5794_none_60bcd33171f2783c;c:\Users\siamt\.vscode\extensions\redhat.java-1.42.0-win32-x64\jre\21.0.7-win32-x86_64\bin\server;C:\Users\siamt\AppData\Roaming\Code\User\globalStorage\redhat.java\1.42.0\config_win\org.eclipse.equinox.launcher\org.eclipse.equinox.launcher.win32.win32.x86_64_1.2.1300.v20250331-1702;C:\Users\siamt\AppData\Local\Temp\jna-109429682

VM Arguments:
jvm_args: --add-modules=ALL-SYSTEM --add-opens=java.base/java.util=ALL-UNNAMED --add-opens=java.base/java.lang=ALL-UNNAMED --add-opens=java.base/sun.nio.fs=ALL-UNNAMED -Declipse.application=org.eclipse.jdt.ls.core.id1 -Dosgi.bundles.defaultStartLevel=4 -Declipse.product=org.eclipse.jdt.ls.core.product -Djava.import.generatesMetadataFilesAtProjectRoot=false -DDetectVMInstallationsJob.disabled=true -Dfile.encoding=utf8 -XX:+UseParallelGC -XX:GCTimeRatio=4 -XX:AdaptiveSizePolicyWeight=90 -Dsun.zip.disableMemoryMapping=true -Xmx1G -Xms100m -Xlog:disable -javaagent:c:\Users\siamt\.vscode\extensions\redhat.java-1.42.0-win32-x64\lombok\lombok-1.18.36.jar -XX:+HeapDumpOnOutOfMemoryError -XX:HeapDumpPath=c:\Users\siamt\AppData\Roaming\Code\User\workspaceStorage\802c16e1cf9a22aeaa6528a957e88baf\redhat.java -Daether.dependencyCollector.impl=bf 
java_command: c:\Users\siamt\.vscode\extensions\redhat.java-1.42.0-win32-x64\server\plugins\org.eclipse.equinox.launcher_1.7.0.v20250424-1814.jar -configuration c:\Users\siamt\AppData\Roaming\Code\User\globalStorage\redhat.java\1.42.0\config_win -data c:\Users\siamt\AppData\Roaming\Code\User\workspaceStorage\802c16e1cf9a22aeaa6528a957e88baf\redhat.java\jdt_ws --pipe=\\.\pipe\lsp-cb47405fc5d4d298ca570dc2f2e687f7-sock
java_class_path (initial): c:\Users\siamt\.vscode\extensions\redhat.java-1.42.0-win32-x64\server\plugins\org.eclipse.equinox.launcher_1.7.0.v20250424-1814.jar
Launcher Type: SUN_STANDARD

[Global flags]
    uintx AdaptiveSizePolicyWeight                 = 90                                        {product} {command line}
     intx CICompilerCount                          = 4                                         {product} {ergonomic}
    uintx GCTimeRatio                              = 4                                         {product} {command line}
     bool HeapDumpOnOutOfMemoryError               = true                                   {manageable} {command line}
    ccstr HeapDumpPath                             = c:\Users\siamt\AppData\Roaming\Code\User\workspaceStorage\802c16e1cf9a22aeaa6528a957e88baf\redhat.java         {manageable} {command line}
   size_t InitialHeapSize                          = 104857600                                 {product} {command line}
   size_t MaxHeapSize                              = 1073741824                                {product} {command line}
   size_t MaxNewSize                               = 357564416                                 {product} {ergonomic}
   size_t MinHeapDeltaBytes                        = 524288                                    {product} {ergonomic}
   size_t MinHeapSize                              = 104857600                                 {product} {command line}
   size_t NewSize                                  = 34603008                                  {product} {ergonomic}
    uintx NonNMethodCodeHeapSize                   = 5839372                                {pd product} {ergonomic}
    uintx NonProfiledCodeHeapSize                  = 122909434                              {pd product} {ergonomic}
   size_t OldSize                                  = 70254592                                  {product} {ergonomic}
    uintx ProfiledCodeHeapSize                     = 122909434                              {pd product} {ergonomic}
    uintx ReservedCodeCacheSize                    = 251658240                              {pd product} {ergonomic}
     bool SegmentedCodeCache                       = true                                      {product} {ergonomic}
   size_t SoftMaxHeapSize                          = 1073741824                             {manageable} {ergonomic}
     bool UseCompressedOops                        = true                           {product lp64_product} {ergonomic}
     bool UseLargePagesIndividualAllocation        = false                                  {pd product} {ergonomic}
     bool UseParallelGC                            = true                                      {product} {command line}

Logging:
Log output configuration:
 #0: stdout all=off uptime,level,tags foldmultilines=false
 #1: stderr all=off uptime,level,tags foldmultilines=false

Environment Variables:
JAVA_HOME=E:\Java\jdk-19
PATH=D:\amazon_caratto\jdk17.0.10_7\bin;D:\vmareeeeeee\bin\;C:\Program Files\Common Files\Oracle\Java\javapath;C:\Windows\system32;C:\Windows;C:\Windows\System32\Wbem;C:\Windows\System32\WindowsPowerShell\v1.0\;C:\Windows\System32\OpenSSH\;C:\TDM-GCC-32\bin;C:\MinGW\bin;E:\Java\jdk-19\bin;E:\Java\jdk-19\bin;C:\Program Files\Microsoft SQL Server\Client SDK\ODBC\170\Tools\Binn\;C:\Program Files (x86)\Microsoft SQL Server\160\Tools\Binn\;C:\Program Files\Microsoft SQL Server\160\Tools\Binn\;C:\Program Files\Microsoft SQL Server\160\DTS\Binn\;C:\Program Files (x86)\Microsoft SQL Server\150\Tools\Binn\;C:\Program Files\Microsoft SQL Server\150\Tools\Binn\;C:\Program Files\Microsoft SQL Server\150\DTS\Binn\;C:\Program Files\CodeBlocks\MinGW\bin;D:\MinGW\bin;C:\Program Files\Azure Data Studio\bin;D:\samp\php;D:\all software all type of file;D:\Git\cmd;D:\tdm\bin;E:\forth_year_lab\mathlab\bin;D:\NodeJs\;C:\ProgramData\chocolatey\bin;D:\NodeJs;C:\Users\siamt\AppData\Roaming\npm;C:\Program Files\Docker\Docker\resources\bin;D:\Office\kafka_2.13-3.9.0\bin;C:\Program Files\MongoDB\Server\8.0\bin;E:\Program File\Scripts\;E:\Program File\;C:\Users\siamt\AppData\Local\Microsoft\WindowsApps;;C:\Program Files\Azure Data Studio\bin;D:\Microsoft VS Code\bin;C:\Program Files\Azure Data Studio\bin;C:\Users\siamt\AppData\Roaming\npm;D:\modeeellsim\modelsim_ase\win32aloem
USERNAME=siamt
OS=Windows_NT
PROCESSOR_IDENTIFIER=Intel64 Family 6 Model 140 Stepping 1, GenuineIntel
TMP=C:\Users\siamt\AppData\Local\Temp
TEMP=C:\Users\siamt\AppData\Local\Temp




Periodic native trim disabled

---------------  S Y S T E M  ---------------

OS:
 Windows 10 , 64 bit Build 19041 (10.0.19041.5794)
OS uptime: 0 days 0:25 hours
Hyper-V role detected

CPU: total 8 (initial active 8) (4 cores per cpu, 2 threads per core) family 6 model 140 stepping 1 microcode 0xa4, cx8, cmov, fxsr, ht, mmx, 3dnowpref, sse, sse2, sse3, ssse3, sse4.1, sse4.2, popcnt, lzcnt, tsc, tscinvbit, avx, avx2, aes, erms, clmul, bmi1, bmi2, adx, avx512f, avx512dq, avx512cd, avx512bw, avx512vl, sha, fma, vzeroupper, avx512_vpopcntdq, avx512_vpclmulqdq, avx512_vaes, avx512_vnni, clflush, clflushopt, clwb, avx512_vbmi2, avx512_vbmi, hv, rdtscp, rdpid, fsrm, gfni, avx512_bitalg, f16c, cet_ibt, cet_ss, avx512_ifma
Processor Information for the first 8 processors :
  Max Mhz: 2419, Current Mhz: 2419, Mhz Limit: 2419

Memory: 4k page, system-wide physical 7886M (308M free)
TotalPageFile size 20995M (AvailPageFile size 1M)
current process WorkingSet (physical memory assigned to process): 76M, peak: 498M
current process commit charge ("private bytes"): 777M, peak: 956M

vm_info: OpenJDK 64-Bit Server VM (21.0.7+6-LTS) for windows-amd64 JRE (21.0.7+6-LTS), built on 2025-04-15T00:00:00Z by "admin" with MS VC++ 17.7 (VS2022)

END.
